OMNeT++ Discrete Event Simulation  (C) 1992-2025 Andras Varga, OpenSim Ltd.
Version: 6.2.0, build: 250714-83e173e93a, edition: Academic Public License -- NOT FOR COMMERCIAL USE
See the license for distribution terms and warranty disclaimer

Setting up Cmdenv...

Loading NED files from .:  0
Loading NED files from ../src:  3

Preparing for running configuration Lognormal, run #0...
Scenario: $N=50, $p=0.5, $repetition=0
Assigned runID=Lognormal-0-20260105-16:46:40-16795
Setting up network "progetto.DatabaseNetwork"...
Initializing...

Running simulation...
** Event #0   t=0   Elapsed: 5e-06s (0m 00s)  0% completed  (0% total)
     Speed:     ev/sec=0   simsec/sec=0   ev/simsec=0
     Messages:  created: 50   present: 50   in FES: 51
** Event #100533   t=10000   Elapsed: 0.031139s (0m 00s)  100% completed  (3% total)
     Speed:     ev/sec=3.22894e+06   simsec/sec=321160   ev/simsec=10.054
     Messages:  created: 75449   present: 50   in FES: 50

<!> Simulation time limit reached -- at t=10000s, event #100533

Calling finish() at end of Run #0...

Preparing for running configuration Lognormal, run #1...
Scenario: $N=50, $p=0.5, $repetition=1
Assigned runID=Lognormal-1-20260105-16:46:40-16795
Setting up network "progetto.DatabaseNetwork"...
Initializing...

Running simulation...
** Event #0   t=0   Elapsed: 1e-06s (0m 00s)  0% completed  (3% total)
     Speed:     ev/sec=0   simsec/sec=0   ev/simsec=0
     Messages:  created: 50   present: 50   in FES: 51
** Event #100317   t=10000   Elapsed: 0.029019s (0m 00s)  100% completed  (6% total)
     Speed:     ev/sec=3.45706e+06   simsec/sec=344608   ev/simsec=10.0319
     Messages:  created: 75287   present: 50   in FES: 50

<!> Simulation time limit reached -- at t=10000s, event #100317

Calling finish() at end of Run #1...

Preparing for running configuration Lognormal, run #2...
Scenario: $N=50, $p=0.5, $repetition=2
Assigned runID=Lognormal-2-20260105-16:46:40-16795
Setting up network "progetto.DatabaseNetwork"...
Initializing...

Running simulation...
** Event #0   t=0   Elapsed: 2e-06s (0m 00s)  0% completed  (6% total)
     Speed:     ev/sec=0   simsec/sec=0   ev/simsec=0
     Messages:  created: 50   present: 50   in FES: 51
** Event #100037   t=10000   Elapsed: 0.029147s (0m 00s)  100% completed  (10% total)
     Speed:     ev/sec=3.43239e+06   simsec/sec=343111   ev/simsec=10.0037
     Messages:  created: 75077   present: 50   in FES: 50

<!> Simulation time limit reached -- at t=10000s, event #100037

Calling finish() at end of Run #2...

Preparing for running configuration Lognormal, run #3...
Scenario: $N=50, $p=0.5, $repetition=3
Assigned runID=Lognormal-3-20260105-16:46:40-16795
Setting up network "progetto.DatabaseNetwork"...
Initializing...

Running simulation...
** Event #0   t=0   Elapsed: 2e-06s (0m 00s)  0% completed  (10% total)
     Speed:     ev/sec=0   simsec/sec=0   ev/simsec=0
     Messages:  created: 50   present: 50   in FES: 51
** Event #99957   t=10000   Elapsed: 0.027714s (0m 00s)  100% completed  (13% total)
     Speed:     ev/sec=3.60699e+06   simsec/sec=360846   ev/simsec=9.99593
     Messages:  created: 75017   present: 50   in FES: 50

<!> Simulation time limit reached -- at t=10000s, event #99957

Calling finish() at end of Run #3...

Preparing for running configuration Lognormal, run #4...
Scenario: $N=50, $p=0.5, $repetition=4
Assigned runID=Lognormal-4-20260105-16:46:40-16795
Setting up network "progetto.DatabaseNetwork"...
Initializing...

Running simulation...
** Event #0   t=0   Elapsed: 2e-06s (0m 00s)  0% completed  (13% total)
     Speed:     ev/sec=0   simsec/sec=0   ev/simsec=0
     Messages:  created: 50   present: 50   in FES: 51
** Event #99865   t=10000   Elapsed: 0.027667s (0m 00s)  100% completed  (16% total)
     Speed:     ev/sec=3.60967e+06   simsec/sec=361436   ev/simsec=9.98701
     Messages:  created: 74948   present: 50   in FES: 50

<!> Simulation time limit reached -- at t=10000s, event #99865

Calling finish() at end of Run #4...

Preparing for running configuration Lognormal, run #5...
Scenario: $N=50, $p=0.8, $repetition=0
Assigned runID=Lognormal-5-20260105-16:46:40-16795
Setting up network "progetto.DatabaseNetwork"...
Initializing...

Running simulation...
** Event #0   t=0   Elapsed: 2e-06s (0m 00s)  0% completed  (16% total)
     Speed:     ev/sec=0   simsec/sec=0   ev/simsec=0
     Messages:  created: 50   present: 50   in FES: 51
** Event #100533   t=10000   Elapsed: 0.027619s (0m 00s)  100% completed  (20% total)
     Speed:     ev/sec=3.64026e+06   simsec/sec=362071   ev/simsec=10.054
     Messages:  created: 75449   present: 50   in FES: 50

<!> Simulation time limit reached -- at t=10000s, event #100533

Calling finish() at end of Run #5...

Preparing for running configuration Lognormal, run #6...
Scenario: $N=50, $p=0.8, $repetition=1
Assigned runID=Lognormal-6-20260105-16:46:40-16795
Setting up network "progetto.DatabaseNetwork"...
Initializing...

Running simulation...
** Event #0   t=0   Elapsed: 1e-06s (0m 00s)  0% completed  (20% total)
     Speed:     ev/sec=0   simsec/sec=0   ev/simsec=0
     Messages:  created: 50   present: 50   in FES: 51
** Event #100317   t=10000   Elapsed: 0.027675s (0m 00s)  100% completed  (23% total)
     Speed:     ev/sec=3.62495e+06   simsec/sec=361344   ev/simsec=10.0319
     Messages:  created: 75287   present: 50   in FES: 50

<!> Simulation time limit reached -- at t=10000s, event #100317

Calling finish() at end of Run #6...

Preparing for running configuration Lognormal, run #7...
Scenario: $N=50, $p=0.8, $repetition=2
Assigned runID=Lognormal-7-20260105-16:46:40-16795
Setting up network "progetto.DatabaseNetwork"...
Initializing...

Running simulation...
** Event #0   t=0   Elapsed: 2e-06s (0m 00s)  0% completed  (23% total)
     Speed:     ev/sec=0   simsec/sec=0   ev/simsec=0
     Messages:  created: 50   present: 50   in FES: 51
** Event #100037   t=10000   Elapsed: 0.027775s (0m 00s)  100% completed  (26% total)
     Speed:     ev/sec=3.60195e+06   simsec/sec=360060   ev/simsec=10.0037
     Messages:  created: 75077   present: 50   in FES: 50

<!> Simulation time limit reached -- at t=10000s, event #100037

Calling finish() at end of Run #7...

Preparing for running configuration Lognormal, run #8...
Scenario: $N=50, $p=0.8, $repetition=3
Assigned runID=Lognormal-8-20260105-16:46:40-16795
Setting up network "progetto.DatabaseNetwork"...
Initializing...

Running simulation...
** Event #0   t=0   Elapsed: 1e-06s (0m 00s)  0% completed  (26% total)
     Speed:     ev/sec=0   simsec/sec=0   ev/simsec=0
     Messages:  created: 50   present: 50   in FES: 51
** Event #99957   t=10000   Elapsed: 0.027786s (0m 00s)  100% completed  (30% total)
     Speed:     ev/sec=3.59752e+06   simsec/sec=359898   ev/simsec=9.99593
     Messages:  created: 75017   present: 50   in FES: 50

<!> Simulation time limit reached -- at t=10000s, event #99957

Calling finish() at end of Run #8...

Preparing for running configuration Lognormal, run #9...
Scenario: $N=50, $p=0.8, $repetition=4
Assigned runID=Lognormal-9-20260105-16:46:40-16795
Setting up network "progetto.DatabaseNetwork"...
Initializing...

Running simulation...
** Event #0   t=0   Elapsed: 2e-06s (0m 00s)  0% completed  (30% total)
     Speed:     ev/sec=0   simsec/sec=0   ev/simsec=0
     Messages:  created: 50   present: 50   in FES: 51
** Event #99865   t=10000   Elapsed: 0.027482s (0m 00s)  100% completed  (33% total)
     Speed:     ev/sec=3.63397e+06   simsec/sec=363869   ev/simsec=9.98701
     Messages:  created: 74948   present: 50   in FES: 50

<!> Simulation time limit reached -- at t=10000s, event #99865

Calling finish() at end of Run #9...

Preparing for running configuration Lognormal, run #10...
Scenario: $N=100, $p=0.5, $repetition=0
Assigned runID=Lognormal-10-20260105-16:46:40-16795
Setting up network "progetto.DatabaseNetwork"...
Initializing...

Running simulation...
** Event #0   t=0   Elapsed: 2e-06s (0m 00s)  0% completed  (33% total)
     Speed:     ev/sec=0   simsec/sec=0   ev/simsec=0
     Messages:  created: 100   present: 100   in FES: 101
** Event #200395   t=10000   Elapsed: 0.05972s (0m 00s)  100% completed  (36% total)
     Speed:     ev/sec=3.35563e+06   simsec/sec=167450   ev/simsec=20.0396
     Messages:  created: 150396   present: 102   in FES: 101

<!> Simulation time limit reached -- at t=10000s, event #200395

Calling finish() at end of Run #10...
undisposed object: (omnetpp::cMessage) DatabaseNetwork.table.WriteRequest -- check module destructor

Preparing for running configuration Lognormal, run #11...
Scenario: $N=100, $p=0.5, $repetition=1
Assigned runID=Lognormal-11-20260105-16:46:40-16795
Setting up network "progetto.DatabaseNetwork"...
Initializing...

Running simulation...
** Event #0   t=0   Elapsed: 2e-06s (0m 00s)  0% completed  (36% total)
     Speed:     ev/sec=0   simsec/sec=0   ev/simsec=0
     Messages:  created: 100   present: 100   in FES: 101
** Event #200985   t=10000   Elapsed: 0.058665s (0m 00s)  100% completed  (40% total)
     Speed:     ev/sec=3.42615e+06   simsec/sec=170457   ev/simsec=20.0998
     Messages:  created: 150838   present: 100   in FES: 100

<!> Simulation time limit reached -- at t=10000s, event #200985

Calling finish() at end of Run #11...

Preparing for running configuration Lognormal, run #12...
Scenario: $N=100, $p=0.5, $repetition=2
Assigned runID=Lognormal-12-20260105-16:46:40-16795
Setting up network "progetto.DatabaseNetwork"...
Initializing...

Running simulation...
** Event #0   t=0   Elapsed: 1e-06s (0m 00s)  0% completed  (40% total)
     Speed:     ev/sec=0   simsec/sec=0   ev/simsec=0
     Messages:  created: 100   present: 100   in FES: 101
** Event #200289   t=10000   Elapsed: 0.058077s (0m 00s)  100% completed  (43% total)
     Speed:     ev/sec=3.4488e+06   simsec/sec=172186   ev/simsec=20.0294
     Messages:  created: 150316   present: 100   in FES: 100

<!> Simulation time limit reached -- at t=10000s, event #200289

Calling finish() at end of Run #12...

Preparing for running configuration Lognormal, run #13...
Scenario: $N=100, $p=0.5, $repetition=3
Assigned runID=Lognormal-13-20260105-16:46:40-16795
Setting up network "progetto.DatabaseNetwork"...
Initializing...

Running simulation...
** Event #0   t=0   Elapsed: 1e-06s (0m 00s)  0% completed  (43% total)
     Speed:     ev/sec=0   simsec/sec=0   ev/simsec=0
     Messages:  created: 100   present: 100   in FES: 101
** Event #199353   t=10000   Elapsed: 0.05767s (0m 00s)  100% completed  (46% total)
     Speed:     ev/sec=3.45691e+06   simsec/sec=173403   ev/simsec=19.9357
     Messages:  created: 149614   present: 100   in FES: 100

<!> Simulation time limit reached -- at t=10000s, event #199353

Calling finish() at end of Run #13...

Preparing for running configuration Lognormal, run #14...
Scenario: $N=100, $p=0.5, $repetition=4
Assigned runID=Lognormal-14-20260105-16:46:40-16795
Setting up network "progetto.DatabaseNetwork"...
Initializing...

Running simulation...
** Event #0   t=0   Elapsed: 2e-06s (0m 00s)  0% completed  (46% total)
     Speed:     ev/sec=0   simsec/sec=0   ev/simsec=0
     Messages:  created: 100   present: 100   in FES: 101
** Event #200457   t=10000   Elapsed: 0.05857s (0m 00s)  100% completed  (50% total)
     Speed:     ev/sec=3.4227e+06   simsec/sec=170734   ev/simsec=20.047
     Messages:  created: 150442   present: 100   in FES: 100

<!> Simulation time limit reached -- at t=10000s, event #200457

Calling finish() at end of Run #14...

Preparing for running configuration Lognormal, run #15...
Scenario: $N=100, $p=0.8, $repetition=0
Assigned runID=Lognormal-15-20260105-16:46:41-16795
Setting up network "progetto.DatabaseNetwork"...
Initializing...

Running simulation...
** Event #0   t=0   Elapsed: 2e-06s (0m 00s)  0% completed  (50% total)
     Speed:     ev/sec=0   simsec/sec=0   ev/simsec=0
     Messages:  created: 100   present: 100   in FES: 101
** Event #200395   t=10000   Elapsed: 0.057967s (0m 00s)  100% completed  (53% total)
     Speed:     ev/sec=3.45723e+06   simsec/sec=172520   ev/simsec=20.0396
     Messages:  created: 150396   present: 102   in FES: 101

<!> Simulation time limit reached -- at t=10000s, event #200395

Calling finish() at end of Run #15...
undisposed object: (omnetpp::cMessage) DatabaseNetwork.table.ReadRequest -- check module destructor

Preparing for running configuration Lognormal, run #16...
Scenario: $N=100, $p=0.8, $repetition=1
Assigned runID=Lognormal-16-20260105-16:46:41-16795
Setting up network "progetto.DatabaseNetwork"...
Initializing...

Running simulation...
** Event #0   t=0   Elapsed: 3e-06s (0m 00s)  0% completed  (53% total)
     Speed:     ev/sec=0   simsec/sec=0   ev/simsec=0
     Messages:  created: 100   present: 100   in FES: 101
** Event #200985   t=10000   Elapsed: 0.059211s (0m 00s)  100% completed  (56% total)
     Speed:     ev/sec=3.3945e+06   simsec/sec=168882   ev/simsec=20.0998
     Messages:  created: 150838   present: 100   in FES: 100

<!> Simulation time limit reached -- at t=10000s, event #200985

Calling finish() at end of Run #16...

Preparing for running configuration Lognormal, run #17...
Scenario: $N=100, $p=0.8, $repetition=2
Assigned runID=Lognormal-17-20260105-16:46:41-16795
Setting up network "progetto.DatabaseNetwork"...
Initializing...

Running simulation...
** Event #0   t=0   Elapsed: 2e-06s (0m 00s)  0% completed  (56% total)
     Speed:     ev/sec=0   simsec/sec=0   ev/simsec=0
     Messages:  created: 100   present: 100   in FES: 101
** Event #200289   t=10000   Elapsed: 0.058715s (0m 00s)  100% completed  (60% total)
     Speed:     ev/sec=3.41138e+06   simsec/sec=170318   ev/simsec=20.0294
     Messages:  created: 150316   present: 100   in FES: 100

<!> Simulation time limit reached -- at t=10000s, event #200289

Calling finish() at end of Run #17...

Preparing for running configuration Lognormal, run #18...
Scenario: $N=100, $p=0.8, $repetition=3
Assigned runID=Lognormal-18-20260105-16:46:41-16795
Setting up network "progetto.DatabaseNetwork"...
Initializing...

Running simulation...
** Event #0   t=0   Elapsed: 1e-06s (0m 00s)  0% completed  (60% total)
     Speed:     ev/sec=0   simsec/sec=0   ev/simsec=0
     Messages:  created: 100   present: 100   in FES: 101
** Event #199353   t=10000   Elapsed: 0.058545s (0m 00s)  100% completed  (63% total)
     Speed:     ev/sec=3.40524e+06   simsec/sec=170812   ev/simsec=19.9357
     Messages:  created: 149614   present: 100   in FES: 100

<!> Simulation time limit reached -- at t=10000s, event #199353

Calling finish() at end of Run #18...

Preparing for running configuration Lognormal, run #19...
Scenario: $N=100, $p=0.8, $repetition=4
Assigned runID=Lognormal-19-20260105-16:46:41-16795
Setting up network "progetto.DatabaseNetwork"...
Initializing...

Running simulation...
** Event #0   t=0   Elapsed: 2e-06s (0m 00s)  0% completed  (63% total)
     Speed:     ev/sec=0   simsec/sec=0   ev/simsec=0
     Messages:  created: 100   present: 100   in FES: 101
** Event #200457   t=10000   Elapsed: 0.058213s (0m 00s)  100% completed  (66% total)
     Speed:     ev/sec=3.44363e+06   simsec/sec=171778   ev/simsec=20.047
     Messages:  created: 150442   present: 100   in FES: 100

<!> Simulation time limit reached -- at t=10000s, event #200457

Calling finish() at end of Run #19...

Preparing for running configuration Lognormal, run #20...
Scenario: $N=200, $p=0.5, $repetition=0
Assigned runID=Lognormal-20-20260105-16:46:41-16795
Setting up network "progetto.DatabaseNetwork"...
Initializing...

Running simulation...
** Event #0   t=0   Elapsed: 1e-06s (0m 00s)  0% completed  (66% total)
     Speed:     ev/sec=0   simsec/sec=0   ev/simsec=0
     Messages:  created: 200   present: 200   in FES: 201
** Event #400261   t=10000   Elapsed: 0.133251s (0m 00s)  100% completed  (70% total)
     Speed:     ev/sec=3.00393e+06   simsec/sec=75049.1   ev/simsec=40.0261
     Messages:  created: 300396   present: 204   in FES: 202

<!> Simulation time limit reached -- at t=10000s, event #400261

Calling finish() at end of Run #20...
undisposed object: (omnetpp::cMessage) DatabaseNetwork.table.WriteRequest -- check module destructor
undisposed object: (omnetpp::cMessage) DatabaseNetwork.table.WriteRequest -- check module destructor

Preparing for running configuration Lognormal, run #21...
Scenario: $N=200, $p=0.5, $repetition=1
Assigned runID=Lognormal-21-20260105-16:46:41-16795
Setting up network "progetto.DatabaseNetwork"...
Initializing...

Running simulation...
** Event #0   t=0   Elapsed: 4e-06s (0m 00s)  0% completed  (70% total)
     Speed:     ev/sec=0   simsec/sec=0   ev/simsec=0
     Messages:  created: 200   present: 200   in FES: 201
** Event #399747   t=10000   Elapsed: 0.13499s (0m 00s)  100% completed  (73% total)
     Speed:     ev/sec=2.96144e+06   simsec/sec=74082.2   ev/simsec=39.975
     Messages:  created: 300010   present: 202   in FES: 201

<!> Simulation time limit reached -- at t=10000s, event #399747

Calling finish() at end of Run #21...
undisposed object: (omnetpp::cMessage) DatabaseNetwork.table.ReadRequest -- check module destructor

Preparing for running configuration Lognormal, run #22...
Scenario: $N=200, $p=0.5, $repetition=2
Assigned runID=Lognormal-22-20260105-16:46:42-16795
Setting up network "progetto.DatabaseNetwork"...
Initializing...

Running simulation...
** Event #0   t=0   Elapsed: 3e-06s (0m 00s)  0% completed  (73% total)
     Speed:     ev/sec=0   simsec/sec=0   ev/simsec=0
     Messages:  created: 200   present: 200   in FES: 201
** Event #400839   t=10000   Elapsed: 0.128397s (0m 00s)  100% completed  (76% total)
     Speed:     ev/sec=3.12197e+06   simsec/sec=77885.7   ev/simsec=40.084
     Messages:  created: 300829   present: 202   in FES: 201

<!> Simulation time limit reached -- at t=10000s, event #400839

Calling finish() at end of Run #22...
undisposed object: (omnetpp::cMessage) DatabaseNetwork.table.WriteRequest -- check module destructor

Preparing for running configuration Lognormal, run #23...
Scenario: $N=200, $p=0.5, $repetition=3
Assigned runID=Lognormal-23-20260105-16:46:42-16795
Setting up network "progetto.DatabaseNetwork"...
Initializing...

Running simulation...
** Event #0   t=0   Elapsed: 3e-06s (0m 00s)  0% completed  (76% total)
     Speed:     ev/sec=0   simsec/sec=0   ev/simsec=0
     Messages:  created: 200   present: 200   in FES: 201
** Event #399707   t=10000   Elapsed: 0.131636s (0m 00s)  100% completed  (80% total)
     Speed:     ev/sec=3.03655e+06   simsec/sec=75969.1   ev/simsec=39.9708
     Messages:  created: 299981   present: 206   in FES: 203

<!> Simulation time limit reached -- at t=10000s, event #399707

Calling finish() at end of Run #23...
undisposed object: (omnetpp::cMessage) DatabaseNetwork.table.WriteRequest -- check module destructor
undisposed object: (omnetpp::cMessage) DatabaseNetwork.table.WriteRequest -- check module destructor
undisposed object: (omnetpp::cMessage) DatabaseNetwork.table.WriteRequest -- check module destructor

Preparing for running configuration Lognormal, run #24...
Scenario: $N=200, $p=0.5, $repetition=4
Assigned runID=Lognormal-24-20260105-16:46:42-16795
Setting up network "progetto.DatabaseNetwork"...
Initializing...

Running simulation...
** Event #0   t=0   Elapsed: 2e-06s (0m 00s)  0% completed  (80% total)
     Speed:     ev/sec=0   simsec/sec=0   ev/simsec=0
     Messages:  created: 200   present: 200   in FES: 201
** Event #401499   t=10000   Elapsed: 0.131043s (0m 00s)  100% completed  (83% total)
     Speed:     ev/sec=3.06397e+06   simsec/sec=76312.6   ev/simsec=40.1502
     Messages:  created: 301324   present: 202   in FES: 201

<!> Simulation time limit reached -- at t=10000s, event #401499

Calling finish() at end of Run #24...
undisposed object: (omnetpp::cMessage) DatabaseNetwork.table.WriteRequest -- check module destructor

Preparing for running configuration Lognormal, run #25...
Scenario: $N=200, $p=0.8, $repetition=0
Assigned runID=Lognormal-25-20260105-16:46:42-16795
Setting up network "progetto.DatabaseNetwork"...
Initializing...

Running simulation...
** Event #0   t=0   Elapsed: 2e-06s (0m 00s)  0% completed  (83% total)
     Speed:     ev/sec=0   simsec/sec=0   ev/simsec=0
     Messages:  created: 200   present: 200   in FES: 201
** Event #400261   t=10000   Elapsed: 0.131748s (0m 00s)  100% completed  (86% total)
     Speed:     ev/sec=3.03817e+06   simsec/sec=75904.7   ev/simsec=40.0261
     Messages:  created: 300396   present: 204   in FES: 202

<!> Simulation time limit reached -- at t=10000s, event #400261

Calling finish() at end of Run #25...
undisposed object: (omnetpp::cMessage) DatabaseNetwork.table.ReadRequest -- check module destructor
undisposed object: (omnetpp::cMessage) DatabaseNetwork.table.ReadRequest -- check module destructor

Preparing for running configuration Lognormal, run #26...
Scenario: $N=200, $p=0.8, $repetition=1
Assigned runID=Lognormal-26-20260105-16:46:42-16795
Setting up network "progetto.DatabaseNetwork"...
Initializing...

Running simulation...
** Event #0   t=0   Elapsed: 3e-06s (0m 00s)  0% completed  (86% total)
     Speed:     ev/sec=0   simsec/sec=0   ev/simsec=0
     Messages:  created: 200   present: 200   in FES: 201
** Event #399747   t=10000   Elapsed: 0.130168s (0m 00s)  100% completed  (90% total)
     Speed:     ev/sec=3.0711e+06   simsec/sec=76825.5   ev/simsec=39.975
     Messages:  created: 300010   present: 202   in FES: 201

<!> Simulation time limit reached -- at t=10000s, event #399747

Calling finish() at end of Run #26...
undisposed object: (omnetpp::cMessage) DatabaseNetwork.table.ReadRequest -- check module destructor

Preparing for running configuration Lognormal, run #27...
Scenario: $N=200, $p=0.8, $repetition=2
Assigned runID=Lognormal-27-20260105-16:46:43-16795
Setting up network "progetto.DatabaseNetwork"...
Initializing...

Running simulation...
** Event #0   t=0   Elapsed: 2e-06s (0m 00s)  0% completed  (90% total)
     Speed:     ev/sec=0   simsec/sec=0   ev/simsec=0
     Messages:  created: 200   present: 200   in FES: 201
** Event #400839   t=10000   Elapsed: 0.12897s (0m 00s)  100% completed  (93% total)
     Speed:     ev/sec=3.1081e+06   simsec/sec=77539.7   ev/simsec=40.084
     Messages:  created: 300829   present: 202   in FES: 201

<!> Simulation time limit reached -- at t=10000s, event #400839

Calling finish() at end of Run #27...
undisposed object: (omnetpp::cMessage) DatabaseNetwork.table.WriteRequest -- check module destructor

Preparing for running configuration Lognormal, run #28...
Scenario: $N=200, $p=0.8, $repetition=3
Assigned runID=Lognormal-28-20260105-16:46:43-16795
Setting up network "progetto.DatabaseNetwork"...
Initializing...

Running simulation...
** Event #0   t=0   Elapsed: 2e-06s (0m 00s)  0% completed  (93% total)
     Speed:     ev/sec=0   simsec/sec=0   ev/simsec=0
     Messages:  created: 200   present: 200   in FES: 201
** Event #399707   t=10000   Elapsed: 0.128304s (0m 00s)  100% completed  (96% total)
     Speed:     ev/sec=3.11538e+06   simsec/sec=77941.5   ev/simsec=39.9708
     Messages:  created: 299981   present: 206   in FES: 203

<!> Simulation time limit reached -- at t=10000s, event #399707

Calling finish() at end of Run #28...
undisposed object: (omnetpp::cMessage) DatabaseNetwork.table.WriteRequest -- check module destructor
undisposed object: (omnetpp::cMessage) DatabaseNetwork.table.WriteRequest -- check module destructor
undisposed object: (omnetpp::cMessage) DatabaseNetwork.table.WriteRequest -- check module destructor

Preparing for running configuration Lognormal, run #29...
Scenario: $N=200, $p=0.8, $repetition=4
Assigned runID=Lognormal-29-20260105-16:46:43-16795
Setting up network "progetto.DatabaseNetwork"...
Initializing...

Running simulation...
** Event #0   t=0   Elapsed: 2e-06s (0m 00s)  0% completed  (96% total)
     Speed:     ev/sec=0   simsec/sec=0   ev/simsec=0
     Messages:  created: 200   present: 200   in FES: 201
** Event #401499   t=10000   Elapsed: 0.12786s (0m 00s)  100% completed  (100% total)
     Speed:     ev/sec=3.14022e+06   simsec/sec=78211.9   ev/simsec=40.1502
     Messages:  created: 301324   present: 202   in FES: 201

<!> Simulation time limit reached -- at t=10000s, event #401499

Calling finish() at end of Run #29...
undisposed object: (omnetpp::cMessage) DatabaseNetwork.table.WriteRequest -- check module destructor

Run statistics: total 30, successful 30

End.
