OMNeT++ Discrete Event Simulation  (C) 1992-2025 Andras Varga, OpenSim Ltd.
Version: 6.2.0, build: 250714-83e173e93a, edition: Academic Public License -- NOT FOR COMMERCIAL USE
See the license for distribution terms and warranty disclaimer

Setting up Cmdenv...

Loading NED files from ../src:  3
Loading NED files from .:  0

Preparing for running configuration Uniform, run #0...
Scenario: $N=50, $p=0.3, $repetition=0
Assigned runID=Uniform-0-20260105-17:01:01-25051
Setting up network "progetto.DatabaseNetwork"...
Initializing...

Running simulation...
** Event #0   t=0   Elapsed: 1.6e-05s (0m 00s)  0% completed  (0% total)
     Speed:     ev/sec=0   simsec/sec=0   ev/simsec=0
     Messages:  created: 50   present: 50   in FES: 51
** Event #99617   t=10000   Elapsed: 0.027907s (0m 00s)  100% completed  (0% total)
     Speed:     ev/sec=3.57063e+06   simsec/sec=358433   ev/simsec=9.96178
     Messages:  created: 74762   present: 50   in FES: 50

<!> Simulation time limit reached -- at t=10000s, event #99617

Calling finish() at end of Run #0...

Preparing for running configuration Uniform, run #1...
Scenario: $N=50, $p=0.3, $repetition=1
Assigned runID=Uniform-1-20260105-17:01:01-25051
Setting up network "progetto.DatabaseNetwork"...
Initializing...

Running simulation...
** Event #0   t=0   Elapsed: 4e-06s (0m 00s)  0% completed  (0% total)
     Speed:     ev/sec=0   simsec/sec=0   ev/simsec=0
     Messages:  created: 50   present: 50   in FES: 51
** Event #99201   t=10000   Elapsed: 0.028814s (0m 00s)  100% completed  (1% total)
     Speed:     ev/sec=3.44364e+06   simsec/sec=347110   ev/simsec=9.92091
     Messages:  created: 74450   present: 50   in FES: 50

<!> Simulation time limit reached -- at t=10000s, event #99201

Calling finish() at end of Run #1...

Preparing for running configuration Uniform, run #2...
Scenario: $N=50, $p=0.3, $repetition=2
Assigned runID=Uniform-2-20260105-17:01:01-25051
Setting up network "progetto.DatabaseNetwork"...
Initializing...

Running simulation...
** Event #0   t=0   Elapsed: 2e-06s (0m 00s)  0% completed  (1% total)
     Speed:     ev/sec=0   simsec/sec=0   ev/simsec=0
     Messages:  created: 50   present: 50   in FES: 51
** Event #100285   t=10000   Elapsed: 0.027548s (0m 00s)  100% completed  (2% total)
     Speed:     ev/sec=3.64117e+06   simsec/sec=363077   ev/simsec=10.0286
     Messages:  created: 75263   present: 50   in FES: 50

<!> Simulation time limit reached -- at t=10000s, event #100285

Calling finish() at end of Run #2...

Preparing for running configuration Uniform, run #3...
Scenario: $N=50, $p=0.3, $repetition=3
Assigned runID=Uniform-3-20260105-17:01:01-25051
Setting up network "progetto.DatabaseNetwork"...
Initializing...

Running simulation...
** Event #0   t=0   Elapsed: 2e-06s (0m 00s)  0% completed  (2% total)
     Speed:     ev/sec=0   simsec/sec=0   ev/simsec=0
     Messages:  created: 50   present: 50   in FES: 51
** Event #100435   t=10000   Elapsed: 0.026934s (0m 00s)  100% completed  (3% total)
     Speed:     ev/sec=3.72948e+06   simsec/sec=371333   ev/simsec=10.0435
     Messages:  created: 75376   present: 52   in FES: 51

<!> Simulation time limit reached -- at t=10000s, event #100435

Calling finish() at end of Run #3...
undisposed object: (omnetpp::cMessage) DatabaseNetwork.table.ReadRequest -- check module destructor

Preparing for running configuration Uniform, run #4...
Scenario: $N=50, $p=0.3, $repetition=4
Assigned runID=Uniform-4-20260105-17:01:01-25051
Setting up network "progetto.DatabaseNetwork"...
Initializing...

Running simulation...
** Event #0   t=0   Elapsed: 2e-06s (0m 00s)  0% completed  (3% total)
     Speed:     ev/sec=0   simsec/sec=0   ev/simsec=0
     Messages:  created: 50   present: 50   in FES: 51
** Event #98301   t=10000   Elapsed: 0.025826s (0m 00s)  100% completed  (4% total)
     Speed:     ev/sec=3.80643e+06   simsec/sec=387221   ev/simsec=9.83011
     Messages:  created: 73775   present: 50   in FES: 50

<!> Simulation time limit reached -- at t=10000s, event #98301

Calling finish() at end of Run #4...

Preparing for running configuration Uniform, run #5...
Scenario: $N=50, $p=0.5, $repetition=0
Assigned runID=Uniform-5-20260105-17:01:01-25051
Setting up network "progetto.DatabaseNetwork"...
Initializing...

Running simulation...
** Event #0   t=0   Elapsed: 2e-06s (0m 00s)  0% completed  (4% total)
     Speed:     ev/sec=0   simsec/sec=0   ev/simsec=0
     Messages:  created: 50   present: 50   in FES: 51
** Event #99617   t=10000   Elapsed: 0.025245s (0m 00s)  100% completed  (4% total)
     Speed:     ev/sec=3.94632e+06   simsec/sec=396146   ev/simsec=9.96178
     Messages:  created: 74762   present: 50   in FES: 50

<!> Simulation time limit reached -- at t=10000s, event #99617

Calling finish() at end of Run #5...

Preparing for running configuration Uniform, run #6...
Scenario: $N=50, $p=0.5, $repetition=1
Assigned runID=Uniform-6-20260105-17:01:01-25051
Setting up network "progetto.DatabaseNetwork"...
Initializing...

Running simulation...
** Event #0   t=0   Elapsed: 2e-06s (0m 00s)  0% completed  (4% total)
     Speed:     ev/sec=0   simsec/sec=0   ev/simsec=0
     Messages:  created: 50   present: 50   in FES: 51
** Event #99201   t=10000   Elapsed: 0.025332s (0m 00s)  100% completed  (5% total)
     Speed:     ev/sec=3.9165e+06   simsec/sec=394772   ev/simsec=9.92091
     Messages:  created: 74450   present: 50   in FES: 50

<!> Simulation time limit reached -- at t=10000s, event #99201

Calling finish() at end of Run #6...

Preparing for running configuration Uniform, run #7...
Scenario: $N=50, $p=0.5, $repetition=2
Assigned runID=Uniform-7-20260105-17:01:01-25051
Setting up network "progetto.DatabaseNetwork"...
Initializing...

Running simulation...
** Event #0   t=0   Elapsed: 2e-06s (0m 00s)  0% completed  (5% total)
     Speed:     ev/sec=0   simsec/sec=0   ev/simsec=0
     Messages:  created: 50   present: 50   in FES: 51
** Event #100285   t=10000   Elapsed: 0.025982s (0m 00s)  100% completed  (6% total)
     Speed:     ev/sec=3.86038e+06   simsec/sec=384936   ev/simsec=10.0286
     Messages:  created: 75263   present: 50   in FES: 50

<!> Simulation time limit reached -- at t=10000s, event #100285

Calling finish() at end of Run #7...

Preparing for running configuration Uniform, run #8...
Scenario: $N=50, $p=0.5, $repetition=3
Assigned runID=Uniform-8-20260105-17:01:01-25051
Setting up network "progetto.DatabaseNetwork"...
Initializing...

Running simulation...
** Event #0   t=0   Elapsed: 2e-06s (0m 00s)  0% completed  (6% total)
     Speed:     ev/sec=0   simsec/sec=0   ev/simsec=0
     Messages:  created: 50   present: 50   in FES: 51
** Event #100435   t=10000   Elapsed: 0.025579s (0m 00s)  100% completed  (7% total)
     Speed:     ev/sec=3.92662e+06   simsec/sec=390961   ev/simsec=10.0435
     Messages:  created: 75376   present: 52   in FES: 51

<!> Simulation time limit reached -- at t=10000s, event #100435

Calling finish() at end of Run #8...
undisposed object: (omnetpp::cMessage) DatabaseNetwork.table.ReadRequest -- check module destructor

Preparing for running configuration Uniform, run #9...
Scenario: $N=50, $p=0.5, $repetition=4
Assigned runID=Uniform-9-20260105-17:01:01-25051
Setting up network "progetto.DatabaseNetwork"...
Initializing...

Running simulation...
** Event #0   t=0   Elapsed: 1e-06s (0m 00s)  0% completed  (7% total)
     Speed:     ev/sec=0   simsec/sec=0   ev/simsec=0
     Messages:  created: 50   present: 50   in FES: 51
** Event #98301   t=10000   Elapsed: 0.025337s (0m 00s)  100% completed  (8% total)
     Speed:     ev/sec=3.88005e+06   simsec/sec=394711   ev/simsec=9.83011
     Messages:  created: 73775   present: 50   in FES: 50

<!> Simulation time limit reached -- at t=10000s, event #98301

Calling finish() at end of Run #9...

Preparing for running configuration Uniform, run #10...
Scenario: $N=50, $p=0.7, $repetition=0
Assigned runID=Uniform-10-20260105-17:01:01-25051
Setting up network "progetto.DatabaseNetwork"...
Initializing...

Running simulation...
** Event #0   t=0   Elapsed: 2e-06s (0m 00s)  0% completed  (8% total)
     Speed:     ev/sec=0   simsec/sec=0   ev/simsec=0
     Messages:  created: 50   present: 50   in FES: 51
** Event #99617   t=10000   Elapsed: 0.025394s (0m 00s)  100% completed  (8% total)
     Speed:     ev/sec=3.92316e+06   simsec/sec=393822   ev/simsec=9.96178
     Messages:  created: 74762   present: 50   in FES: 50

<!> Simulation time limit reached -- at t=10000s, event #99617

Calling finish() at end of Run #10...

Preparing for running configuration Uniform, run #11...
Scenario: $N=50, $p=0.7, $repetition=1
Assigned runID=Uniform-11-20260105-17:01:01-25051
Setting up network "progetto.DatabaseNetwork"...
Initializing...

Running simulation...
** Event #0   t=0   Elapsed: 2e-06s (0m 00s)  0% completed  (8% total)
     Speed:     ev/sec=0   simsec/sec=0   ev/simsec=0
     Messages:  created: 50   present: 50   in FES: 51
** Event #99201   t=10000   Elapsed: 0.026084s (0m 00s)  100% completed  (9% total)
     Speed:     ev/sec=3.80372e+06   simsec/sec=383404   ev/simsec=9.92091
     Messages:  created: 74450   present: 50   in FES: 50

<!> Simulation time limit reached -- at t=10000s, event #99201

Calling finish() at end of Run #11...

Preparing for running configuration Uniform, run #12...
Scenario: $N=50, $p=0.7, $repetition=2
Assigned runID=Uniform-12-20260105-17:01:01-25051
Setting up network "progetto.DatabaseNetwork"...
Initializing...

Running simulation...
** Event #0   t=0   Elapsed: 2e-06s (0m 00s)  0% completed  (9% total)
     Speed:     ev/sec=0   simsec/sec=0   ev/simsec=0
     Messages:  created: 50   present: 50   in FES: 51
** Event #100285   t=10000   Elapsed: 0.026208s (0m 00s)  100% completed  (10% total)
     Speed:     ev/sec=3.82709e+06   simsec/sec=381616   ev/simsec=10.0286
     Messages:  created: 75263   present: 50   in FES: 50

<!> Simulation time limit reached -- at t=10000s, event #100285

Calling finish() at end of Run #12...

Preparing for running configuration Uniform, run #13...
Scenario: $N=50, $p=0.7, $repetition=3
Assigned runID=Uniform-13-20260105-17:01:01-25051
Setting up network "progetto.DatabaseNetwork"...
Initializing...

Running simulation...
** Event #0   t=0   Elapsed: 2e-06s (0m 00s)  0% completed  (10% total)
     Speed:     ev/sec=0   simsec/sec=0   ev/simsec=0
     Messages:  created: 50   present: 50   in FES: 51
** Event #100435   t=10000   Elapsed: 0.027246s (0m 00s)  100% completed  (11% total)
     Speed:     ev/sec=3.68677e+06   simsec/sec=367080   ev/simsec=10.0435
     Messages:  created: 75376   present: 52   in FES: 51

<!> Simulation time limit reached -- at t=10000s, event #100435

Calling finish() at end of Run #13...
undisposed object: (omnetpp::cMessage) DatabaseNetwork.table.ReadRequest -- check module destructor

Preparing for running configuration Uniform, run #14...
Scenario: $N=50, $p=0.7, $repetition=4
Assigned runID=Uniform-14-20260105-17:01:01-25051
Setting up network "progetto.DatabaseNetwork"...
Initializing...

Running simulation...
** Event #0   t=0   Elapsed: 4e-06s (0m 00s)  0% completed  (11% total)
     Speed:     ev/sec=0   simsec/sec=0   ev/simsec=0
     Messages:  created: 50   present: 50   in FES: 51
** Event #98301   t=10000   Elapsed: 0.028115s (0m 00s)  100% completed  (12% total)
     Speed:     ev/sec=3.49738e+06   simsec/sec=355783   ev/simsec=9.83011
     Messages:  created: 73775   present: 50   in FES: 50

<!> Simulation time limit reached -- at t=10000s, event #98301

Calling finish() at end of Run #14...

Preparing for running configuration Uniform, run #15...
Scenario: $N=50, $p=0.8, $repetition=0
Assigned runID=Uniform-15-20260105-17:01:01-25051
Setting up network "progetto.DatabaseNetwork"...
Initializing...

Running simulation...
** Event #0   t=0   Elapsed: 3e-06s (0m 00s)  0% completed  (12% total)
     Speed:     ev/sec=0   simsec/sec=0   ev/simsec=0
     Messages:  created: 50   present: 50   in FES: 51
** Event #99617   t=10000   Elapsed: 0.027824s (0m 00s)  100% completed  (12% total)
     Speed:     ev/sec=3.58116e+06   simsec/sec=359489   ev/simsec=9.96178
     Messages:  created: 74762   present: 50   in FES: 50

<!> Simulation time limit reached -- at t=10000s, event #99617

Calling finish() at end of Run #15...

Preparing for running configuration Uniform, run #16...
Scenario: $N=50, $p=0.8, $repetition=1
Assigned runID=Uniform-16-20260105-17:01:01-25051
Setting up network "progetto.DatabaseNetwork"...
Initializing...

Running simulation...
** Event #0   t=0   Elapsed: 4e-06s (0m 00s)  0% completed  (12% total)
     Speed:     ev/sec=0   simsec/sec=0   ev/simsec=0
     Messages:  created: 50   present: 50   in FES: 51
** Event #99201   t=10000   Elapsed: 0.027096s (0m 00s)  100% completed  (13% total)
     Speed:     ev/sec=3.66204e+06   simsec/sec=369124   ev/simsec=9.92091
     Messages:  created: 74450   present: 50   in FES: 50

<!> Simulation time limit reached -- at t=10000s, event #99201

Calling finish() at end of Run #16...

Preparing for running configuration Uniform, run #17...
Scenario: $N=50, $p=0.8, $repetition=2
Assigned runID=Uniform-17-20260105-17:01:01-25051
Setting up network "progetto.DatabaseNetwork"...
Initializing...

Running simulation...
** Event #0   t=0   Elapsed: 3e-06s (0m 00s)  0% completed  (13% total)
     Speed:     ev/sec=0   simsec/sec=0   ev/simsec=0
     Messages:  created: 50   present: 50   in FES: 51
** Event #100285   t=10000   Elapsed: 0.026236s (0m 00s)  100% completed  (14% total)
     Speed:     ev/sec=3.823e+06   simsec/sec=381209   ev/simsec=10.0286
     Messages:  created: 75263   present: 50   in FES: 50

<!> Simulation time limit reached -- at t=10000s, event #100285

Calling finish() at end of Run #17...

Preparing for running configuration Uniform, run #18...
Scenario: $N=50, $p=0.8, $repetition=3
Assigned runID=Uniform-18-20260105-17:01:01-25051
Setting up network "progetto.DatabaseNetwork"...
Initializing...

Running simulation...
** Event #0   t=0   Elapsed: 3e-06s (0m 00s)  0% completed  (14% total)
     Speed:     ev/sec=0   simsec/sec=0   ev/simsec=0
     Messages:  created: 50   present: 50   in FES: 51
** Event #100435   t=10000   Elapsed: 0.026238s (0m 00s)  100% completed  (15% total)
     Speed:     ev/sec=3.82828e+06   simsec/sec=381170   ev/simsec=10.0435
     Messages:  created: 75376   present: 52   in FES: 51

<!> Simulation time limit reached -- at t=10000s, event #100435

Calling finish() at end of Run #18...
undisposed object: (omnetpp::cMessage) DatabaseNetwork.table.ReadRequest -- check module destructor

Preparing for running configuration Uniform, run #19...
Scenario: $N=50, $p=0.8, $repetition=4
Assigned runID=Uniform-19-20260105-17:01:02-25051
Setting up network "progetto.DatabaseNetwork"...
Initializing...

Running simulation...
** Event #0   t=0   Elapsed: 3e-06s (0m 00s)  0% completed  (15% total)
     Speed:     ev/sec=0   simsec/sec=0   ev/simsec=0
     Messages:  created: 50   present: 50   in FES: 51
** Event #98301   t=10000   Elapsed: 0.025093s (0m 00s)  100% completed  (16% total)
     Speed:     ev/sec=3.91794e+06   simsec/sec=398565   ev/simsec=9.83011
     Messages:  created: 73775   present: 50   in FES: 50

<!> Simulation time limit reached -- at t=10000s, event #98301

Calling finish() at end of Run #19...

Preparing for running configuration Uniform, run #20...
Scenario: $N=50, $p=0.9, $repetition=0
Assigned runID=Uniform-20-20260105-17:01:02-25051
Setting up network "progetto.DatabaseNetwork"...
Initializing...

Running simulation...
** Event #0   t=0   Elapsed: 2e-06s (0m 00s)  0% completed  (16% total)
     Speed:     ev/sec=0   simsec/sec=0   ev/simsec=0
     Messages:  created: 50   present: 50   in FES: 51
** Event #99617   t=10000   Elapsed: 0.025774s (0m 00s)  100% completed  (16% total)
     Speed:     ev/sec=3.86547e+06   simsec/sec=388030   ev/simsec=9.96178
     Messages:  created: 74762   present: 50   in FES: 50

<!> Simulation time limit reached -- at t=10000s, event #99617

Calling finish() at end of Run #20...

Preparing for running configuration Uniform, run #21...
Scenario: $N=50, $p=0.9, $repetition=1
Assigned runID=Uniform-21-20260105-17:01:02-25051
Setting up network "progetto.DatabaseNetwork"...
Initializing...

Running simulation...
** Event #0   t=0   Elapsed: 2e-06s (0m 00s)  0% completed  (16% total)
     Speed:     ev/sec=0   simsec/sec=0   ev/simsec=0
     Messages:  created: 50   present: 50   in FES: 51
** Event #99201   t=10000   Elapsed: 0.025478s (0m 00s)  100% completed  (17% total)
     Speed:     ev/sec=3.8939e+06   simsec/sec=392494   ev/simsec=9.92091
     Messages:  created: 74450   present: 50   in FES: 50

<!> Simulation time limit reached -- at t=10000s, event #99201

Calling finish() at end of Run #21...

Preparing for running configuration Uniform, run #22...
Scenario: $N=50, $p=0.9, $repetition=2
Assigned runID=Uniform-22-20260105-17:01:02-25051
Setting up network "progetto.DatabaseNetwork"...
Initializing...

Running simulation...
** Event #0   t=0   Elapsed: 2e-06s (0m 00s)  0% completed  (17% total)
     Speed:     ev/sec=0   simsec/sec=0   ev/simsec=0
     Messages:  created: 50   present: 50   in FES: 51
** Event #100285   t=10000   Elapsed: 0.025295s (0m 00s)  100% completed  (18% total)
     Speed:     ev/sec=3.96509e+06   simsec/sec=395377   ev/simsec=10.0286
     Messages:  created: 75263   present: 50   in FES: 50

<!> Simulation time limit reached -- at t=10000s, event #100285

Calling finish() at end of Run #22...

Preparing for running configuration Uniform, run #23...
Scenario: $N=50, $p=0.9, $repetition=3
Assigned runID=Uniform-23-20260105-17:01:02-25051
Setting up network "progetto.DatabaseNetwork"...
Initializing...

Running simulation...
** Event #0   t=0   Elapsed: 2e-06s (0m 00s)  0% completed  (18% total)
     Speed:     ev/sec=0   simsec/sec=0   ev/simsec=0
     Messages:  created: 50   present: 50   in FES: 51
** Event #100435   t=10000   Elapsed: 0.02545s (0m 00s)  100% completed  (19% total)
     Speed:     ev/sec=3.94683e+06   simsec/sec=392974   ev/simsec=10.0435
     Messages:  created: 75376   present: 52   in FES: 51

<!> Simulation time limit reached -- at t=10000s, event #100435

Calling finish() at end of Run #23...
undisposed object: (omnetpp::cMessage) DatabaseNetwork.table.ReadRequest -- check module destructor

Preparing for running configuration Uniform, run #24...
Scenario: $N=50, $p=0.9, $repetition=4
Assigned runID=Uniform-24-20260105-17:01:02-25051
Setting up network "progetto.DatabaseNetwork"...
Initializing...

Running simulation...
** Event #0   t=0   Elapsed: 1e-06s (0m 00s)  0% completed  (19% total)
     Speed:     ev/sec=0   simsec/sec=0   ev/simsec=0
     Messages:  created: 50   present: 50   in FES: 51
** Event #98301   t=10000   Elapsed: 0.0251s (0m 00s)  100% completed  (20% total)
     Speed:     ev/sec=3.91653e+06   simsec/sec=398422   ev/simsec=9.83011
     Messages:  created: 73775   present: 50   in FES: 50

<!> Simulation time limit reached -- at t=10000s, event #98301

Calling finish() at end of Run #24...

Preparing for running configuration Uniform, run #25...
Scenario: $N=75, $p=0.3, $repetition=0
Assigned runID=Uniform-25-20260105-17:01:02-25051
Setting up network "progetto.DatabaseNetwork"...
Initializing...

Running simulation...
** Event #0   t=0   Elapsed: 2e-06s (0m 00s)  0% completed  (20% total)
     Speed:     ev/sec=0   simsec/sec=0   ev/simsec=0
     Messages:  created: 75   present: 75   in FES: 76
** Event #150141   t=10000   Elapsed: 0.041473s (0m 00s)  100% completed  (20% total)
     Speed:     ev/sec=3.62065e+06   simsec/sec=241149   ev/simsec=15.0142
     Messages:  created: 112680   present: 75   in FES: 75

<!> Simulation time limit reached -- at t=10000s, event #150141

Calling finish() at end of Run #25...

Preparing for running configuration Uniform, run #26...
Scenario: $N=75, $p=0.3, $repetition=1
Assigned runID=Uniform-26-20260105-17:01:02-25051
Setting up network "progetto.DatabaseNetwork"...
Initializing...

Running simulation...
** Event #0   t=0   Elapsed: 3e-06s (0m 00s)  0% completed  (20% total)
     Speed:     ev/sec=0   simsec/sec=0   ev/simsec=0
     Messages:  created: 75   present: 75   in FES: 76
** Event #149231   t=10000   Elapsed: 0.040831s (0m 00s)  100% completed  (21% total)
     Speed:     ev/sec=3.6552e+06   simsec/sec=244935   ev/simsec=14.9232
     Messages:  created: 111998   present: 77   in FES: 76

<!> Simulation time limit reached -- at t=10000s, event #149231

Calling finish() at end of Run #26...
undisposed object: (omnetpp::cMessage) DatabaseNetwork.table.WriteRequest -- check module destructor

Preparing for running configuration Uniform, run #27...
Scenario: $N=75, $p=0.3, $repetition=2
Assigned runID=Uniform-27-20260105-17:01:02-25051
Setting up network "progetto.DatabaseNetwork"...
Initializing...

Running simulation...
** Event #0   t=0   Elapsed: 3e-06s (0m 00s)  0% completed  (21% total)
     Speed:     ev/sec=0   simsec/sec=0   ev/simsec=0
     Messages:  created: 75   present: 75   in FES: 76
** Event #150073   t=10000   Elapsed: 0.041005s (0m 00s)  100% completed  (22% total)
     Speed:     ev/sec=3.66032e+06   simsec/sec=243902   ev/simsec=15.0073
     Messages:  created: 112629   present: 75   in FES: 75

<!> Simulation time limit reached -- at t=10000s, event #150073

Calling finish() at end of Run #27...

Preparing for running configuration Uniform, run #28...
Scenario: $N=75, $p=0.3, $repetition=3
Assigned runID=Uniform-28-20260105-17:01:02-25051
Setting up network "progetto.DatabaseNetwork"...
Initializing...

Running simulation...
** Event #0   t=0   Elapsed: 2e-06s (0m 00s)  0% completed  (22% total)
     Speed:     ev/sec=0   simsec/sec=0   ev/simsec=0
     Messages:  created: 75   present: 75   in FES: 76
** Event #149713   t=10000   Elapsed: 0.041081s (0m 00s)  100% completed  (23% total)
     Speed:     ev/sec=3.64478e+06   simsec/sec=243437   ev/simsec=14.9722
     Messages:  created: 112359   present: 75   in FES: 75

<!> Simulation time limit reached -- at t=10000s, event #149713

Calling finish() at end of Run #28...

Preparing for running configuration Uniform, run #29...
Scenario: $N=75, $p=0.3, $repetition=4
Assigned runID=Uniform-29-20260105-17:01:02-25051
Setting up network "progetto.DatabaseNetwork"...
Initializing...

Running simulation...
** Event #0   t=0   Elapsed: 2e-06s (0m 00s)  0% completed  (23% total)
     Speed:     ev/sec=0   simsec/sec=0   ev/simsec=0
     Messages:  created: 75   present: 75   in FES: 76
** Event #148713   t=10000   Elapsed: 0.040246s (0m 00s)  100% completed  (24% total)
     Speed:     ev/sec=3.69538e+06   simsec/sec=248474   ev/simsec=14.8723
     Messages:  created: 111609   present: 75   in FES: 75

<!> Simulation time limit reached -- at t=10000s, event #148713

Calling finish() at end of Run #29...

Preparing for running configuration Uniform, run #30...
Scenario: $N=75, $p=0.5, $repetition=0
Assigned runID=Uniform-30-20260105-17:01:02-25051
Setting up network "progetto.DatabaseNetwork"...
Initializing...

Running simulation...
** Event #0   t=0   Elapsed: 3e-06s (0m 00s)  0% completed  (24% total)
     Speed:     ev/sec=0   simsec/sec=0   ev/simsec=0
     Messages:  created: 75   present: 75   in FES: 76
** Event #150141   t=10000   Elapsed: 0.041615s (0m 00s)  100% completed  (24% total)
     Speed:     ev/sec=3.60838e+06   simsec/sec=240331   ev/simsec=15.0142
     Messages:  created: 112680   present: 75   in FES: 75

<!> Simulation time limit reached -- at t=10000s, event #150141

Calling finish() at end of Run #30...

Preparing for running configuration Uniform, run #31...
Scenario: $N=75, $p=0.5, $repetition=1
Assigned runID=Uniform-31-20260105-17:01:02-25051
Setting up network "progetto.DatabaseNetwork"...
Initializing...

Running simulation...
** Event #0   t=0   Elapsed: 4e-06s (0m 00s)  0% completed  (24% total)
     Speed:     ev/sec=0   simsec/sec=0   ev/simsec=0
     Messages:  created: 75   present: 75   in FES: 76
** Event #149231   t=10000   Elapsed: 0.044945s (0m 00s)  100% completed  (25% total)
     Speed:     ev/sec=3.32089e+06   simsec/sec=222533   ev/simsec=14.9232
     Messages:  created: 111998   present: 77   in FES: 76

<!> Simulation time limit reached -- at t=10000s, event #149231

Calling finish() at end of Run #31...
undisposed object: (omnetpp::cMessage) DatabaseNetwork.table.ReadRequest -- check module destructor

Preparing for running configuration Uniform, run #32...
Scenario: $N=75, $p=0.5, $repetition=2
Assigned runID=Uniform-32-20260105-17:01:02-25051
Setting up network "progetto.DatabaseNetwork"...
Initializing...

Running simulation...
** Event #0   t=0   Elapsed: 3e-06s (0m 00s)  0% completed  (25% total)
     Speed:     ev/sec=0   simsec/sec=0   ev/simsec=0
     Messages:  created: 75   present: 75   in FES: 76
** Event #150073   t=10000   Elapsed: 0.04186s (0m 00s)  100% completed  (26% total)
     Speed:     ev/sec=3.58563e+06   simsec/sec=238925   ev/simsec=15.0073
     Messages:  created: 112629   present: 75   in FES: 75

<!> Simulation time limit reached -- at t=10000s, event #150073

Calling finish() at end of Run #32...

Preparing for running configuration Uniform, run #33...
Scenario: $N=75, $p=0.5, $repetition=3
Assigned runID=Uniform-33-20260105-17:01:02-25051
Setting up network "progetto.DatabaseNetwork"...
Initializing...

Running simulation...
** Event #0   t=0   Elapsed: 2e-06s (0m 00s)  0% completed  (26% total)
     Speed:     ev/sec=0   simsec/sec=0   ev/simsec=0
     Messages:  created: 75   present: 75   in FES: 76
** Event #149713   t=10000   Elapsed: 0.040412s (0m 00s)  100% completed  (27% total)
     Speed:     ev/sec=3.70494e+06   simsec/sec=247455   ev/simsec=14.9722
     Messages:  created: 112359   present: 75   in FES: 75

<!> Simulation time limit reached -- at t=10000s, event #149713

Calling finish() at end of Run #33...

Preparing for running configuration Uniform, run #34...
Scenario: $N=75, $p=0.5, $repetition=4
Assigned runID=Uniform-34-20260105-17:01:02-25051
Setting up network "progetto.DatabaseNetwork"...
Initializing...

Running simulation...
** Event #0   t=0   Elapsed: 3e-06s (0m 00s)  0% completed  (27% total)
     Speed:     ev/sec=0   simsec/sec=0   ev/simsec=0
     Messages:  created: 75   present: 75   in FES: 76
** Event #148713   t=10000   Elapsed: 0.040579s (0m 00s)  100% completed  (28% total)
     Speed:     ev/sec=3.66505e+06   simsec/sec=246435   ev/simsec=14.8723
     Messages:  created: 111609   present: 75   in FES: 75

<!> Simulation time limit reached -- at t=10000s, event #148713

Calling finish() at end of Run #34...

Preparing for running configuration Uniform, run #35...
Scenario: $N=75, $p=0.7, $repetition=0
Assigned runID=Uniform-35-20260105-17:01:03-25051
Setting up network "progetto.DatabaseNetwork"...
Initializing...

Running simulation...
** Event #0   t=0   Elapsed: 4e-06s (0m 00s)  0% completed  (28% total)
     Speed:     ev/sec=0   simsec/sec=0   ev/simsec=0
     Messages:  created: 75   present: 75   in FES: 76
** Event #150141   t=10000   Elapsed: 0.04204s (0m 00s)  100% completed  (28% total)
     Speed:     ev/sec=3.57198e+06   simsec/sec=237907   ev/simsec=15.0142
     Messages:  created: 112680   present: 75   in FES: 75

<!> Simulation time limit reached -- at t=10000s, event #150141

Calling finish() at end of Run #35...

Preparing for running configuration Uniform, run #36...
Scenario: $N=75, $p=0.7, $repetition=1
Assigned runID=Uniform-36-20260105-17:01:03-25051
Setting up network "progetto.DatabaseNetwork"...
Initializing...

Running simulation...
** Event #0   t=0   Elapsed: 4e-06s (0m 00s)  0% completed  (28% total)
     Speed:     ev/sec=0   simsec/sec=0   ev/simsec=0
     Messages:  created: 75   present: 75   in FES: 76
** Event #149231   t=10000   Elapsed: 0.04143s (0m 00s)  100% completed  (29% total)
     Speed:     ev/sec=3.60253e+06   simsec/sec=241405   ev/simsec=14.9232
     Messages:  created: 111998   present: 77   in FES: 76

<!> Simulation time limit reached -- at t=10000s, event #149231

Calling finish() at end of Run #36...
undisposed object: (omnetpp::cMessage) DatabaseNetwork.table.ReadRequest -- check module destructor

Preparing for running configuration Uniform, run #37...
Scenario: $N=75, $p=0.7, $repetition=2
Assigned runID=Uniform-37-20260105-17:01:03-25051
Setting up network "progetto.DatabaseNetwork"...
Initializing...

Running simulation...
** Event #0   t=0   Elapsed: 3e-06s (0m 00s)  0% completed  (29% total)
     Speed:     ev/sec=0   simsec/sec=0   ev/simsec=0
     Messages:  created: 75   present: 75   in FES: 76
** Event #150073   t=10000   Elapsed: 0.040438s (0m 00s)  100% completed  (30% total)
     Speed:     ev/sec=3.71146e+06   simsec/sec=247310   ev/simsec=15.0073
     Messages:  created: 112629   present: 75   in FES: 75

<!> Simulation time limit reached -- at t=10000s, event #150073

Calling finish() at end of Run #37...

Preparing for running configuration Uniform, run #38...
Scenario: $N=75, $p=0.7, $repetition=3
Assigned runID=Uniform-38-20260105-17:01:03-25051
Setting up network "progetto.DatabaseNetwork"...
Initializing...

Running simulation...
** Event #0   t=0   Elapsed: 2e-06s (0m 00s)  0% completed  (30% total)
     Speed:     ev/sec=0   simsec/sec=0   ev/simsec=0
     Messages:  created: 75   present: 75   in FES: 76
** Event #149713   t=10000   Elapsed: 0.039657s (0m 00s)  100% completed  (31% total)
     Speed:     ev/sec=3.77548e+06   simsec/sec=252167   ev/simsec=14.9722
     Messages:  created: 112359   present: 75   in FES: 75

<!> Simulation time limit reached -- at t=10000s, event #149713

Calling finish() at end of Run #38...

Preparing for running configuration Uniform, run #39...
Scenario: $N=75, $p=0.7, $repetition=4
Assigned runID=Uniform-39-20260105-17:01:03-25051
Setting up network "progetto.DatabaseNetwork"...
Initializing...

Running simulation...
** Event #0   t=0   Elapsed: 2e-06s (0m 00s)  0% completed  (31% total)
     Speed:     ev/sec=0   simsec/sec=0   ev/simsec=0
     Messages:  created: 75   present: 75   in FES: 76
** Event #148713   t=10000   Elapsed: 0.039001s (0m 00s)  100% completed  (32% total)
     Speed:     ev/sec=3.81335e+06   simsec/sec=256407   ev/simsec=14.8723
     Messages:  created: 111609   present: 75   in FES: 75

<!> Simulation time limit reached -- at t=10000s, event #148713

Calling finish() at end of Run #39...

Preparing for running configuration Uniform, run #40...
Scenario: $N=75, $p=0.8, $repetition=0
Assigned runID=Uniform-40-20260105-17:01:03-25051
Setting up network "progetto.DatabaseNetwork"...
Initializing...

Running simulation...
** Event #0   t=0   Elapsed: 2e-06s (0m 00s)  0% completed  (32% total)
     Speed:     ev/sec=0   simsec/sec=0   ev/simsec=0
     Messages:  created: 75   present: 75   in FES: 76
** Event #150141   t=10000   Elapsed: 0.039071s (0m 00s)  100% completed  (32% total)
     Speed:     ev/sec=3.84307e+06   simsec/sec=255963   ev/simsec=15.0142
     Messages:  created: 112680   present: 75   in FES: 75

<!> Simulation time limit reached -- at t=10000s, event #150141

Calling finish() at end of Run #40...

Preparing for running configuration Uniform, run #41...
Scenario: $N=75, $p=0.8, $repetition=1
Assigned runID=Uniform-41-20260105-17:01:03-25051
Setting up network "progetto.DatabaseNetwork"...
Initializing...

Running simulation...
** Event #0   t=0   Elapsed: 2e-06s (0m 00s)  0% completed  (32% total)
     Speed:     ev/sec=0   simsec/sec=0   ev/simsec=0
     Messages:  created: 75   present: 75   in FES: 76
** Event #149231   t=10000   Elapsed: 0.038904s (0m 00s)  100% completed  (33% total)
     Speed:     ev/sec=3.83617e+06   simsec/sec=257062   ev/simsec=14.9232
     Messages:  created: 111998   present: 77   in FES: 76

<!> Simulation time limit reached -- at t=10000s, event #149231

Calling finish() at end of Run #41...
undisposed object: (omnetpp::cMessage) DatabaseNetwork.table.ReadRequest -- check module destructor

Preparing for running configuration Uniform, run #42...
Scenario: $N=75, $p=0.8, $repetition=2
Assigned runID=Uniform-42-20260105-17:01:03-25051
Setting up network "progetto.DatabaseNetwork"...
Initializing...

Running simulation...
** Event #0   t=0   Elapsed: 2e-06s (0m 00s)  0% completed  (33% total)
     Speed:     ev/sec=0   simsec/sec=0   ev/simsec=0
     Messages:  created: 75   present: 75   in FES: 76
** Event #150073   t=10000   Elapsed: 0.03923s (0m 00s)  100% completed  (34% total)
     Speed:     ev/sec=3.82576e+06   simsec/sec=254926   ev/simsec=15.0073
     Messages:  created: 112629   present: 75   in FES: 75

<!> Simulation time limit reached -- at t=10000s, event #150073

Calling finish() at end of Run #42...

Preparing for running configuration Uniform, run #43...
Scenario: $N=75, $p=0.8, $repetition=3
Assigned runID=Uniform-43-20260105-17:01:03-25051
Setting up network "progetto.DatabaseNetwork"...
Initializing...

Running simulation...
** Event #0   t=0   Elapsed: 2e-06s (0m 00s)  0% completed  (34% total)
     Speed:     ev/sec=0   simsec/sec=0   ev/simsec=0
     Messages:  created: 75   present: 75   in FES: 76
** Event #149713   t=10000   Elapsed: 0.041307s (0m 00s)  100% completed  (35% total)
     Speed:     ev/sec=3.62484e+06   simsec/sec=242105   ev/simsec=14.9722
     Messages:  created: 112359   present: 75   in FES: 75

<!> Simulation time limit reached -- at t=10000s, event #149713

Calling finish() at end of Run #43...

Preparing for running configuration Uniform, run #44...
Scenario: $N=75, $p=0.8, $repetition=4
Assigned runID=Uniform-44-20260105-17:01:03-25051
Setting up network "progetto.DatabaseNetwork"...
Initializing...

Running simulation...
** Event #0   t=0   Elapsed: 3e-06s (0m 00s)  0% completed  (35% total)
     Speed:     ev/sec=0   simsec/sec=0   ev/simsec=0
     Messages:  created: 75   present: 75   in FES: 76
** Event #148713   t=10000   Elapsed: 0.043105s (0m 00s)  100% completed  (36% total)
     Speed:     ev/sec=3.45058e+06   simsec/sec=232014   ev/simsec=14.8723
     Messages:  created: 111609   present: 75   in FES: 75

<!> Simulation time limit reached -- at t=10000s, event #148713

Calling finish() at end of Run #44...

Preparing for running configuration Uniform, run #45...
Scenario: $N=75, $p=0.9, $repetition=0
Assigned runID=Uniform-45-20260105-17:01:03-25051
Setting up network "progetto.DatabaseNetwork"...
Initializing...

Running simulation...
** Event #0   t=0   Elapsed: 3e-06s (0m 00s)  0% completed  (36% total)
     Speed:     ev/sec=0   simsec/sec=0   ev/simsec=0
     Messages:  created: 75   present: 75   in FES: 76
** Event #150141   t=10000   Elapsed: 0.042169s (0m 00s)  100% completed  (36% total)
     Speed:     ev/sec=3.56088e+06   simsec/sec=237168   ev/simsec=15.0142
     Messages:  created: 112680   present: 75   in FES: 75

<!> Simulation time limit reached -- at t=10000s, event #150141

Calling finish() at end of Run #45...

Preparing for running configuration Uniform, run #46...
Scenario: $N=75, $p=0.9, $repetition=1
Assigned runID=Uniform-46-20260105-17:01:03-25051
Setting up network "progetto.DatabaseNetwork"...
Initializing...

Running simulation...
** Event #0   t=0   Elapsed: 3e-06s (0m 00s)  0% completed  (36% total)
     Speed:     ev/sec=0   simsec/sec=0   ev/simsec=0
     Messages:  created: 75   present: 75   in FES: 76
** Event #149231   t=10000   Elapsed: 0.041575s (0m 00s)  100% completed  (37% total)
     Speed:     ev/sec=3.58979e+06   simsec/sec=240551   ev/simsec=14.9232
     Messages:  created: 111998   present: 77   in FES: 76

<!> Simulation time limit reached -- at t=10000s, event #149231

Calling finish() at end of Run #46...
undisposed object: (omnetpp::cMessage) DatabaseNetwork.table.ReadRequest -- check module destructor

Preparing for running configuration Uniform, run #47...
Scenario: $N=75, $p=0.9, $repetition=2
Assigned runID=Uniform-47-20260105-17:01:03-25051
Setting up network "progetto.DatabaseNetwork"...
Initializing...

Running simulation...
** Event #0   t=0   Elapsed: 2e-06s (0m 00s)  0% completed  (37% total)
     Speed:     ev/sec=0   simsec/sec=0   ev/simsec=0
     Messages:  created: 75   present: 75   in FES: 76
** Event #150073   t=10000   Elapsed: 0.041378s (0m 00s)  100% completed  (38% total)
     Speed:     ev/sec=3.62749e+06   simsec/sec=241714   ev/simsec=15.0073
     Messages:  created: 112629   present: 75   in FES: 75

<!> Simulation time limit reached -- at t=10000s, event #150073

Calling finish() at end of Run #47...

Preparing for running configuration Uniform, run #48...
Scenario: $N=75, $p=0.9, $repetition=3
Assigned runID=Uniform-48-20260105-17:01:03-25051
Setting up network "progetto.DatabaseNetwork"...
Initializing...

Running simulation...
** Event #0   t=0   Elapsed: 4e-06s (0m 00s)  0% completed  (38% total)
     Speed:     ev/sec=0   simsec/sec=0   ev/simsec=0
     Messages:  created: 75   present: 75   in FES: 76
** Event #149713   t=10000   Elapsed: 0.041861s (0m 00s)  100% completed  (39% total)
     Speed:     ev/sec=3.57677e+06   simsec/sec=238895   ev/simsec=14.9722
     Messages:  created: 112359   present: 75   in FES: 75

<!> Simulation time limit reached -- at t=10000s, event #149713

Calling finish() at end of Run #48...

Preparing for running configuration Uniform, run #49...
Scenario: $N=75, $p=0.9, $repetition=4
Assigned runID=Uniform-49-20260105-17:01:03-25051
Setting up network "progetto.DatabaseNetwork"...
Initializing...

Running simulation...
** Event #0   t=0   Elapsed: 1e-06s (0m 00s)  0% completed  (39% total)
     Speed:     ev/sec=0   simsec/sec=0   ev/simsec=0
     Messages:  created: 75   present: 75   in FES: 76
** Event #148713   t=10000   Elapsed: 0.040209s (0m 00s)  100% completed  (40% total)
     Speed:     ev/sec=3.69878e+06   simsec/sec=248703   ev/simsec=14.8723
     Messages:  created: 111609   present: 75   in FES: 75

<!> Simulation time limit reached -- at t=10000s, event #148713

Calling finish() at end of Run #49...

Preparing for running configuration Uniform, run #50...
Scenario: $N=100, $p=0.3, $repetition=0
Assigned runID=Uniform-50-20260105-17:01:04-25051
Setting up network "progetto.DatabaseNetwork"...
Initializing...

Running simulation...
** Event #0   t=0   Elapsed: 3e-06s (0m 00s)  0% completed  (40% total)
     Speed:     ev/sec=0   simsec/sec=0   ev/simsec=0
     Messages:  created: 100   present: 100   in FES: 101
** Event #199859   t=10000   Elapsed: 0.057987s (0m 00s)  100% completed  (40% total)
     Speed:     ev/sec=3.44691e+06   simsec/sec=172466   ev/simsec=19.9861
     Messages:  created: 149994   present: 102   in FES: 101

<!> Simulation time limit reached -- at t=10000s, event #199859

Calling finish() at end of Run #50...
undisposed object: (omnetpp::cMessage) DatabaseNetwork.table.ReadRequest -- check module destructor

Preparing for running configuration Uniform, run #51...
Scenario: $N=100, $p=0.3, $repetition=1
Assigned runID=Uniform-51-20260105-17:01:04-25051
Setting up network "progetto.DatabaseNetwork"...
Initializing...

Running simulation...
** Event #0   t=0   Elapsed: 2e-06s (0m 00s)  0% completed  (40% total)
     Speed:     ev/sec=0   simsec/sec=0   ev/simsec=0
     Messages:  created: 100   present: 100   in FES: 101
** Event #199197   t=10000   Elapsed: 0.055644s (0m 00s)  100% completed  (41% total)
     Speed:     ev/sec=3.58004e+06   simsec/sec=179719   ev/simsec=19.9203
     Messages:  created: 149497   present: 100   in FES: 100

<!> Simulation time limit reached -- at t=10000s, event #199197

Calling finish() at end of Run #51...

Preparing for running configuration Uniform, run #52...
Scenario: $N=100, $p=0.3, $repetition=2
Assigned runID=Uniform-52-20260105-17:01:04-25051
Setting up network "progetto.DatabaseNetwork"...
Initializing...

Running simulation...
** Event #0   t=0   Elapsed: 3e-06s (0m 00s)  0% completed  (41% total)
     Speed:     ev/sec=0   simsec/sec=0   ev/simsec=0
     Messages:  created: 100   present: 100   in FES: 101
** Event #200371   t=10000   Elapsed: 0.056875s (0m 00s)  100% completed  (42% total)
     Speed:     ev/sec=3.52325e+06   simsec/sec=175837   ev/simsec=20.0371
     Messages:  created: 150378   present: 102   in FES: 101

<!> Simulation time limit reached -- at t=10000s, event #200371

Calling finish() at end of Run #52...
undisposed object: (omnetpp::cMessage) DatabaseNetwork.table.WriteRequest -- check module destructor

Preparing for running configuration Uniform, run #53...
Scenario: $N=100, $p=0.3, $repetition=3
Assigned runID=Uniform-53-20260105-17:01:04-25051
Setting up network "progetto.DatabaseNetwork"...
Initializing...

Running simulation...
** Event #0   t=0   Elapsed: 2e-06s (0m 00s)  0% completed  (42% total)
     Speed:     ev/sec=0   simsec/sec=0   ev/simsec=0
     Messages:  created: 100   present: 100   in FES: 101
** Event #199429   t=10000   Elapsed: 0.055481s (0m 00s)  100% completed  (43% total)
     Speed:     ev/sec=3.59474e+06   simsec/sec=180246   ev/simsec=19.9435
     Messages:  created: 149671   present: 100   in FES: 100

<!> Simulation time limit reached -- at t=10000s, event #199429

Calling finish() at end of Run #53...

Preparing for running configuration Uniform, run #54...
Scenario: $N=100, $p=0.3, $repetition=4
Assigned runID=Uniform-54-20260105-17:01:04-25051
Setting up network "progetto.DatabaseNetwork"...
Initializing...

Running simulation...
** Event #0   t=0   Elapsed: 3e-06s (0m 00s)  0% completed  (43% total)
     Speed:     ev/sec=0   simsec/sec=0   ev/simsec=0
     Messages:  created: 100   present: 100   in FES: 101
** Event #198445   t=10000   Elapsed: 0.057967s (0m 00s)  100% completed  (44% total)
     Speed:     ev/sec=3.42383e+06   simsec/sec=172532   ev/simsec=19.8446
     Messages:  created: 148933   present: 100   in FES: 100

<!> Simulation time limit reached -- at t=10000s, event #198445

Calling finish() at end of Run #54...

Preparing for running configuration Uniform, run #55...
Scenario: $N=100, $p=0.5, $repetition=0
Assigned runID=Uniform-55-20260105-17:01:04-25051
Setting up network "progetto.DatabaseNetwork"...
Initializing...

Running simulation...
** Event #0   t=0   Elapsed: 3e-06s (0m 00s)  0% completed  (44% total)
     Speed:     ev/sec=0   simsec/sec=0   ev/simsec=0
     Messages:  created: 100   present: 100   in FES: 101
** Event #199859   t=10000   Elapsed: 0.057139s (0m 00s)  100% completed  (44% total)
     Speed:     ev/sec=3.49807e+06   simsec/sec=175026   ev/simsec=19.9861
     Messages:  created: 149994   present: 102   in FES: 101

<!> Simulation time limit reached -- at t=10000s, event #199859

Calling finish() at end of Run #55...
undisposed object: (omnetpp::cMessage) DatabaseNetwork.table.ReadRequest -- check module destructor

Preparing for running configuration Uniform, run #56...
Scenario: $N=100, $p=0.5, $repetition=1
Assigned runID=Uniform-56-20260105-17:01:04-25051
Setting up network "progetto.DatabaseNetwork"...
Initializing...

Running simulation...
** Event #0   t=0   Elapsed: 2e-06s (0m 00s)  0% completed  (44% total)
     Speed:     ev/sec=0   simsec/sec=0   ev/simsec=0
     Messages:  created: 100   present: 100   in FES: 101
** Event #199197   t=10000   Elapsed: 0.055543s (0m 00s)  100% completed  (45% total)
     Speed:     ev/sec=3.58649e+06   simsec/sec=180042   ev/simsec=19.9203
     Messages:  created: 149497   present: 100   in FES: 100

<!> Simulation time limit reached -- at t=10000s, event #199197

Calling finish() at end of Run #56...

Preparing for running configuration Uniform, run #57...
Scenario: $N=100, $p=0.5, $repetition=2
Assigned runID=Uniform-57-20260105-17:01:04-25051
Setting up network "progetto.DatabaseNetwork"...
Initializing...

Running simulation...
** Event #0   t=0   Elapsed: 2e-06s (0m 00s)  0% completed  (45% total)
     Speed:     ev/sec=0   simsec/sec=0   ev/simsec=0
     Messages:  created: 100   present: 100   in FES: 101
** Event #200371   t=10000   Elapsed: 0.055701s (0m 00s)  100% completed  (46% total)
     Speed:     ev/sec=3.59745e+06   simsec/sec=179540   ev/simsec=20.0371
     Messages:  created: 150378   present: 102   in FES: 101

<!> Simulation time limit reached -- at t=10000s, event #200371

Calling finish() at end of Run #57...
undisposed object: (omnetpp::cMessage) DatabaseNetwork.table.ReadRequest -- check module destructor

Preparing for running configuration Uniform, run #58...
Scenario: $N=100, $p=0.5, $repetition=3
Assigned runID=Uniform-58-20260105-17:01:04-25051
Setting up network "progetto.DatabaseNetwork"...
Initializing...

Running simulation...
** Event #0   t=0   Elapsed: 2e-06s (0m 00s)  0% completed  (46% total)
     Speed:     ev/sec=0   simsec/sec=0   ev/simsec=0
     Messages:  created: 100   present: 100   in FES: 101
** Event #199429   t=10000   Elapsed: 0.056624s (0m 00s)  100% completed  (47% total)
     Speed:     ev/sec=3.52224e+06   simsec/sec=176611   ev/simsec=19.9435
     Messages:  created: 149671   present: 100   in FES: 100

<!> Simulation time limit reached -- at t=10000s, event #199429

Calling finish() at end of Run #58...

Preparing for running configuration Uniform, run #59...
Scenario: $N=100, $p=0.5, $repetition=4
Assigned runID=Uniform-59-20260105-17:01:04-25051
Setting up network "progetto.DatabaseNetwork"...
Initializing...

Running simulation...
** Event #0   t=0   Elapsed: 4e-06s (0m 00s)  0% completed  (47% total)
     Speed:     ev/sec=0   simsec/sec=0   ev/simsec=0
     Messages:  created: 100   present: 100   in FES: 101
** Event #198445   t=10000   Elapsed: 0.05812s (0m 00s)  100% completed  (48% total)
     Speed:     ev/sec=3.41481e+06   simsec/sec=172078   ev/simsec=19.8446
     Messages:  created: 148933   present: 100   in FES: 100

<!> Simulation time limit reached -- at t=10000s, event #198445

Calling finish() at end of Run #59...

Preparing for running configuration Uniform, run #60...
Scenario: $N=100, $p=0.7, $repetition=0
Assigned runID=Uniform-60-20260105-17:01:05-25051
Setting up network "progetto.DatabaseNetwork"...
Initializing...

Running simulation...
** Event #0   t=0   Elapsed: 1e-06s (0m 00s)  0% completed  (48% total)
     Speed:     ev/sec=0   simsec/sec=0   ev/simsec=0
     Messages:  created: 100   present: 100   in FES: 101
** Event #199859   t=10000   Elapsed: 0.055404s (0m 00s)  100% completed  (48% total)
     Speed:     ev/sec=3.60743e+06   simsec/sec=180497   ev/simsec=19.9861
     Messages:  created: 149994   present: 102   in FES: 101

<!> Simulation time limit reached -- at t=10000s, event #199859

Calling finish() at end of Run #60...
undisposed object: (omnetpp::cMessage) DatabaseNetwork.table.ReadRequest -- check module destructor

Preparing for running configuration Uniform, run #61...
Scenario: $N=100, $p=0.7, $repetition=1
Assigned runID=Uniform-61-20260105-17:01:05-25051
Setting up network "progetto.DatabaseNetwork"...
Initializing...

Running simulation...
** Event #0   t=0   Elapsed: 3e-06s (0m 00s)  0% completed  (48% total)
     Speed:     ev/sec=0   simsec/sec=0   ev/simsec=0
     Messages:  created: 100   present: 100   in FES: 101
** Event #199197   t=10000   Elapsed: 0.055335s (0m 00s)  100% completed  (49% total)
     Speed:     ev/sec=3.6001e+06   simsec/sec=180725   ev/simsec=19.9203
     Messages:  created: 149497   present: 100   in FES: 100

<!> Simulation time limit reached -- at t=10000s, event #199197

Calling finish() at end of Run #61...

Preparing for running configuration Uniform, run #62...
Scenario: $N=100, $p=0.7, $repetition=2
Assigned runID=Uniform-62-20260105-17:01:05-25051
Setting up network "progetto.DatabaseNetwork"...
Initializing...

Running simulation...
** Event #0   t=0   Elapsed: 2e-06s (0m 00s)  0% completed  (49% total)
     Speed:     ev/sec=0   simsec/sec=0   ev/simsec=0
     Messages:  created: 100   present: 100   in FES: 101
** Event #200371   t=10000   Elapsed: 0.055079s (0m 00s)  100% completed  (50% total)
     Speed:     ev/sec=3.63802e+06   simsec/sec=181564   ev/simsec=20.0371
     Messages:  created: 150378   present: 102   in FES: 101

<!> Simulation time limit reached -- at t=10000s, event #200371

Calling finish() at end of Run #62...
undisposed object: (omnetpp::cMessage) DatabaseNetwork.table.ReadRequest -- check module destructor

Preparing for running configuration Uniform, run #63...
Scenario: $N=100, $p=0.7, $repetition=3
Assigned runID=Uniform-63-20260105-17:01:05-25051
Setting up network "progetto.DatabaseNetwork"...
Initializing...

Running simulation...
** Event #0   t=0   Elapsed: 2e-06s (0m 00s)  0% completed  (50% total)
     Speed:     ev/sec=0   simsec/sec=0   ev/simsec=0
     Messages:  created: 100   present: 100   in FES: 101
** Event #199429   t=10000   Elapsed: 0.057917s (0m 00s)  100% completed  (51% total)
     Speed:     ev/sec=3.44372e+06   simsec/sec=172674   ev/simsec=19.9435
     Messages:  created: 149671   present: 100   in FES: 100

<!> Simulation time limit reached -- at t=10000s, event #199429

Calling finish() at end of Run #63...

Preparing for running configuration Uniform, run #64...
Scenario: $N=100, $p=0.7, $repetition=4
Assigned runID=Uniform-64-20260105-17:01:05-25051
Setting up network "progetto.DatabaseNetwork"...
Initializing...

Running simulation...
** Event #0   t=0   Elapsed: 3e-06s (0m 00s)  0% completed  (51% total)
     Speed:     ev/sec=0   simsec/sec=0   ev/simsec=0
     Messages:  created: 100   present: 100   in FES: 101
** Event #198445   t=10000   Elapsed: 0.055991s (0m 00s)  100% completed  (52% total)
     Speed:     ev/sec=3.54448e+06   simsec/sec=178612   ev/simsec=19.8446
     Messages:  created: 148933   present: 100   in FES: 100

<!> Simulation time limit reached -- at t=10000s, event #198445

Calling finish() at end of Run #64...

Preparing for running configuration Uniform, run #65...
Scenario: $N=100, $p=0.8, $repetition=0
Assigned runID=Uniform-65-20260105-17:01:05-25051
Setting up network "progetto.DatabaseNetwork"...
Initializing...

Running simulation...
** Event #0   t=0   Elapsed: 2e-06s (0m 00s)  0% completed  (52% total)
     Speed:     ev/sec=0   simsec/sec=0   ev/simsec=0
     Messages:  created: 100   present: 100   in FES: 101
** Event #199859   t=10000   Elapsed: 0.054606s (0m 00s)  100% completed  (52% total)
     Speed:     ev/sec=3.66022e+06   simsec/sec=183139   ev/simsec=19.9861
     Messages:  created: 149994   present: 102   in FES: 101

<!> Simulation time limit reached -- at t=10000s, event #199859

Calling finish() at end of Run #65...
undisposed object: (omnetpp::cMessage) DatabaseNetwork.table.ReadRequest -- check module destructor

Preparing for running configuration Uniform, run #66...
Scenario: $N=100, $p=0.8, $repetition=1
Assigned runID=Uniform-66-20260105-17:01:05-25051
Setting up network "progetto.DatabaseNetwork"...
Initializing...

Running simulation...
** Event #0   t=0   Elapsed: 2e-06s (0m 00s)  0% completed  (52% total)
     Speed:     ev/sec=0   simsec/sec=0   ev/simsec=0
     Messages:  created: 100   present: 100   in FES: 101
** Event #199197   t=10000   Elapsed: 0.054942s (0m 00s)  100% completed  (53% total)
     Speed:     ev/sec=3.62578e+06   simsec/sec=182015   ev/simsec=19.9203
     Messages:  created: 149497   present: 100   in FES: 100

<!> Simulation time limit reached -- at t=10000s, event #199197

Calling finish() at end of Run #66...

Preparing for running configuration Uniform, run #67...
Scenario: $N=100, $p=0.8, $repetition=2
Assigned runID=Uniform-67-20260105-17:01:05-25051
Setting up network "progetto.DatabaseNetwork"...
Initializing...

Running simulation...
** Event #0   t=0   Elapsed: 3e-06s (0m 00s)  0% completed  (53% total)
     Speed:     ev/sec=0   simsec/sec=0   ev/simsec=0
     Messages:  created: 100   present: 100   in FES: 101
** Event #200371   t=10000   Elapsed: 0.056772s (0m 00s)  100% completed  (54% total)
     Speed:     ev/sec=3.52971e+06   simsec/sec=176159   ev/simsec=20.0371
     Messages:  created: 150378   present: 102   in FES: 101

<!> Simulation time limit reached -- at t=10000s, event #200371

Calling finish() at end of Run #67...
undisposed object: (omnetpp::cMessage) DatabaseNetwork.table.ReadRequest -- check module destructor

Preparing for running configuration Uniform, run #68...
Scenario: $N=100, $p=0.8, $repetition=3
Assigned runID=Uniform-68-20260105-17:01:05-25051
Setting up network "progetto.DatabaseNetwork"...
Initializing...

Running simulation...
** Event #0   t=0   Elapsed: 3e-06s (0m 00s)  0% completed  (54% total)
     Speed:     ev/sec=0   simsec/sec=0   ev/simsec=0
     Messages:  created: 100   present: 100   in FES: 101
** Event #199429   t=10000   Elapsed: 0.057137s (0m 00s)  100% completed  (55% total)
     Speed:     ev/sec=3.49067e+06   simsec/sec=175028   ev/simsec=19.9435
     Messages:  created: 149671   present: 100   in FES: 100

<!> Simulation time limit reached -- at t=10000s, event #199429

Calling finish() at end of Run #68...

Preparing for running configuration Uniform, run #69...
Scenario: $N=100, $p=0.8, $repetition=4
Assigned runID=Uniform-69-20260105-17:01:05-25051
Setting up network "progetto.DatabaseNetwork"...
Initializing...

Running simulation...
** Event #0   t=0   Elapsed: 2e-06s (0m 00s)  0% completed  (55% total)
     Speed:     ev/sec=0   simsec/sec=0   ev/simsec=0
     Messages:  created: 100   present: 100   in FES: 101
** Event #198445   t=10000   Elapsed: 0.055196s (0m 00s)  100% completed  (56% total)
     Speed:     ev/sec=3.59541e+06   simsec/sec=181178   ev/simsec=19.8446
     Messages:  created: 148933   present: 100   in FES: 100

<!> Simulation time limit reached -- at t=10000s, event #198445

Calling finish() at end of Run #69...

Preparing for running configuration Uniform, run #70...
Scenario: $N=100, $p=0.9, $repetition=0
Assigned runID=Uniform-70-20260105-17:01:05-25051
Setting up network "progetto.DatabaseNetwork"...
Initializing...

Running simulation...
** Event #0   t=0   Elapsed: 3e-06s (0m 00s)  0% completed  (56% total)
     Speed:     ev/sec=0   simsec/sec=0   ev/simsec=0
     Messages:  created: 100   present: 100   in FES: 101
** Event #199859   t=10000   Elapsed: 0.056182s (0m 00s)  100% completed  (56% total)
     Speed:     ev/sec=3.5576e+06   simsec/sec=178004   ev/simsec=19.9861
     Messages:  created: 149994   present: 102   in FES: 101

<!> Simulation time limit reached -- at t=10000s, event #199859

Calling finish() at end of Run #70...
undisposed object: (omnetpp::cMessage) DatabaseNetwork.table.ReadRequest -- check module destructor

Preparing for running configuration Uniform, run #71...
Scenario: $N=100, $p=0.9, $repetition=1
Assigned runID=Uniform-71-20260105-17:01:06-25051
Setting up network "progetto.DatabaseNetwork"...
Initializing...

Running simulation...
** Event #0   t=0   Elapsed: 3e-06s (0m 00s)  0% completed  (56% total)
     Speed:     ev/sec=0   simsec/sec=0   ev/simsec=0
     Messages:  created: 100   present: 100   in FES: 101
** Event #199197   t=10000   Elapsed: 0.057568s (0m 00s)  100% completed  (57% total)
     Speed:     ev/sec=3.46056e+06   simsec/sec=173721   ev/simsec=19.9203
     Messages:  created: 149497   present: 100   in FES: 100

<!> Simulation time limit reached -- at t=10000s, event #199197

Calling finish() at end of Run #71...

Preparing for running configuration Uniform, run #72...
Scenario: $N=100, $p=0.9, $repetition=2
Assigned runID=Uniform-72-20260105-17:01:06-25051
Setting up network "progetto.DatabaseNetwork"...
Initializing...

Running simulation...
** Event #0   t=0   Elapsed: 2e-06s (0m 00s)  0% completed  (57% total)
     Speed:     ev/sec=0   simsec/sec=0   ev/simsec=0
     Messages:  created: 100   present: 100   in FES: 101
** Event #200371   t=10000   Elapsed: 0.058724s (0m 00s)  100% completed  (58% total)
     Speed:     ev/sec=3.41237e+06   simsec/sec=170303   ev/simsec=20.0371
     Messages:  created: 150378   present: 102   in FES: 101

<!> Simulation time limit reached -- at t=10000s, event #200371

Calling finish() at end of Run #72...
undisposed object: (omnetpp::cMessage) DatabaseNetwork.table.ReadRequest -- check module destructor

Preparing for running configuration Uniform, run #73...
Scenario: $N=100, $p=0.9, $repetition=3
Assigned runID=Uniform-73-20260105-17:01:06-25051
Setting up network "progetto.DatabaseNetwork"...
Initializing...

Running simulation...
** Event #0   t=0   Elapsed: 3e-06s (0m 00s)  0% completed  (58% total)
     Speed:     ev/sec=0   simsec/sec=0   ev/simsec=0
     Messages:  created: 100   present: 100   in FES: 101
** Event #199429   t=10000   Elapsed: 0.055876s (0m 00s)  100% completed  (59% total)
     Speed:     ev/sec=3.56952e+06   simsec/sec=178982   ev/simsec=19.9435
     Messages:  created: 149671   present: 100   in FES: 100

<!> Simulation time limit reached -- at t=10000s, event #199429

Calling finish() at end of Run #73...

Preparing for running configuration Uniform, run #74...
Scenario: $N=100, $p=0.9, $repetition=4
Assigned runID=Uniform-74-20260105-17:01:06-25051
Setting up network "progetto.DatabaseNetwork"...
Initializing...

Running simulation...
** Event #0   t=0   Elapsed: 3e-06s (0m 00s)  0% completed  (59% total)
     Speed:     ev/sec=0   simsec/sec=0   ev/simsec=0
     Messages:  created: 100   present: 100   in FES: 101
** Event #198445   t=10000   Elapsed: 0.054966s (0m 00s)  100% completed  (60% total)
     Speed:     ev/sec=3.61045e+06   simsec/sec=181937   ev/simsec=19.8446
     Messages:  created: 148933   present: 100   in FES: 100

<!> Simulation time limit reached -- at t=10000s, event #198445

Calling finish() at end of Run #74...

Preparing for running configuration Uniform, run #75...
Scenario: $N=150, $p=0.3, $repetition=0
Assigned runID=Uniform-75-20260105-17:01:06-25051
Setting up network "progetto.DatabaseNetwork"...
Initializing...

Running simulation...
** Event #0   t=0   Elapsed: 3e-06s (0m 00s)  0% completed  (60% total)
     Speed:     ev/sec=0   simsec/sec=0   ev/simsec=0
     Messages:  created: 150   present: 150   in FES: 151
** Event #298619   t=10000   Elapsed: 0.086803s (0m 00s)  100% completed  (60% total)
     Speed:     ev/sec=3.44043e+06   simsec/sec=115211   ev/simsec=29.862
     Messages:  created: 224114   present: 152   in FES: 151

<!> Simulation time limit reached -- at t=10000s, event #298619

Calling finish() at end of Run #75...
undisposed object: (omnetpp::cMessage) DatabaseNetwork.table.WriteRequest -- check module destructor

Preparing for running configuration Uniform, run #76...
Scenario: $N=150, $p=0.3, $repetition=1
Assigned runID=Uniform-76-20260105-17:01:06-25051
Setting up network "progetto.DatabaseNetwork"...
Initializing...

Running simulation...
** Event #0   t=0   Elapsed: 2e-06s (0m 00s)  0% completed  (60% total)
     Speed:     ev/sec=0   simsec/sec=0   ev/simsec=0
     Messages:  created: 150   present: 150   in FES: 151
** Event #298137   t=10000   Elapsed: 0.086137s (0m 00s)  100% completed  (61% total)
     Speed:     ev/sec=3.46128e+06   simsec/sec=116096   ev/simsec=29.8139
     Messages:  created: 223752   present: 150   in FES: 150

<!> Simulation time limit reached -- at t=10000s, event #298137

Calling finish() at end of Run #76...

Preparing for running configuration Uniform, run #77...
Scenario: $N=150, $p=0.3, $repetition=2
Assigned runID=Uniform-77-20260105-17:01:06-25051
Setting up network "progetto.DatabaseNetwork"...
Initializing...

Running simulation...
** Event #0   t=0   Elapsed: 3e-06s (0m 00s)  0% completed  (61% total)
     Speed:     ev/sec=0   simsec/sec=0   ev/simsec=0
     Messages:  created: 150   present: 150   in FES: 151
** Event #301093   t=10000   Elapsed: 0.087241s (0m 00s)  100% completed  (62% total)
     Speed:     ev/sec=3.45144e+06   simsec/sec=114630   ev/simsec=30.1094
     Messages:  created: 225969   present: 150   in FES: 150

<!> Simulation time limit reached -- at t=10000s, event #301093

Calling finish() at end of Run #77...

Preparing for running configuration Uniform, run #78...
Scenario: $N=150, $p=0.3, $repetition=3
Assigned runID=Uniform-78-20260105-17:01:06-25051
Setting up network "progetto.DatabaseNetwork"...
Initializing...

Running simulation...
** Event #0   t=0   Elapsed: 2e-06s (0m 00s)  0% completed  (62% total)
     Speed:     ev/sec=0   simsec/sec=0   ev/simsec=0
     Messages:  created: 150   present: 150   in FES: 151
** Event #298901   t=10000   Elapsed: 0.085542s (0m 00s)  100% completed  (63% total)
     Speed:     ev/sec=3.49428e+06   simsec/sec=116903   ev/simsec=29.8904
     Messages:  created: 224325   present: 150   in FES: 150

<!> Simulation time limit reached -- at t=10000s, event #298901

Calling finish() at end of Run #78...

Preparing for running configuration Uniform, run #79...
Scenario: $N=150, $p=0.3, $repetition=4
Assigned runID=Uniform-79-20260105-17:01:07-25051
Setting up network "progetto.DatabaseNetwork"...
Initializing...

Running simulation...
** Event #0   t=0   Elapsed: 2e-06s (0m 00s)  0% completed  (63% total)
     Speed:     ev/sec=0   simsec/sec=0   ev/simsec=0
     Messages:  created: 150   present: 150   in FES: 151
** Event #298477   t=10000   Elapsed: 0.085393s (0m 00s)  100% completed  (64% total)
     Speed:     ev/sec=3.4955e+06   simsec/sec=117108   ev/simsec=29.8484
     Messages:  created: 224007   present: 150   in FES: 150

<!> Simulation time limit reached -- at t=10000s, event #298477

Calling finish() at end of Run #79...

Preparing for running configuration Uniform, run #80...
Scenario: $N=150, $p=0.5, $repetition=0
Assigned runID=Uniform-80-20260105-17:01:07-25051
Setting up network "progetto.DatabaseNetwork"...
Initializing...

Running simulation...
** Event #0   t=0   Elapsed: 3e-06s (0m 00s)  0% completed  (64% total)
     Speed:     ev/sec=0   simsec/sec=0   ev/simsec=0
     Messages:  created: 150   present: 150   in FES: 151
** Event #298619   t=10000   Elapsed: 0.087067s (0m 00s)  100% completed  (64% total)
     Speed:     ev/sec=3.42996e+06   simsec/sec=114860   ev/simsec=29.862
     Messages:  created: 224114   present: 152   in FES: 151

<!> Simulation time limit reached -- at t=10000s, event #298619

Calling finish() at end of Run #80...
undisposed object: (omnetpp::cMessage) DatabaseNetwork.table.ReadRequest -- check module destructor

Preparing for running configuration Uniform, run #81...
Scenario: $N=150, $p=0.5, $repetition=1
Assigned runID=Uniform-81-20260105-17:01:07-25051
Setting up network "progetto.DatabaseNetwork"...
Initializing...

Running simulation...
** Event #0   t=0   Elapsed: 2e-06s (0m 00s)  0% completed  (64% total)
     Speed:     ev/sec=0   simsec/sec=0   ev/simsec=0
     Messages:  created: 150   present: 150   in FES: 151
** Event #298137   t=10000   Elapsed: 0.085008s (0m 00s)  100% completed  (65% total)
     Speed:     ev/sec=3.50725e+06   simsec/sec=117638   ev/simsec=29.8139
     Messages:  created: 223752   present: 150   in FES: 150

<!> Simulation time limit reached -- at t=10000s, event #298137

Calling finish() at end of Run #81...

Preparing for running configuration Uniform, run #82...
Scenario: $N=150, $p=0.5, $repetition=2
Assigned runID=Uniform-82-20260105-17:01:07-25051
Setting up network "progetto.DatabaseNetwork"...
Initializing...

Running simulation...
** Event #0   t=0   Elapsed: 2e-06s (0m 00s)  0% completed  (65% total)
     Speed:     ev/sec=0   simsec/sec=0   ev/simsec=0
     Messages:  created: 150   present: 150   in FES: 151
** Event #301093   t=10000   Elapsed: 0.087625s (0m 00s)  100% completed  (66% total)
     Speed:     ev/sec=3.43635e+06   simsec/sec=114129   ev/simsec=30.1094
     Messages:  created: 225969   present: 150   in FES: 150

<!> Simulation time limit reached -- at t=10000s, event #301093

Calling finish() at end of Run #82...

Preparing for running configuration Uniform, run #83...
Scenario: $N=150, $p=0.5, $repetition=3
Assigned runID=Uniform-83-20260105-17:01:07-25051
Setting up network "progetto.DatabaseNetwork"...
Initializing...

Running simulation...
** Event #0   t=0   Elapsed: 3e-06s (0m 00s)  0% completed  (66% total)
     Speed:     ev/sec=0   simsec/sec=0   ev/simsec=0
     Messages:  created: 150   present: 150   in FES: 151
** Event #298901   t=10000   Elapsed: 0.087792s (0m 00s)  100% completed  (67% total)
     Speed:     ev/sec=3.40484e+06   simsec/sec=113911   ev/simsec=29.8904
     Messages:  created: 224325   present: 150   in FES: 150

<!> Simulation time limit reached -- at t=10000s, event #298901

Calling finish() at end of Run #83...

Preparing for running configuration Uniform, run #84...
Scenario: $N=150, $p=0.5, $repetition=4
Assigned runID=Uniform-84-20260105-17:01:07-25051
Setting up network "progetto.DatabaseNetwork"...
Initializing...

Running simulation...
** Event #0   t=0   Elapsed: 2e-06s (0m 00s)  0% completed  (67% total)
     Speed:     ev/sec=0   simsec/sec=0   ev/simsec=0
     Messages:  created: 150   present: 150   in FES: 151
** Event #298477   t=10000   Elapsed: 0.085711s (0m 00s)  100% completed  (68% total)
     Speed:     ev/sec=3.48249e+06   simsec/sec=116673   ev/simsec=29.8484
     Messages:  created: 224007   present: 150   in FES: 150

<!> Simulation time limit reached -- at t=10000s, event #298477

Calling finish() at end of Run #84...

Preparing for running configuration Uniform, run #85...
Scenario: $N=150, $p=0.7, $repetition=0
Assigned runID=Uniform-85-20260105-17:01:07-25051
Setting up network "progetto.DatabaseNetwork"...
Initializing...

Running simulation...
** Event #0   t=0   Elapsed: 2e-06s (0m 00s)  0% completed  (68% total)
     Speed:     ev/sec=0   simsec/sec=0   ev/simsec=0
     Messages:  created: 150   present: 150   in FES: 151
** Event #298619   t=10000   Elapsed: 0.088873s (0m 00s)  100% completed  (68% total)
     Speed:     ev/sec=3.36025e+06   simsec/sec=112526   ev/simsec=29.862
     Messages:  created: 224114   present: 152   in FES: 151

<!> Simulation time limit reached -- at t=10000s, event #298619

Calling finish() at end of Run #85...
undisposed object: (omnetpp::cMessage) DatabaseNetwork.table.ReadRequest -- check module destructor

Preparing for running configuration Uniform, run #86...
Scenario: $N=150, $p=0.7, $repetition=1
Assigned runID=Uniform-86-20260105-17:01:08-25051
Setting up network "progetto.DatabaseNetwork"...
Initializing...

Running simulation...
** Event #0   t=0   Elapsed: 3e-06s (0m 00s)  0% completed  (68% total)
     Speed:     ev/sec=0   simsec/sec=0   ev/simsec=0
     Messages:  created: 150   present: 150   in FES: 151
** Event #298137   t=10000   Elapsed: 0.086451s (0m 00s)  100% completed  (69% total)
     Speed:     ev/sec=3.44878e+06   simsec/sec=115677   ev/simsec=29.8139
     Messages:  created: 223752   present: 150   in FES: 150

<!> Simulation time limit reached -- at t=10000s, event #298137

Calling finish() at end of Run #86...

Preparing for running configuration Uniform, run #87...
Scenario: $N=150, $p=0.7, $repetition=2
Assigned runID=Uniform-87-20260105-17:01:08-25051
Setting up network "progetto.DatabaseNetwork"...
Initializing...

Running simulation...
** Event #0   t=0   Elapsed: 2e-06s (0m 00s)  0% completed  (69% total)
     Speed:     ev/sec=0   simsec/sec=0   ev/simsec=0
     Messages:  created: 150   present: 150   in FES: 151
** Event #301093   t=10000   Elapsed: 0.087482s (0m 00s)  100% completed  (70% total)
     Speed:     ev/sec=3.44197e+06   simsec/sec=114315   ev/simsec=30.1094
     Messages:  created: 225969   present: 150   in FES: 150

<!> Simulation time limit reached -- at t=10000s, event #301093

Calling finish() at end of Run #87...

Preparing for running configuration Uniform, run #88...
Scenario: $N=150, $p=0.7, $repetition=3
Assigned runID=Uniform-88-20260105-17:01:08-25051
Setting up network "progetto.DatabaseNetwork"...
Initializing...

Running simulation...
** Event #0   t=0   Elapsed: 3e-06s (0m 00s)  0% completed  (70% total)
     Speed:     ev/sec=0   simsec/sec=0   ev/simsec=0
     Messages:  created: 150   present: 150   in FES: 151
** Event #298901   t=10000   Elapsed: 0.088501s (0m 00s)  100% completed  (71% total)
     Speed:     ev/sec=3.37757e+06   simsec/sec=112998   ev/simsec=29.8904
     Messages:  created: 224325   present: 150   in FES: 150

<!> Simulation time limit reached -- at t=10000s, event #298901

Calling finish() at end of Run #88...

Preparing for running configuration Uniform, run #89...
Scenario: $N=150, $p=0.7, $repetition=4
Assigned runID=Uniform-89-20260105-17:01:08-25051
Setting up network "progetto.DatabaseNetwork"...
Initializing...

Running simulation...
** Event #0   t=0   Elapsed: 3e-06s (0m 00s)  0% completed  (71% total)
     Speed:     ev/sec=0   simsec/sec=0   ev/simsec=0
     Messages:  created: 150   present: 150   in FES: 151
** Event #298477   t=10000   Elapsed: 0.086286s (0m 00s)  100% completed  (72% total)
     Speed:     ev/sec=3.45924e+06   simsec/sec=115894   ev/simsec=29.8484
     Messages:  created: 224007   present: 150   in FES: 150

<!> Simulation time limit reached -- at t=10000s, event #298477

Calling finish() at end of Run #89...

Preparing for running configuration Uniform, run #90...
Scenario: $N=150, $p=0.8, $repetition=0
Assigned runID=Uniform-90-20260105-17:01:08-25051
Setting up network "progetto.DatabaseNetwork"...
Initializing...

Running simulation...
** Event #0   t=0   Elapsed: 3e-06s (0m 00s)  0% completed  (72% total)
     Speed:     ev/sec=0   simsec/sec=0   ev/simsec=0
     Messages:  created: 150   present: 150   in FES: 151
** Event #298619   t=10000   Elapsed: 0.086298s (0m 00s)  100% completed  (72% total)
     Speed:     ev/sec=3.46048e+06   simsec/sec=115882   ev/simsec=29.862
     Messages:  created: 224114   present: 152   in FES: 151

<!> Simulation time limit reached -- at t=10000s, event #298619

Calling finish() at end of Run #90...
undisposed object: (omnetpp::cMessage) DatabaseNetwork.table.ReadRequest -- check module destructor

Preparing for running configuration Uniform, run #91...
Scenario: $N=150, $p=0.8, $repetition=1
Assigned runID=Uniform-91-20260105-17:01:08-25051
Setting up network "progetto.DatabaseNetwork"...
Initializing...

Running simulation...
** Event #0   t=0   Elapsed: 1e-06s (0m 00s)  0% completed  (72% total)
     Speed:     ev/sec=0   simsec/sec=0   ev/simsec=0
     Messages:  created: 150   present: 150   in FES: 151
** Event #298137   t=10000   Elapsed: 0.087061s (0m 00s)  100% completed  (73% total)
     Speed:     ev/sec=3.42466e+06   simsec/sec=114868   ev/simsec=29.8139
     Messages:  created: 223752   present: 150   in FES: 150

<!> Simulation time limit reached -- at t=10000s, event #298137

Calling finish() at end of Run #91...

Preparing for running configuration Uniform, run #92...
Scenario: $N=150, $p=0.8, $repetition=2
Assigned runID=Uniform-92-20260105-17:01:08-25051
Setting up network "progetto.DatabaseNetwork"...
Initializing...

Running simulation...
** Event #0   t=0   Elapsed: 3e-06s (0m 00s)  0% completed  (73% total)
     Speed:     ev/sec=0   simsec/sec=0   ev/simsec=0
     Messages:  created: 150   present: 150   in FES: 151
** Event #301093   t=10000   Elapsed: 0.088093s (0m 00s)  100% completed  (74% total)
     Speed:     ev/sec=3.41809e+06   simsec/sec=113523   ev/simsec=30.1094
     Messages:  created: 225969   present: 150   in FES: 150

<!> Simulation time limit reached -- at t=10000s, event #301093

Calling finish() at end of Run #92...

Preparing for running configuration Uniform, run #93...
Scenario: $N=150, $p=0.8, $repetition=3
Assigned runID=Uniform-93-20260105-17:01:09-25051
Setting up network "progetto.DatabaseNetwork"...
Initializing...

Running simulation...
** Event #0   t=0   Elapsed: 2e-06s (0m 00s)  0% completed  (74% total)
     Speed:     ev/sec=0   simsec/sec=0   ev/simsec=0
     Messages:  created: 150   present: 150   in FES: 151
** Event #298901   t=10000   Elapsed: 0.08645s (0m 00s)  100% completed  (75% total)
     Speed:     ev/sec=3.45758e+06   simsec/sec=115675   ev/simsec=29.8904
     Messages:  created: 224325   present: 150   in FES: 150

<!> Simulation time limit reached -- at t=10000s, event #298901

Calling finish() at end of Run #93...

Preparing for running configuration Uniform, run #94...
Scenario: $N=150, $p=0.8, $repetition=4
Assigned runID=Uniform-94-20260105-17:01:09-25051
Setting up network "progetto.DatabaseNetwork"...
Initializing...

Running simulation...
** Event #0   t=0   Elapsed: 6e-06s (0m 00s)  0% completed  (75% total)
     Speed:     ev/sec=0   simsec/sec=0   ev/simsec=0
     Messages:  created: 150   present: 150   in FES: 151
** Event #298477   t=10000   Elapsed: 0.085273s (0m 00s)  100% completed  (76% total)
     Speed:     ev/sec=3.50054e+06   simsec/sec=117277   ev/simsec=29.8484
     Messages:  created: 224007   present: 150   in FES: 150

<!> Simulation time limit reached -- at t=10000s, event #298477

Calling finish() at end of Run #94...

Preparing for running configuration Uniform, run #95...
Scenario: $N=150, $p=0.9, $repetition=0
Assigned runID=Uniform-95-20260105-17:01:09-25051
Setting up network "progetto.DatabaseNetwork"...
Initializing...

Running simulation...
** Event #0   t=0   Elapsed: 3e-06s (0m 00s)  0% completed  (76% total)
     Speed:     ev/sec=0   simsec/sec=0   ev/simsec=0
     Messages:  created: 150   present: 150   in FES: 151
** Event #298619   t=10000   Elapsed: 0.088925s (0m 00s)  100% completed  (76% total)
     Speed:     ev/sec=3.35829e+06   simsec/sec=112460   ev/simsec=29.862
     Messages:  created: 224114   present: 152   in FES: 151

<!> Simulation time limit reached -- at t=10000s, event #298619

Calling finish() at end of Run #95...
undisposed object: (omnetpp::cMessage) DatabaseNetwork.table.ReadRequest -- check module destructor

Preparing for running configuration Uniform, run #96...
Scenario: $N=150, $p=0.9, $repetition=1
Assigned runID=Uniform-96-20260105-17:01:09-25051
Setting up network "progetto.DatabaseNetwork"...
Initializing...

Running simulation...
** Event #0   t=0   Elapsed: 2e-06s (0m 00s)  0% completed  (76% total)
     Speed:     ev/sec=0   simsec/sec=0   ev/simsec=0
     Messages:  created: 150   present: 150   in FES: 151
** Event #298137   t=10000   Elapsed: 0.08774s (0m 00s)  100% completed  (77% total)
     Speed:     ev/sec=3.39815e+06   simsec/sec=113979   ev/simsec=29.8139
     Messages:  created: 223752   present: 150   in FES: 150

<!> Simulation time limit reached -- at t=10000s, event #298137

Calling finish() at end of Run #96...

Preparing for running configuration Uniform, run #97...
Scenario: $N=150, $p=0.9, $repetition=2
Assigned runID=Uniform-97-20260105-17:01:09-25051
Setting up network "progetto.DatabaseNetwork"...
Initializing...

Running simulation...
** Event #0   t=0   Elapsed: 3e-06s (0m 00s)  0% completed  (77% total)
     Speed:     ev/sec=0   simsec/sec=0   ev/simsec=0
     Messages:  created: 150   present: 150   in FES: 151
** Event #301093   t=10000   Elapsed: 0.087213s (0m 00s)  100% completed  (78% total)
     Speed:     ev/sec=3.45247e+06   simsec/sec=114664   ev/simsec=30.1094
     Messages:  created: 225969   present: 150   in FES: 150

<!> Simulation time limit reached -- at t=10000s, event #301093

Calling finish() at end of Run #97...

Preparing for running configuration Uniform, run #98...
Scenario: $N=150, $p=0.9, $repetition=3
Assigned runID=Uniform-98-20260105-17:01:09-25051
Setting up network "progetto.DatabaseNetwork"...
Initializing...

Running simulation...
** Event #0   t=0   Elapsed: 3e-06s (0m 00s)  0% completed  (78% total)
     Speed:     ev/sec=0   simsec/sec=0   ev/simsec=0
     Messages:  created: 150   present: 150   in FES: 151
** Event #298901   t=10000   Elapsed: 0.089086s (0m 00s)  100% completed  (79% total)
     Speed:     ev/sec=3.35538e+06   simsec/sec=112256   ev/simsec=29.8904
     Messages:  created: 224325   present: 150   in FES: 150

<!> Simulation time limit reached -- at t=10000s, event #298901

Calling finish() at end of Run #98...

Preparing for running configuration Uniform, run #99...
Scenario: $N=150, $p=0.9, $repetition=4
Assigned runID=Uniform-99-20260105-17:01:09-25051
Setting up network "progetto.DatabaseNetwork"...
Initializing...

Running simulation...
** Event #0   t=0   Elapsed: 3e-06s (0m 00s)  0% completed  (79% total)
     Speed:     ev/sec=0   simsec/sec=0   ev/simsec=0
     Messages:  created: 150   present: 150   in FES: 151
** Event #298477   t=10000   Elapsed: 0.09076s (0m 00s)  100% completed  (80% total)
     Speed:     ev/sec=3.28882e+06   simsec/sec=110184   ev/simsec=29.8484
     Messages:  created: 224007   present: 150   in FES: 150

<!> Simulation time limit reached -- at t=10000s, event #298477

Calling finish() at end of Run #99...

Preparing for running configuration Uniform, run #100...
Scenario: $N=200, $p=0.3, $repetition=0
Assigned runID=Uniform-100-20260105-17:01:10-25051
Setting up network "progetto.DatabaseNetwork"...
Initializing...

Running simulation...
** Event #0   t=0   Elapsed: 2e-06s (0m 00s)  0% completed  (80% total)
     Speed:     ev/sec=0   simsec/sec=0   ev/simsec=0
     Messages:  created: 200   present: 200   in FES: 201
** Event #398309   t=10000   Elapsed: 0.123481s (0m 00s)  100% completed  (80% total)
     Speed:     ev/sec=3.22583e+06   simsec/sec=80986.3   ev/simsec=39.8318
     Messages:  created: 298931   present: 200   in FES: 200

<!> Simulation time limit reached -- at t=10000s, event #398309

Calling finish() at end of Run #100...

Preparing for running configuration Uniform, run #101...
Scenario: $N=200, $p=0.3, $repetition=1
Assigned runID=Uniform-101-20260105-17:01:10-25051
Setting up network "progetto.DatabaseNetwork"...
Initializing...

Running simulation...
** Event #0   t=0   Elapsed: 3e-06s (0m 00s)  0% completed  (80% total)
     Speed:     ev/sec=0   simsec/sec=0   ev/simsec=0
     Messages:  created: 200   present: 200   in FES: 201
** Event #397765   t=10000   Elapsed: 0.11753s (0m 00s)  100% completed  (81% total)
     Speed:     ev/sec=3.38446e+06   simsec/sec=85084.9   ev/simsec=39.7774
     Messages:  created: 298523   present: 200   in FES: 200

<!> Simulation time limit reached -- at t=10000s, event #397765

Calling finish() at end of Run #101...

Preparing for running configuration Uniform, run #102...
Scenario: $N=200, $p=0.3, $repetition=2
Assigned runID=Uniform-102-20260105-17:01:10-25051
Setting up network "progetto.DatabaseNetwork"...
Initializing...

Running simulation...
** Event #0   t=0   Elapsed: 3e-06s (0m 00s)  0% completed  (81% total)
     Speed:     ev/sec=0   simsec/sec=0   ev/simsec=0
     Messages:  created: 200   present: 200   in FES: 201
** Event #400435   t=10000   Elapsed: 0.124643s (0m 00s)  100% completed  (82% total)
     Speed:     ev/sec=3.21278e+06   simsec/sec=80232.1   ev/simsec=40.0436
     Messages:  created: 300526   present: 202   in FES: 201

<!> Simulation time limit reached -- at t=10000s, event #400435

Calling finish() at end of Run #102...
undisposed object: (omnetpp::cMessage) DatabaseNetwork.table.ReadRequest -- check module destructor

Preparing for running configuration Uniform, run #103...
Scenario: $N=200, $p=0.3, $repetition=3
Assigned runID=Uniform-103-20260105-17:01:10-25051
Setting up network "progetto.DatabaseNetwork"...
Initializing...

Running simulation...
** Event #0   t=0   Elapsed: 2e-06s (0m 00s)  0% completed  (82% total)
     Speed:     ev/sec=0   simsec/sec=0   ev/simsec=0
     Messages:  created: 200   present: 200   in FES: 201
** Event #398969   t=10000   Elapsed: 0.11736s (0m 00s)  100% completed  (83% total)
     Speed:     ev/sec=3.39971e+06   simsec/sec=85211.9   ev/simsec=39.8971
     Messages:  created: 299427   present: 204   in FES: 202

<!> Simulation time limit reached -- at t=10000s, event #398969

Calling finish() at end of Run #103...
undisposed object: (omnetpp::cMessage) DatabaseNetwork.table.WriteRequest -- check module destructor
undisposed object: (omnetpp::cMessage) DatabaseNetwork.table.ReadRequest -- check module destructor

Preparing for running configuration Uniform, run #104...
Scenario: $N=200, $p=0.3, $repetition=4
Assigned runID=Uniform-104-20260105-17:01:10-25051
Setting up network "progetto.DatabaseNetwork"...
Initializing...

Running simulation...
** Event #0   t=0   Elapsed: 1e-06s (0m 00s)  0% completed  (83% total)
     Speed:     ev/sec=0   simsec/sec=0   ev/simsec=0
     Messages:  created: 200   present: 200   in FES: 201
** Event #399215   t=10000   Elapsed: 0.117462s (0m 00s)  100% completed  (84% total)
     Speed:     ev/sec=3.39876e+06   simsec/sec=85135.5   ev/simsec=39.9218
     Messages:  created: 299611   present: 202   in FES: 201

<!> Simulation time limit reached -- at t=10000s, event #399215

Calling finish() at end of Run #104...
undisposed object: (omnetpp::cMessage) DatabaseNetwork.table.WriteRequest -- check module destructor

Preparing for running configuration Uniform, run #105...
Scenario: $N=200, $p=0.5, $repetition=0
Assigned runID=Uniform-105-20260105-17:01:11-25051
Setting up network "progetto.DatabaseNetwork"...
Initializing...

Running simulation...
** Event #0   t=0   Elapsed: 3e-06s (0m 00s)  0% completed  (84% total)
     Speed:     ev/sec=0   simsec/sec=0   ev/simsec=0
     Messages:  created: 200   present: 200   in FES: 201
** Event #398309   t=10000   Elapsed: 0.13031s (0m 00s)  100% completed  (84% total)
     Speed:     ev/sec=3.05681e+06   simsec/sec=76743.1   ev/simsec=39.8318
     Messages:  created: 298931   present: 200   in FES: 200

<!> Simulation time limit reached -- at t=10000s, event #398309

Calling finish() at end of Run #105...

Preparing for running configuration Uniform, run #106...
Scenario: $N=200, $p=0.5, $repetition=1
Assigned runID=Uniform-106-20260105-17:01:11-25051
Setting up network "progetto.DatabaseNetwork"...
Initializing...

Running simulation...
** Event #0   t=0   Elapsed: 4e-06s (0m 00s)  0% completed  (84% total)
     Speed:     ev/sec=0   simsec/sec=0   ev/simsec=0
     Messages:  created: 200   present: 200   in FES: 201
** Event #397765   t=10000   Elapsed: 0.122643s (0m 00s)  100% completed  (85% total)
     Speed:     ev/sec=3.24346e+06   simsec/sec=81540.3   ev/simsec=39.7774
     Messages:  created: 298523   present: 200   in FES: 200

<!> Simulation time limit reached -- at t=10000s, event #397765

Calling finish() at end of Run #106...

Preparing for running configuration Uniform, run #107...
Scenario: $N=200, $p=0.5, $repetition=2
Assigned runID=Uniform-107-20260105-17:01:11-25051
Setting up network "progetto.DatabaseNetwork"...
Initializing...

Running simulation...
** Event #0   t=0   Elapsed: 2e-06s (0m 00s)  0% completed  (85% total)
     Speed:     ev/sec=0   simsec/sec=0   ev/simsec=0
     Messages:  created: 200   present: 200   in FES: 201
** Event #400435   t=10000   Elapsed: 0.125091s (0m 00s)  100% completed  (86% total)
     Speed:     ev/sec=3.20125e+06   simsec/sec=79944.1   ev/simsec=40.0436
     Messages:  created: 300526   present: 202   in FES: 201

<!> Simulation time limit reached -- at t=10000s, event #400435

Calling finish() at end of Run #107...
undisposed object: (omnetpp::cMessage) DatabaseNetwork.table.ReadRequest -- check module destructor

Preparing for running configuration Uniform, run #108...
Scenario: $N=200, $p=0.5, $repetition=3
Assigned runID=Uniform-108-20260105-17:01:11-25051
Setting up network "progetto.DatabaseNetwork"...
Initializing...

Running simulation...
** Event #0   t=0   Elapsed: 6e-06s (0m 00s)  0% completed  (86% total)
     Speed:     ev/sec=0   simsec/sec=0   ev/simsec=0
     Messages:  created: 200   present: 200   in FES: 201
** Event #398969   t=10000   Elapsed: 0.12804s (0m 00s)  100% completed  (87% total)
     Speed:     ev/sec=3.11614e+06   simsec/sec=78104.5   ev/simsec=39.8971
     Messages:  created: 299427   present: 204   in FES: 202

<!> Simulation time limit reached -- at t=10000s, event #398969

Calling finish() at end of Run #108...
undisposed object: (omnetpp::cMessage) DatabaseNetwork.table.WriteRequest -- check module destructor
undisposed object: (omnetpp::cMessage) DatabaseNetwork.table.ReadRequest -- check module destructor

Preparing for running configuration Uniform, run #109...
Scenario: $N=200, $p=0.5, $repetition=4
Assigned runID=Uniform-109-20260105-17:01:11-25051
Setting up network "progetto.DatabaseNetwork"...
Initializing...

Running simulation...
** Event #0   t=0   Elapsed: 3e-06s (0m 00s)  0% completed  (87% total)
     Speed:     ev/sec=0   simsec/sec=0   ev/simsec=0
     Messages:  created: 200   present: 200   in FES: 201
** Event #399215   t=10000   Elapsed: 0.122825s (0m 00s)  100% completed  (88% total)
     Speed:     ev/sec=3.25043e+06   simsec/sec=81420.1   ev/simsec=39.9218
     Messages:  created: 299611   present: 202   in FES: 201

<!> Simulation time limit reached -- at t=10000s, event #399215

Calling finish() at end of Run #109...
undisposed object: (omnetpp::cMessage) DatabaseNetwork.table.ReadRequest -- check module destructor

Preparing for running configuration Uniform, run #110...
Scenario: $N=200, $p=0.7, $repetition=0
Assigned runID=Uniform-110-20260105-17:01:12-25051
Setting up network "progetto.DatabaseNetwork"...
Initializing...

Running simulation...
** Event #0   t=0   Elapsed: 3e-06s (0m 00s)  0% completed  (88% total)
     Speed:     ev/sec=0   simsec/sec=0   ev/simsec=0
     Messages:  created: 200   present: 200   in FES: 201
** Event #398309   t=10000   Elapsed: 0.12166s (0m 00s)  100% completed  (88% total)
     Speed:     ev/sec=3.27411e+06   simsec/sec=82198.5   ev/simsec=39.8318
     Messages:  created: 298931   present: 200   in FES: 200

<!> Simulation time limit reached -- at t=10000s, event #398309

Calling finish() at end of Run #110...

Preparing for running configuration Uniform, run #111...
Scenario: $N=200, $p=0.7, $repetition=1
Assigned runID=Uniform-111-20260105-17:01:12-25051
Setting up network "progetto.DatabaseNetwork"...
Initializing...

Running simulation...
** Event #0   t=0   Elapsed: 3e-06s (0m 00s)  0% completed  (88% total)
     Speed:     ev/sec=0   simsec/sec=0   ev/simsec=0
     Messages:  created: 200   present: 200   in FES: 201
** Event #397765   t=10000   Elapsed: 0.119556s (0m 00s)  100% completed  (89% total)
     Speed:     ev/sec=3.32719e+06   simsec/sec=83645.1   ev/simsec=39.7774
     Messages:  created: 298523   present: 200   in FES: 200

<!> Simulation time limit reached -- at t=10000s, event #397765

Calling finish() at end of Run #111...

Preparing for running configuration Uniform, run #112...
Scenario: $N=200, $p=0.7, $repetition=2
Assigned runID=Uniform-112-20260105-17:01:12-25051
Setting up network "progetto.DatabaseNetwork"...
Initializing...

Running simulation...
** Event #0   t=0   Elapsed: 2e-06s (0m 00s)  0% completed  (89% total)
     Speed:     ev/sec=0   simsec/sec=0   ev/simsec=0
     Messages:  created: 200   present: 200   in FES: 201
** Event #400435   t=10000   Elapsed: 0.125881s (0m 00s)  100% completed  (90% total)
     Speed:     ev/sec=3.18121e+06   simsec/sec=79443.7   ev/simsec=40.0436
     Messages:  created: 300526   present: 202   in FES: 201

<!> Simulation time limit reached -- at t=10000s, event #400435

Calling finish() at end of Run #112...
undisposed object: (omnetpp::cMessage) DatabaseNetwork.table.ReadRequest -- check module destructor

Preparing for running configuration Uniform, run #113...
Scenario: $N=200, $p=0.7, $repetition=3
Assigned runID=Uniform-113-20260105-17:01:12-25051
Setting up network "progetto.DatabaseNetwork"...
Initializing...

Running simulation...
** Event #0   t=0   Elapsed: 2e-06s (0m 00s)  0% completed  (90% total)
     Speed:     ev/sec=0   simsec/sec=0   ev/simsec=0
     Messages:  created: 200   present: 200   in FES: 201
** Event #398969   t=10000   Elapsed: 0.11791s (0m 00s)  100% completed  (91% total)
     Speed:     ev/sec=3.38373e+06   simsec/sec=84811.5   ev/simsec=39.8971
     Messages:  created: 299427   present: 204   in FES: 202

<!> Simulation time limit reached -- at t=10000s, event #398969

Calling finish() at end of Run #113...
undisposed object: (omnetpp::cMessage) DatabaseNetwork.table.WriteRequest -- check module destructor
undisposed object: (omnetpp::cMessage) DatabaseNetwork.table.ReadRequest -- check module destructor

Preparing for running configuration Uniform, run #114...
Scenario: $N=200, $p=0.7, $repetition=4
Assigned runID=Uniform-114-20260105-17:01:12-25051
Setting up network "progetto.DatabaseNetwork"...
Initializing...

Running simulation...
** Event #0   t=0   Elapsed: 4e-06s (0m 00s)  0% completed  (91% total)
     Speed:     ev/sec=0   simsec/sec=0   ev/simsec=0
     Messages:  created: 200   present: 200   in FES: 201
** Event #399215   t=10000   Elapsed: 0.126987s (0m 00s)  100% completed  (92% total)
     Speed:     ev/sec=3.14392e+06   simsec/sec=78752   ev/simsec=39.9218
     Messages:  created: 299611   present: 202   in FES: 201

<!> Simulation time limit reached -- at t=10000s, event #399215

Calling finish() at end of Run #114...
undisposed object: (omnetpp::cMessage) DatabaseNetwork.table.ReadRequest -- check module destructor

Preparing for running configuration Uniform, run #115...
Scenario: $N=200, $p=0.8, $repetition=0
Assigned runID=Uniform-115-20260105-17:01:13-25051
Setting up network "progetto.DatabaseNetwork"...
Initializing...

Running simulation...
** Event #0   t=0   Elapsed: 3e-06s (0m 00s)  0% completed  (92% total)
     Speed:     ev/sec=0   simsec/sec=0   ev/simsec=0
     Messages:  created: 200   present: 200   in FES: 201
** Event #398309   t=10000   Elapsed: 0.128115s (0m 00s)  100% completed  (92% total)
     Speed:     ev/sec=3.10912e+06   simsec/sec=78056.2   ev/simsec=39.8318
     Messages:  created: 298931   present: 200   in FES: 200

<!> Simulation time limit reached -- at t=10000s, event #398309

Calling finish() at end of Run #115...

Preparing for running configuration Uniform, run #116...
Scenario: $N=200, $p=0.8, $repetition=1
Assigned runID=Uniform-116-20260105-17:01:13-25051
Setting up network "progetto.DatabaseNetwork"...
Initializing...

Running simulation...
** Event #0   t=0   Elapsed: 3e-06s (0m 00s)  0% completed  (92% total)
     Speed:     ev/sec=0   simsec/sec=0   ev/simsec=0
     Messages:  created: 200   present: 200   in FES: 201
** Event #397765   t=10000   Elapsed: 0.117951s (0m 00s)  100% completed  (93% total)
     Speed:     ev/sec=3.37243e+06   simsec/sec=84782.6   ev/simsec=39.7774
     Messages:  created: 298523   present: 200   in FES: 200

<!> Simulation time limit reached -- at t=10000s, event #397765

Calling finish() at end of Run #116...

Preparing for running configuration Uniform, run #117...
Scenario: $N=200, $p=0.8, $repetition=2
Assigned runID=Uniform-117-20260105-17:01:13-25051
Setting up network "progetto.DatabaseNetwork"...
Initializing...

Running simulation...
** Event #0   t=0   Elapsed: 3e-06s (0m 00s)  0% completed  (93% total)
     Speed:     ev/sec=0   simsec/sec=0   ev/simsec=0
     Messages:  created: 200   present: 200   in FES: 201
** Event #400435   t=10000   Elapsed: 0.118808s (0m 00s)  100% completed  (94% total)
     Speed:     ev/sec=3.37058e+06   simsec/sec=84172.7   ev/simsec=40.0436
     Messages:  created: 300526   present: 202   in FES: 201

<!> Simulation time limit reached -- at t=10000s, event #400435

Calling finish() at end of Run #117...
undisposed object: (omnetpp::cMessage) DatabaseNetwork.table.ReadRequest -- check module destructor

Preparing for running configuration Uniform, run #118...
Scenario: $N=200, $p=0.8, $repetition=3
Assigned runID=Uniform-118-20260105-17:01:13-25051
Setting up network "progetto.DatabaseNetwork"...
Initializing...

Running simulation...
** Event #0   t=0   Elapsed: 3e-06s (0m 00s)  0% completed  (94% total)
     Speed:     ev/sec=0   simsec/sec=0   ev/simsec=0
     Messages:  created: 200   present: 200   in FES: 201
** Event #398969   t=10000   Elapsed: 0.117624s (0m 00s)  100% completed  (95% total)
     Speed:     ev/sec=3.39199e+06   simsec/sec=85018.4   ev/simsec=39.8971
     Messages:  created: 299427   present: 204   in FES: 202

<!> Simulation time limit reached -- at t=10000s, event #398969

Calling finish() at end of Run #118...
undisposed object: (omnetpp::cMessage) DatabaseNetwork.table.WriteRequest -- check module destructor
undisposed object: (omnetpp::cMessage) DatabaseNetwork.table.ReadRequest -- check module destructor

Preparing for running configuration Uniform, run #119...
Scenario: $N=200, $p=0.8, $repetition=4
Assigned runID=Uniform-119-20260105-17:01:13-25051
Setting up network "progetto.DatabaseNetwork"...
Initializing...

Running simulation...
** Event #0   t=0   Elapsed: 2e-06s (0m 00s)  0% completed  (95% total)
     Speed:     ev/sec=0   simsec/sec=0   ev/simsec=0
     Messages:  created: 200   present: 200   in FES: 201
** Event #399215   t=10000   Elapsed: 0.117135s (0m 00s)  100% completed  (96% total)
     Speed:     ev/sec=3.40822e+06   simsec/sec=85372.5   ev/simsec=39.9218
     Messages:  created: 299611   present: 202   in FES: 201

<!> Simulation time limit reached -- at t=10000s, event #399215

Calling finish() at end of Run #119...
undisposed object: (omnetpp::cMessage) DatabaseNetwork.table.ReadRequest -- check module destructor

Preparing for running configuration Uniform, run #120...
Scenario: $N=200, $p=0.9, $repetition=0
Assigned runID=Uniform-120-20260105-17:01:14-25051
Setting up network "progetto.DatabaseNetwork"...
Initializing...

Running simulation...
** Event #0   t=0   Elapsed: 3e-06s (0m 00s)  0% completed  (96% total)
     Speed:     ev/sec=0   simsec/sec=0   ev/simsec=0
     Messages:  created: 200   present: 200   in FES: 201
** Event #398309   t=10000   Elapsed: 0.120247s (0m 00s)  100% completed  (96% total)
     Speed:     ev/sec=3.31256e+06   simsec/sec=83163.8   ev/simsec=39.8318
     Messages:  created: 298931   present: 200   in FES: 200

<!> Simulation time limit reached -- at t=10000s, event #398309

Calling finish() at end of Run #120...

Preparing for running configuration Uniform, run #121...
Scenario: $N=200, $p=0.9, $repetition=1
Assigned runID=Uniform-121-20260105-17:01:14-25051
Setting up network "progetto.DatabaseNetwork"...
Initializing...

Running simulation...
** Event #0   t=0   Elapsed: 2e-06s (0m 00s)  0% completed  (96% total)
     Speed:     ev/sec=0   simsec/sec=0   ev/simsec=0
     Messages:  created: 200   present: 200   in FES: 201
** Event #397765   t=10000   Elapsed: 0.117938s (0m 00s)  100% completed  (97% total)
     Speed:     ev/sec=3.3728e+06   simsec/sec=84792   ev/simsec=39.7774
     Messages:  created: 298523   present: 200   in FES: 200

<!> Simulation time limit reached -- at t=10000s, event #397765

Calling finish() at end of Run #121...

Preparing for running configuration Uniform, run #122...
Scenario: $N=200, $p=0.9, $repetition=2
Assigned runID=Uniform-122-20260105-17:01:14-25051
Setting up network "progetto.DatabaseNetwork"...
Initializing...

Running simulation...
** Event #0   t=0   Elapsed: 3e-06s (0m 00s)  0% completed  (97% total)
     Speed:     ev/sec=0   simsec/sec=0   ev/simsec=0
     Messages:  created: 200   present: 200   in FES: 201
** Event #400435   t=10000   Elapsed: 0.119782s (0m 00s)  100% completed  (98% total)
     Speed:     ev/sec=3.34317e+06   simsec/sec=83488.3   ev/simsec=40.0436
     Messages:  created: 300526   present: 202   in FES: 201

<!> Simulation time limit reached -- at t=10000s, event #400435

Calling finish() at end of Run #122...
undisposed object: (omnetpp::cMessage) DatabaseNetwork.table.ReadRequest -- check module destructor

Preparing for running configuration Uniform, run #123...
Scenario: $N=200, $p=0.9, $repetition=3
Assigned runID=Uniform-123-20260105-17:01:14-25051
Setting up network "progetto.DatabaseNetwork"...
Initializing...

Running simulation...
** Event #0   t=0   Elapsed: 3e-06s (0m 00s)  0% completed  (98% total)
     Speed:     ev/sec=0   simsec/sec=0   ev/simsec=0
     Messages:  created: 200   present: 200   in FES: 201
** Event #398969   t=10000   Elapsed: 0.118256s (0m 00s)  100% completed  (99% total)
     Speed:     ev/sec=3.37395e+06   simsec/sec=84566.2   ev/simsec=39.8971
     Messages:  created: 299427   present: 204   in FES: 202

<!> Simulation time limit reached -- at t=10000s, event #398969

Calling finish() at end of Run #123...
undisposed object: (omnetpp::cMessage) DatabaseNetwork.table.ReadRequest -- check module destructor
undisposed object: (omnetpp::cMessage) DatabaseNetwork.table.ReadRequest -- check module destructor

Preparing for running configuration Uniform, run #124...
Scenario: $N=200, $p=0.9, $repetition=4
Assigned runID=Uniform-124-20260105-17:01:14-25051
Setting up network "progetto.DatabaseNetwork"...
Initializing...

Running simulation...
** Event #0   t=0   Elapsed: 3e-06s (0m 00s)  0% completed  (99% total)
     Speed:     ev/sec=0   simsec/sec=0   ev/simsec=0
     Messages:  created: 200   present: 200   in FES: 201
** Event #399215   t=10000   Elapsed: 0.118821s (0m 00s)  100% completed  (100% total)
     Speed:     ev/sec=3.35994e+06   simsec/sec=84163.2   ev/simsec=39.9218
     Messages:  created: 299611   present: 202   in FES: 201

<!> Simulation time limit reached -- at t=10000s, event #399215

Calling finish() at end of Run #124...
undisposed object: (omnetpp::cMessage) DatabaseNetwork.table.ReadRequest -- check module destructor

Run statistics: total 125, successful 125

End.
