OMNeT++ Discrete Event Simulation  (C) 1992-2025 Andras Varga, OpenSim Ltd.
Version: 6.2.0, build: 250714-83e173e93a, edition: Academic Public License -- NOT FOR COMMERCIAL USE
See the license for distribution terms and warranty disclaimer

Setting up Cmdenv...

Loading NED files from .:  0
Loading NED files from ../src:  3

Preparing for running configuration Uniform, run #0...
Scenario: $N=50, $p=0.5, $repetition=0
Assigned runID=Uniform-0-20260105-16:46:27-16714
Setting up network "progetto.DatabaseNetwork"...
Initializing...

Running simulation...
** Event #0   t=0   Elapsed: 8e-06s (0m 00s)  0% completed  (0% total)
     Speed:     ev/sec=0   simsec/sec=0   ev/simsec=0
     Messages:  created: 50   present: 50   in FES: 51
** Event #99617   t=10000   Elapsed: 0.03282s (0m 00s)  100% completed  (3% total)
     Speed:     ev/sec=3.03609e+06   simsec/sec=304773   ev/simsec=9.96178
     Messages:  created: 74762   present: 50   in FES: 50

<!> Simulation time limit reached -- at t=10000s, event #99617

Calling finish() at end of Run #0...

Preparing for running configuration Uniform, run #1...
Scenario: $N=50, $p=0.5, $repetition=1
Assigned runID=Uniform-1-20260105-16:46:27-16714
Setting up network "progetto.DatabaseNetwork"...
Initializing...

Running simulation...
** Event #0   t=0   Elapsed: 3e-06s (0m 00s)  0% completed  (3% total)
     Speed:     ev/sec=0   simsec/sec=0   ev/simsec=0
     Messages:  created: 50   present: 50   in FES: 51
** Event #99201   t=10000   Elapsed: 0.037876s (0m 00s)  100% completed  (6% total)
     Speed:     ev/sec=2.61944e+06   simsec/sec=264033   ev/simsec=9.92091
     Messages:  created: 74450   present: 50   in FES: 50

<!> Simulation time limit reached -- at t=10000s, event #99201

Calling finish() at end of Run #1...

Preparing for running configuration Uniform, run #2...
Scenario: $N=50, $p=0.5, $repetition=2
Assigned runID=Uniform-2-20260105-16:46:27-16714
Setting up network "progetto.DatabaseNetwork"...
Initializing...

Running simulation...
** Event #0   t=0   Elapsed: 2e-06s (0m 00s)  0% completed  (6% total)
     Speed:     ev/sec=0   simsec/sec=0   ev/simsec=0
     Messages:  created: 50   present: 50   in FES: 51
** Event #100285   t=10000   Elapsed: 0.026808s (0m 00s)  100% completed  (10% total)
     Speed:     ev/sec=3.74114e+06   simsec/sec=373046   ev/simsec=10.0286
     Messages:  created: 75263   present: 50   in FES: 50

<!> Simulation time limit reached -- at t=10000s, event #100285

Calling finish() at end of Run #2...

Preparing for running configuration Uniform, run #3...
Scenario: $N=50, $p=0.5, $repetition=3
Assigned runID=Uniform-3-20260105-16:46:27-16714
Setting up network "progetto.DatabaseNetwork"...
Initializing...

Running simulation...
** Event #0   t=0   Elapsed: 2e-06s (0m 00s)  0% completed  (10% total)
     Speed:     ev/sec=0   simsec/sec=0   ev/simsec=0
     Messages:  created: 50   present: 50   in FES: 51
** Event #100435   t=10000   Elapsed: 0.025355s (0m 00s)  100% completed  (13% total)
     Speed:     ev/sec=3.96146e+06   simsec/sec=394431   ev/simsec=10.0435
     Messages:  created: 75376   present: 52   in FES: 51

<!> Simulation time limit reached -- at t=10000s, event #100435

Calling finish() at end of Run #3...
undisposed object: (omnetpp::cMessage) DatabaseNetwork.table.ReadRequest -- check module destructor

Preparing for running configuration Uniform, run #4...
Scenario: $N=50, $p=0.5, $repetition=4
Assigned runID=Uniform-4-20260105-16:46:27-16714
Setting up network "progetto.DatabaseNetwork"...
Initializing...

Running simulation...
** Event #0   t=0   Elapsed: 1e-06s (0m 00s)  0% completed  (13% total)
     Speed:     ev/sec=0   simsec/sec=0   ev/simsec=0
     Messages:  created: 50   present: 50   in FES: 51
** Event #98301   t=10000   Elapsed: 0.024011s (0m 00s)  100% completed  (16% total)
     Speed:     ev/sec=4.09434e+06   simsec/sec=416510   ev/simsec=9.83011
     Messages:  created: 73775   present: 50   in FES: 50

<!> Simulation time limit reached -- at t=10000s, event #98301

Calling finish() at end of Run #4...

Preparing for running configuration Uniform, run #5...
Scenario: $N=50, $p=0.8, $repetition=0
Assigned runID=Uniform-5-20260105-16:46:27-16714
Setting up network "progetto.DatabaseNetwork"...
Initializing...

Running simulation...
** Event #0   t=0   Elapsed: 1e-06s (0m 00s)  0% completed  (16% total)
     Speed:     ev/sec=0   simsec/sec=0   ev/simsec=0
     Messages:  created: 50   present: 50   in FES: 51
** Event #99617   t=10000   Elapsed: 0.024486s (0m 00s)  100% completed  (20% total)
     Speed:     ev/sec=4.06866e+06   simsec/sec=408427   ev/simsec=9.96178
     Messages:  created: 74762   present: 50   in FES: 50

<!> Simulation time limit reached -- at t=10000s, event #99617

Calling finish() at end of Run #5...

Preparing for running configuration Uniform, run #6...
Scenario: $N=50, $p=0.8, $repetition=1
Assigned runID=Uniform-6-20260105-16:46:27-16714
Setting up network "progetto.DatabaseNetwork"...
Initializing...

Running simulation...
** Event #0   t=0   Elapsed: 1e-06s (0m 00s)  0% completed  (20% total)
     Speed:     ev/sec=0   simsec/sec=0   ev/simsec=0
     Messages:  created: 50   present: 50   in FES: 51
** Event #99201   t=10000   Elapsed: 0.024329s (0m 00s)  100% completed  (23% total)
     Speed:     ev/sec=4.07781e+06   simsec/sec=411033   ev/simsec=9.92091
     Messages:  created: 74450   present: 50   in FES: 50

<!> Simulation time limit reached -- at t=10000s, event #99201

Calling finish() at end of Run #6...

Preparing for running configuration Uniform, run #7...
Scenario: $N=50, $p=0.8, $repetition=2
Assigned runID=Uniform-7-20260105-16:46:27-16714
Setting up network "progetto.DatabaseNetwork"...
Initializing...

Running simulation...
** Event #0   t=0   Elapsed: 2e-06s (0m 00s)  0% completed  (23% total)
     Speed:     ev/sec=0   simsec/sec=0   ev/simsec=0
     Messages:  created: 50   present: 50   in FES: 51
** Event #100285   t=10000   Elapsed: 0.024596s (0m 00s)  100% completed  (26% total)
     Speed:     ev/sec=4.07745e+06   simsec/sec=406582   ev/simsec=10.0286
     Messages:  created: 75263   present: 50   in FES: 50

<!> Simulation time limit reached -- at t=10000s, event #100285

Calling finish() at end of Run #7...

Preparing for running configuration Uniform, run #8...
Scenario: $N=50, $p=0.8, $repetition=3
Assigned runID=Uniform-8-20260105-16:46:27-16714
Setting up network "progetto.DatabaseNetwork"...
Initializing...

Running simulation...
** Event #0   t=0   Elapsed: 2e-06s (0m 00s)  0% completed  (26% total)
     Speed:     ev/sec=0   simsec/sec=0   ev/simsec=0
     Messages:  created: 50   present: 50   in FES: 51
** Event #100435   t=10000   Elapsed: 0.0247s (0m 00s)  100% completed  (30% total)
     Speed:     ev/sec=4.06652e+06   simsec/sec=404891   ev/simsec=10.0435
     Messages:  created: 75376   present: 52   in FES: 51

<!> Simulation time limit reached -- at t=10000s, event #100435

Calling finish() at end of Run #8...
undisposed object: (omnetpp::cMessage) DatabaseNetwork.table.ReadRequest -- check module destructor

Preparing for running configuration Uniform, run #9...
Scenario: $N=50, $p=0.8, $repetition=4
Assigned runID=Uniform-9-20260105-16:46:28-16714
Setting up network "progetto.DatabaseNetwork"...
Initializing...

Running simulation...
** Event #0   t=0   Elapsed: 2e-06s (0m 00s)  0% completed  (30% total)
     Speed:     ev/sec=0   simsec/sec=0   ev/simsec=0
     Messages:  created: 50   present: 50   in FES: 51
** Event #98301   t=10000   Elapsed: 0.024016s (0m 00s)  100% completed  (33% total)
     Speed:     ev/sec=4.09349e+06   simsec/sec=416423   ev/simsec=9.83011
     Messages:  created: 73775   present: 50   in FES: 50

<!> Simulation time limit reached -- at t=10000s, event #98301

Calling finish() at end of Run #9...

Preparing for running configuration Uniform, run #10...
Scenario: $N=100, $p=0.5, $repetition=0
Assigned runID=Uniform-10-20260105-16:46:28-16714
Setting up network "progetto.DatabaseNetwork"...
Initializing...

Running simulation...
** Event #0   t=0   Elapsed: 1e-06s (0m 00s)  0% completed  (33% total)
     Speed:     ev/sec=0   simsec/sec=0   ev/simsec=0
     Messages:  created: 100   present: 100   in FES: 101
** Event #199859   t=10000   Elapsed: 0.054291s (0m 00s)  100% completed  (36% total)
     Speed:     ev/sec=3.68153e+06   simsec/sec=184205   ev/simsec=19.9861
     Messages:  created: 149994   present: 102   in FES: 101

<!> Simulation time limit reached -- at t=10000s, event #199859

Calling finish() at end of Run #10...
undisposed object: (omnetpp::cMessage) DatabaseNetwork.table.ReadRequest -- check module destructor

Preparing for running configuration Uniform, run #11...
Scenario: $N=100, $p=0.5, $repetition=1
Assigned runID=Uniform-11-20260105-16:46:28-16714
Setting up network "progetto.DatabaseNetwork"...
Initializing...

Running simulation...
** Event #0   t=0   Elapsed: 2e-06s (0m 00s)  0% completed  (36% total)
     Speed:     ev/sec=0   simsec/sec=0   ev/simsec=0
     Messages:  created: 100   present: 100   in FES: 101
** Event #199197   t=10000   Elapsed: 0.053826s (0m 00s)  100% completed  (40% total)
     Speed:     ev/sec=3.7009e+06   simsec/sec=185786   ev/simsec=19.9203
     Messages:  created: 149497   present: 100   in FES: 100

<!> Simulation time limit reached -- at t=10000s, event #199197

Calling finish() at end of Run #11...

Preparing for running configuration Uniform, run #12...
Scenario: $N=100, $p=0.5, $repetition=2
Assigned runID=Uniform-12-20260105-16:46:28-16714
Setting up network "progetto.DatabaseNetwork"...
Initializing...

Running simulation...
** Event #0   t=0   Elapsed: 2e-06s (0m 00s)  0% completed  (40% total)
     Speed:     ev/sec=0   simsec/sec=0   ev/simsec=0
     Messages:  created: 100   present: 100   in FES: 101
** Event #200371   t=10000   Elapsed: 0.053508s (0m 00s)  100% completed  (43% total)
     Speed:     ev/sec=3.74483e+06   simsec/sec=186895   ev/simsec=20.0371
     Messages:  created: 150378   present: 102   in FES: 101

<!> Simulation time limit reached -- at t=10000s, event #200371

Calling finish() at end of Run #12...
undisposed object: (omnetpp::cMessage) DatabaseNetwork.table.ReadRequest -- check module destructor

Preparing for running configuration Uniform, run #13...
Scenario: $N=100, $p=0.5, $repetition=3
Assigned runID=Uniform-13-20260105-16:46:28-16714
Setting up network "progetto.DatabaseNetwork"...
Initializing...

Running simulation...
** Event #0   t=0   Elapsed: 1e-06s (0m 00s)  0% completed  (43% total)
     Speed:     ev/sec=0   simsec/sec=0   ev/simsec=0
     Messages:  created: 100   present: 100   in FES: 101
** Event #199429   t=10000   Elapsed: 0.053346s (0m 00s)  100% completed  (46% total)
     Speed:     ev/sec=3.73855e+06   simsec/sec=187457   ev/simsec=19.9435
     Messages:  created: 149671   present: 100   in FES: 100

<!> Simulation time limit reached -- at t=10000s, event #199429

Calling finish() at end of Run #13...

Preparing for running configuration Uniform, run #14...
Scenario: $N=100, $p=0.5, $repetition=4
Assigned runID=Uniform-14-20260105-16:46:28-16714
Setting up network "progetto.DatabaseNetwork"...
Initializing...

Running simulation...
** Event #0   t=0   Elapsed: 2e-06s (0m 00s)  0% completed  (46% total)
     Speed:     ev/sec=0   simsec/sec=0   ev/simsec=0
     Messages:  created: 100   present: 100   in FES: 101
** Event #198445   t=10000   Elapsed: 0.053068s (0m 00s)  100% completed  (50% total)
     Speed:     ev/sec=3.73966e+06   simsec/sec=188447   ev/simsec=19.8446
     Messages:  created: 148933   present: 100   in FES: 100

<!> Simulation time limit reached -- at t=10000s, event #198445

Calling finish() at end of Run #14...

Preparing for running configuration Uniform, run #15...
Scenario: $N=100, $p=0.8, $repetition=0
Assigned runID=Uniform-15-20260105-16:46:28-16714
Setting up network "progetto.DatabaseNetwork"...
Initializing...

Running simulation...
** Event #0   t=0   Elapsed: 2e-06s (0m 00s)  0% completed  (50% total)
     Speed:     ev/sec=0   simsec/sec=0   ev/simsec=0
     Messages:  created: 100   present: 100   in FES: 101
** Event #199859   t=10000   Elapsed: 0.052365s (0m 00s)  100% completed  (53% total)
     Speed:     ev/sec=3.8168e+06   simsec/sec=190973   ev/simsec=19.9861
     Messages:  created: 149994   present: 102   in FES: 101

<!> Simulation time limit reached -- at t=10000s, event #199859

Calling finish() at end of Run #15...
undisposed object: (omnetpp::cMessage) DatabaseNetwork.table.ReadRequest -- check module destructor

Preparing for running configuration Uniform, run #16...
Scenario: $N=100, $p=0.8, $repetition=1
Assigned runID=Uniform-16-20260105-16:46:28-16714
Setting up network "progetto.DatabaseNetwork"...
Initializing...

Running simulation...
** Event #0   t=0   Elapsed: 2e-06s (0m 00s)  0% completed  (53% total)
     Speed:     ev/sec=0   simsec/sec=0   ev/simsec=0
     Messages:  created: 100   present: 100   in FES: 101
** Event #199197   t=10000   Elapsed: 0.052288s (0m 00s)  100% completed  (56% total)
     Speed:     ev/sec=3.80983e+06   simsec/sec=191254   ev/simsec=19.9203
     Messages:  created: 149497   present: 100   in FES: 100

<!> Simulation time limit reached -- at t=10000s, event #199197

Calling finish() at end of Run #16...

Preparing for running configuration Uniform, run #17...
Scenario: $N=100, $p=0.8, $repetition=2
Assigned runID=Uniform-17-20260105-16:46:28-16714
Setting up network "progetto.DatabaseNetwork"...
Initializing...

Running simulation...
** Event #0   t=0   Elapsed: 2e-06s (0m 00s)  0% completed  (56% total)
     Speed:     ev/sec=0   simsec/sec=0   ev/simsec=0
     Messages:  created: 100   present: 100   in FES: 101
** Event #200371   t=10000   Elapsed: 0.052927s (0m 00s)  100% completed  (60% total)
     Speed:     ev/sec=3.78601e+06   simsec/sec=188950   ev/simsec=20.0371
     Messages:  created: 150378   present: 102   in FES: 101

<!> Simulation time limit reached -- at t=10000s, event #200371

Calling finish() at end of Run #17...
undisposed object: (omnetpp::cMessage) DatabaseNetwork.table.ReadRequest -- check module destructor

Preparing for running configuration Uniform, run #18...
Scenario: $N=100, $p=0.8, $repetition=3
Assigned runID=Uniform-18-20260105-16:46:28-16714
Setting up network "progetto.DatabaseNetwork"...
Initializing...

Running simulation...
** Event #0   t=0   Elapsed: 2e-06s (0m 00s)  0% completed  (60% total)
     Speed:     ev/sec=0   simsec/sec=0   ev/simsec=0
     Messages:  created: 100   present: 100   in FES: 101
** Event #199429   t=10000   Elapsed: 0.052467s (0m 00s)  100% completed  (63% total)
     Speed:     ev/sec=3.80125e+06   simsec/sec=190601   ev/simsec=19.9435
     Messages:  created: 149671   present: 100   in FES: 100

<!> Simulation time limit reached -- at t=10000s, event #199429

Calling finish() at end of Run #18...

Preparing for running configuration Uniform, run #19...
Scenario: $N=100, $p=0.8, $repetition=4
Assigned runID=Uniform-19-20260105-16:46:28-16714
Setting up network "progetto.DatabaseNetwork"...
Initializing...

Running simulation...
** Event #0   t=0   Elapsed: 2e-06s (0m 00s)  0% completed  (63% total)
     Speed:     ev/sec=0   simsec/sec=0   ev/simsec=0
     Messages:  created: 100   present: 100   in FES: 101
** Event #198445   t=10000   Elapsed: 0.053169s (0m 00s)  100% completed  (66% total)
     Speed:     ev/sec=3.73248e+06   simsec/sec=188086   ev/simsec=19.8446
     Messages:  created: 148933   present: 100   in FES: 100

<!> Simulation time limit reached -- at t=10000s, event #198445

Calling finish() at end of Run #19...

Preparing for running configuration Uniform, run #20...
Scenario: $N=200, $p=0.5, $repetition=0
Assigned runID=Uniform-20-20260105-16:46:28-16714
Setting up network "progetto.DatabaseNetwork"...
Initializing...

Running simulation...
** Event #0   t=0   Elapsed: 2e-06s (0m 00s)  0% completed  (66% total)
     Speed:     ev/sec=0   simsec/sec=0   ev/simsec=0
     Messages:  created: 200   present: 200   in FES: 201
** Event #398309   t=10000   Elapsed: 0.121285s (0m 00s)  100% completed  (70% total)
     Speed:     ev/sec=3.28421e+06   simsec/sec=82452   ev/simsec=39.8318
     Messages:  created: 298931   present: 200   in FES: 200

<!> Simulation time limit reached -- at t=10000s, event #398309

Calling finish() at end of Run #20...

Preparing for running configuration Uniform, run #21...
Scenario: $N=200, $p=0.5, $repetition=1
Assigned runID=Uniform-21-20260105-16:46:29-16714
Setting up network "progetto.DatabaseNetwork"...
Initializing...

Running simulation...
** Event #0   t=0   Elapsed: 3e-06s (0m 00s)  0% completed  (70% total)
     Speed:     ev/sec=0   simsec/sec=0   ev/simsec=0
     Messages:  created: 200   present: 200   in FES: 201
** Event #397765   t=10000   Elapsed: 0.115308s (0m 00s)  100% completed  (73% total)
     Speed:     ev/sec=3.44974e+06   simsec/sec=86726   ev/simsec=39.7774
     Messages:  created: 298523   present: 200   in FES: 200

<!> Simulation time limit reached -- at t=10000s, event #397765

Calling finish() at end of Run #21...

Preparing for running configuration Uniform, run #22...
Scenario: $N=200, $p=0.5, $repetition=2
Assigned runID=Uniform-22-20260105-16:46:29-16714
Setting up network "progetto.DatabaseNetwork"...
Initializing...

Running simulation...
** Event #0   t=0   Elapsed: 3e-06s (0m 00s)  0% completed  (73% total)
     Speed:     ev/sec=0   simsec/sec=0   ev/simsec=0
     Messages:  created: 200   present: 200   in FES: 201
** Event #400435   t=10000   Elapsed: 0.117537s (0m 00s)  100% completed  (76% total)
     Speed:     ev/sec=3.40709e+06   simsec/sec=85084.4   ev/simsec=40.0436
     Messages:  created: 300526   present: 202   in FES: 201

<!> Simulation time limit reached -- at t=10000s, event #400435

Calling finish() at end of Run #22...
undisposed object: (omnetpp::cMessage) DatabaseNetwork.table.ReadRequest -- check module destructor

Preparing for running configuration Uniform, run #23...
Scenario: $N=200, $p=0.5, $repetition=3
Assigned runID=Uniform-23-20260105-16:46:29-16714
Setting up network "progetto.DatabaseNetwork"...
Initializing...

Running simulation...
** Event #0   t=0   Elapsed: 2e-06s (0m 00s)  0% completed  (76% total)
     Speed:     ev/sec=0   simsec/sec=0   ev/simsec=0
     Messages:  created: 200   present: 200   in FES: 201
** Event #398969   t=10000   Elapsed: 0.116325s (0m 00s)  100% completed  (80% total)
     Speed:     ev/sec=3.4299e+06   simsec/sec=85968.6   ev/simsec=39.8971
     Messages:  created: 299427   present: 204   in FES: 202

<!> Simulation time limit reached -- at t=10000s, event #398969

Calling finish() at end of Run #23...
undisposed object: (omnetpp::cMessage) DatabaseNetwork.table.WriteRequest -- check module destructor
undisposed object: (omnetpp::cMessage) DatabaseNetwork.table.ReadRequest -- check module destructor

Preparing for running configuration Uniform, run #24...
Scenario: $N=200, $p=0.5, $repetition=4
Assigned runID=Uniform-24-20260105-16:46:29-16714
Setting up network "progetto.DatabaseNetwork"...
Initializing...

Running simulation...
** Event #0   t=0   Elapsed: 3e-06s (0m 00s)  0% completed  (80% total)
     Speed:     ev/sec=0   simsec/sec=0   ev/simsec=0
     Messages:  created: 200   present: 200   in FES: 201
** Event #399215   t=10000   Elapsed: 0.117063s (0m 00s)  100% completed  (83% total)
     Speed:     ev/sec=3.4104e+06   simsec/sec=85427.2   ev/simsec=39.9218
     Messages:  created: 299611   present: 202   in FES: 201

<!> Simulation time limit reached -- at t=10000s, event #399215

Calling finish() at end of Run #24...
undisposed object: (omnetpp::cMessage) DatabaseNetwork.table.ReadRequest -- check module destructor

Preparing for running configuration Uniform, run #25...
Scenario: $N=200, $p=0.8, $repetition=0
Assigned runID=Uniform-25-20260105-16:46:29-16714
Setting up network "progetto.DatabaseNetwork"...
Initializing...

Running simulation...
** Event #0   t=0   Elapsed: 3e-06s (0m 00s)  0% completed  (83% total)
     Speed:     ev/sec=0   simsec/sec=0   ev/simsec=0
     Messages:  created: 200   present: 200   in FES: 201
** Event #398309   t=10000   Elapsed: 0.116273s (0m 00s)  100% completed  (86% total)
     Speed:     ev/sec=3.42575e+06   simsec/sec=86005.6   ev/simsec=39.8318
     Messages:  created: 298931   present: 200   in FES: 200

<!> Simulation time limit reached -- at t=10000s, event #398309

Calling finish() at end of Run #25...

Preparing for running configuration Uniform, run #26...
Scenario: $N=200, $p=0.8, $repetition=1
Assigned runID=Uniform-26-20260105-16:46:30-16714
Setting up network "progetto.DatabaseNetwork"...
Initializing...

Running simulation...
** Event #0   t=0   Elapsed: 2e-06s (0m 00s)  0% completed  (86% total)
     Speed:     ev/sec=0   simsec/sec=0   ev/simsec=0
     Messages:  created: 200   present: 200   in FES: 201
** Event #397765   t=10000   Elapsed: 0.124535s (0m 00s)  100% completed  (90% total)
     Speed:     ev/sec=3.19418e+06   simsec/sec=80301.4   ev/simsec=39.7774
     Messages:  created: 298523   present: 200   in FES: 200

<!> Simulation time limit reached -- at t=10000s, event #397765

Calling finish() at end of Run #26...

Preparing for running configuration Uniform, run #27...
Scenario: $N=200, $p=0.8, $repetition=2
Assigned runID=Uniform-27-20260105-16:46:30-16714
Setting up network "progetto.DatabaseNetwork"...
Initializing...

Running simulation...
** Event #0   t=0   Elapsed: 3e-06s (0m 00s)  0% completed  (90% total)
     Speed:     ev/sec=0   simsec/sec=0   ev/simsec=0
     Messages:  created: 200   present: 200   in FES: 201
** Event #400435   t=10000   Elapsed: 0.121679s (0m 00s)  100% completed  (93% total)
     Speed:     ev/sec=3.29105e+06   simsec/sec=82186.6   ev/simsec=40.0436
     Messages:  created: 300526   present: 202   in FES: 201

<!> Simulation time limit reached -- at t=10000s, event #400435

Calling finish() at end of Run #27...
undisposed object: (omnetpp::cMessage) DatabaseNetwork.table.ReadRequest -- check module destructor

Preparing for running configuration Uniform, run #28...
Scenario: $N=200, $p=0.8, $repetition=3
Assigned runID=Uniform-28-20260105-16:46:30-16714
Setting up network "progetto.DatabaseNetwork"...
Initializing...

Running simulation...
** Event #0   t=0   Elapsed: 3e-06s (0m 00s)  0% completed  (93% total)
     Speed:     ev/sec=0   simsec/sec=0   ev/simsec=0
     Messages:  created: 200   present: 200   in FES: 201
** Event #398969   t=10000   Elapsed: 0.126905s (0m 00s)  100% completed  (96% total)
     Speed:     ev/sec=3.14399e+06   simsec/sec=78802.5   ev/simsec=39.8971
     Messages:  created: 299427   present: 204   in FES: 202

<!> Simulation time limit reached -- at t=10000s, event #398969

Calling finish() at end of Run #28...
undisposed object: (omnetpp::cMessage) DatabaseNetwork.table.WriteRequest -- check module destructor
undisposed object: (omnetpp::cMessage) DatabaseNetwork.table.ReadRequest -- check module destructor

Preparing for running configuration Uniform, run #29...
Scenario: $N=200, $p=0.8, $repetition=4
Assigned runID=Uniform-29-20260105-16:46:30-16714
Setting up network "progetto.DatabaseNetwork"...
Initializing...

Running simulation...
** Event #0   t=0   Elapsed: 3e-06s (0m 00s)  0% completed  (96% total)
     Speed:     ev/sec=0   simsec/sec=0   ev/simsec=0
     Messages:  created: 200   present: 200   in FES: 201
** Event #399215   t=10000   Elapsed: 0.116505s (0m 00s)  100% completed  (100% total)
     Speed:     ev/sec=3.42674e+06   simsec/sec=85836.3   ev/simsec=39.9218
     Messages:  created: 299611   present: 202   in FES: 201

<!> Simulation time limit reached -- at t=10000s, event #399215

Calling finish() at end of Run #29...
undisposed object: (omnetpp::cMessage) DatabaseNetwork.table.ReadRequest -- check module destructor

Run statistics: total 30, successful 30

End.
