OMNeT++ Discrete Event Simulation  (C) 1992-2025 Andras Varga, OpenSim Ltd.
Version: 6.2.0, build: 250714-83e173e93a, edition: Academic Public License -- NOT FOR COMMERCIAL USE
See the license for distribution terms and warranty disclaimer

Setting up Cmdenv...

Loading NED files from ../src:  3
Loading NED files from .:  3

Preparing for running configuration Uniform, run #0...
Scenario: $M=10, $N=100, $p=0.3, $repetition=0
Assigned runID=Uniform-0-20260202-17:26:07-20515
Setting up network "progetto.DatabaseNetwork"...
Initializing...

Running simulation...
** Event #0   t=0   Elapsed: 9e-06s (0m 00s)  0% completed  (0% total)
     Speed:     ev/sec=0   simsec/sec=0   ev/simsec=0
     Messages:  created: 100   present: 100   in FES: 101
** Event #200683   t=10000   Elapsed: 0.096663s (0m 00s)  100% completed  (0% total)
     Speed:     ev/sec=2.07632e+06   simsec/sec=103462   ev/simsec=20.0684
     Messages:  created: 150612   present: 102   in FES: 101

<!> Simulation time limit reached -- at t=10000s, event #200683

Calling finish() at end of Run #0...
undisposed object: (omnetpp::cMessage) DatabaseNetwork.table.WriteRequest -- check module destructor

Preparing for running configuration Uniform, run #1...
Scenario: $M=10, $N=100, $p=0.3, $repetition=1
Assigned runID=Uniform-1-20260202-17:26:08-20515
Setting up network "progetto.DatabaseNetwork"...
Initializing...

Running simulation...
** Event #0   t=0   Elapsed: 4e-06s (0m 00s)  0% completed  (0% total)
     Speed:     ev/sec=0   simsec/sec=0   ev/simsec=0
     Messages:  created: 100   present: 100   in FES: 101
** Event #201007   t=10000   Elapsed: 0.083452s (0m 00s)  100% completed  (0% total)
     Speed:     ev/sec=2.40886e+06   simsec/sec=119839   ev/simsec=20.1007
     Messages:  created: 150855   present: 102   in FES: 101

<!> Simulation time limit reached -- at t=10000s, event #201007

Calling finish() at end of Run #1...
undisposed object: (omnetpp::cMessage) DatabaseNetwork.table.WriteRequest -- check module destructor

Preparing for running configuration Uniform, run #2...
Scenario: $M=10, $N=100, $p=0.3, $repetition=2
Assigned runID=Uniform-2-20260202-17:26:08-20515
Setting up network "progetto.DatabaseNetwork"...
Initializing...

Running simulation...
** Event #0   t=0   Elapsed: 2e-06s (0m 00s)  0% completed  (0% total)
     Speed:     ev/sec=0   simsec/sec=0   ev/simsec=0
     Messages:  created: 100   present: 100   in FES: 101
** Event #200687   t=10000   Elapsed: 0.064853s (0m 00s)  100% completed  (0% total)
     Speed:     ev/sec=3.09473e+06   simsec/sec=154206   ev/simsec=20.0687
     Messages:  created: 150615   present: 102   in FES: 101

<!> Simulation time limit reached -- at t=10000s, event #200687

Calling finish() at end of Run #2...
undisposed object: (omnetpp::cMessage) DatabaseNetwork.table.WriteRequest -- check module destructor

Preparing for running configuration Uniform, run #3...
Scenario: $M=10, $N=100, $p=0.3, $repetition=3
Assigned runID=Uniform-3-20260202-17:26:08-20515
Setting up network "progetto.DatabaseNetwork"...
Initializing...

Running simulation...
** Event #0   t=0   Elapsed: 3e-06s (0m 00s)  0% completed  (0% total)
     Speed:     ev/sec=0   simsec/sec=0   ev/simsec=0
     Messages:  created: 100   present: 100   in FES: 101
** Event #199669   t=10000   Elapsed: 0.064836s (0m 00s)  100% completed  (1% total)
     Speed:     ev/sec=3.07993e+06   simsec/sec=154250   ev/simsec=19.9672
     Messages:  created: 149851   present: 100   in FES: 100

<!> Simulation time limit reached -- at t=10000s, event #199669

Calling finish() at end of Run #3...

Preparing for running configuration Uniform, run #4...
Scenario: $M=10, $N=100, $p=0.3, $repetition=4
Assigned runID=Uniform-4-20260202-17:26:08-20515
Setting up network "progetto.DatabaseNetwork"...
Initializing...

Running simulation...
** Event #0   t=0   Elapsed: 2e-06s (0m 00s)  0% completed  (1% total)
     Speed:     ev/sec=0   simsec/sec=0   ev/simsec=0
     Messages:  created: 100   present: 100   in FES: 101
** Event #199397   t=10000   Elapsed: 0.064283s (0m 00s)  100% completed  (1% total)
     Speed:     ev/sec=3.1021e+06   simsec/sec=155569   ev/simsec=19.9404
     Messages:  created: 149647   present: 100   in FES: 100

<!> Simulation time limit reached -- at t=10000s, event #199397

Calling finish() at end of Run #4...

Preparing for running configuration Uniform, run #5...
Scenario: $M=10, $N=100, $p=0.5, $repetition=0
Assigned runID=Uniform-5-20260202-17:26:08-20515
Setting up network "progetto.DatabaseNetwork"...
Initializing...

Running simulation...
** Event #0   t=0   Elapsed: 2e-06s (0m 00s)  0% completed  (1% total)
     Speed:     ev/sec=0   simsec/sec=0   ev/simsec=0
     Messages:  created: 100   present: 100   in FES: 101
** Event #200683   t=10000   Elapsed: 0.064915s (0m 00s)  100% completed  (1% total)
     Speed:     ev/sec=3.09171e+06   simsec/sec=154058   ev/simsec=20.0684
     Messages:  created: 150612   present: 102   in FES: 101

<!> Simulation time limit reached -- at t=10000s, event #200683

Calling finish() at end of Run #5...
undisposed object: (omnetpp::cMessage) DatabaseNetwork.table.ReadRequest -- check module destructor

Preparing for running configuration Uniform, run #6...
Scenario: $M=10, $N=100, $p=0.5, $repetition=1
Assigned runID=Uniform-6-20260202-17:26:08-20515
Setting up network "progetto.DatabaseNetwork"...
Initializing...

Running simulation...
** Event #0   t=0   Elapsed: 2e-06s (0m 00s)  0% completed  (1% total)
     Speed:     ev/sec=0   simsec/sec=0   ev/simsec=0
     Messages:  created: 100   present: 100   in FES: 101
** Event #201007   t=10000   Elapsed: 0.057874s (0m 00s)  100% completed  (1% total)
     Speed:     ev/sec=3.47348e+06   simsec/sec=172804   ev/simsec=20.1007
     Messages:  created: 150855   present: 102   in FES: 101

<!> Simulation time limit reached -- at t=10000s, event #201007

Calling finish() at end of Run #6...
undisposed object: (omnetpp::cMessage) DatabaseNetwork.table.WriteRequest -- check module destructor

Preparing for running configuration Uniform, run #7...
Scenario: $M=10, $N=100, $p=0.5, $repetition=2
Assigned runID=Uniform-7-20260202-17:26:08-20515
Setting up network "progetto.DatabaseNetwork"...
Initializing...

Running simulation...
** Event #0   t=0   Elapsed: 2e-06s (0m 00s)  0% completed  (1% total)
     Speed:     ev/sec=0   simsec/sec=0   ev/simsec=0
     Messages:  created: 100   present: 100   in FES: 101
** Event #200687   t=10000   Elapsed: 0.05366s (0m 00s)  100% completed  (2% total)
     Speed:     ev/sec=3.74032e+06   simsec/sec=186376   ev/simsec=20.0687
     Messages:  created: 150615   present: 102   in FES: 101

<!> Simulation time limit reached -- at t=10000s, event #200687

Calling finish() at end of Run #7...
undisposed object: (omnetpp::cMessage) DatabaseNetwork.table.WriteRequest -- check module destructor

Preparing for running configuration Uniform, run #8...
Scenario: $M=10, $N=100, $p=0.5, $repetition=3
Assigned runID=Uniform-8-20260202-17:26:08-20515
Setting up network "progetto.DatabaseNetwork"...
Initializing...

Running simulation...
** Event #0   t=0   Elapsed: 2e-06s (0m 00s)  0% completed  (2% total)
     Speed:     ev/sec=0   simsec/sec=0   ev/simsec=0
     Messages:  created: 100   present: 100   in FES: 101
** Event #199669   t=10000   Elapsed: 0.053793s (0m 00s)  100% completed  (2% total)
     Speed:     ev/sec=3.71208e+06   simsec/sec=185909   ev/simsec=19.9672
     Messages:  created: 149851   present: 100   in FES: 100

<!> Simulation time limit reached -- at t=10000s, event #199669

Calling finish() at end of Run #8...

Preparing for running configuration Uniform, run #9...
Scenario: $M=10, $N=100, $p=0.5, $repetition=4
Assigned runID=Uniform-9-20260202-17:26:08-20515
Setting up network "progetto.DatabaseNetwork"...
Initializing...

Running simulation...
** Event #0   t=0   Elapsed: 2e-06s (0m 00s)  0% completed  (2% total)
     Speed:     ev/sec=0   simsec/sec=0   ev/simsec=0
     Messages:  created: 100   present: 100   in FES: 101
** Event #199397   t=10000   Elapsed: 0.052459s (0m 00s)  100% completed  (2% total)
     Speed:     ev/sec=3.80137e+06   simsec/sec=190637   ev/simsec=19.9404
     Messages:  created: 149647   present: 100   in FES: 100

<!> Simulation time limit reached -- at t=10000s, event #199397

Calling finish() at end of Run #9...

Preparing for running configuration Uniform, run #10...
Scenario: $M=10, $N=100, $p=0.8, $repetition=0
Assigned runID=Uniform-10-20260202-17:26:08-20515
Setting up network "progetto.DatabaseNetwork"...
Initializing...

Running simulation...
** Event #0   t=0   Elapsed: 2e-06s (0m 00s)  0% completed  (2% total)
     Speed:     ev/sec=0   simsec/sec=0   ev/simsec=0
     Messages:  created: 100   present: 100   in FES: 101
** Event #200683   t=10000   Elapsed: 0.052625s (0m 00s)  100% completed  (3% total)
     Speed:     ev/sec=3.81367e+06   simsec/sec=190033   ev/simsec=20.0684
     Messages:  created: 150612   present: 102   in FES: 101

<!> Simulation time limit reached -- at t=10000s, event #200683

Calling finish() at end of Run #10...
undisposed object: (omnetpp::cMessage) DatabaseNetwork.table.ReadRequest -- check module destructor

Preparing for running configuration Uniform, run #11...
Scenario: $M=10, $N=100, $p=0.8, $repetition=1
Assigned runID=Uniform-11-20260202-17:26:08-20515
Setting up network "progetto.DatabaseNetwork"...
Initializing...

Running simulation...
** Event #0   t=0   Elapsed: 2e-06s (0m 00s)  0% completed  (3% total)
     Speed:     ev/sec=0   simsec/sec=0   ev/simsec=0
     Messages:  created: 100   present: 100   in FES: 101
** Event #201007   t=10000   Elapsed: 0.053802s (0m 00s)  100% completed  (3% total)
     Speed:     ev/sec=3.73647e+06   simsec/sec=185887   ev/simsec=20.1007
     Messages:  created: 150855   present: 102   in FES: 101

<!> Simulation time limit reached -- at t=10000s, event #201007

Calling finish() at end of Run #11...
undisposed object: (omnetpp::cMessage) DatabaseNetwork.table.ReadRequest -- check module destructor

Preparing for running configuration Uniform, run #12...
Scenario: $M=10, $N=100, $p=0.8, $repetition=2
Assigned runID=Uniform-12-20260202-17:26:08-20515
Setting up network "progetto.DatabaseNetwork"...
Initializing...

Running simulation...
** Event #0   t=0   Elapsed: 2e-06s (0m 00s)  0% completed  (3% total)
     Speed:     ev/sec=0   simsec/sec=0   ev/simsec=0
     Messages:  created: 100   present: 100   in FES: 101
** Event #200687   t=10000   Elapsed: 0.054164s (0m 00s)  100% completed  (3% total)
     Speed:     ev/sec=3.70558e+06   simsec/sec=184645   ev/simsec=20.0687
     Messages:  created: 150615   present: 102   in FES: 101

<!> Simulation time limit reached -- at t=10000s, event #200687

Calling finish() at end of Run #12...
undisposed object: (omnetpp::cMessage) DatabaseNetwork.table.WriteRequest -- check module destructor

Preparing for running configuration Uniform, run #13...
Scenario: $M=10, $N=100, $p=0.8, $repetition=3
Assigned runID=Uniform-13-20260202-17:26:08-20515
Setting up network "progetto.DatabaseNetwork"...
Initializing...

Running simulation...
** Event #0   t=0   Elapsed: 2e-06s (0m 00s)  0% completed  (3% total)
     Speed:     ev/sec=0   simsec/sec=0   ev/simsec=0
     Messages:  created: 100   present: 100   in FES: 101
** Event #199669   t=10000   Elapsed: 0.053485s (0m 00s)  100% completed  (3% total)
     Speed:     ev/sec=3.73353e+06   simsec/sec=186983   ev/simsec=19.9672
     Messages:  created: 149851   present: 100   in FES: 100

<!> Simulation time limit reached -- at t=10000s, event #199669

Calling finish() at end of Run #13...

Preparing for running configuration Uniform, run #14...
Scenario: $M=10, $N=100, $p=0.8, $repetition=4
Assigned runID=Uniform-14-20260202-17:26:08-20515
Setting up network "progetto.DatabaseNetwork"...
Initializing...

Running simulation...
** Event #0   t=0   Elapsed: 2e-06s (0m 00s)  0% completed  (3% total)
     Speed:     ev/sec=0   simsec/sec=0   ev/simsec=0
     Messages:  created: 100   present: 100   in FES: 101
** Event #199397   t=10000   Elapsed: 0.052987s (0m 00s)  100% completed  (4% total)
     Speed:     ev/sec=3.76349e+06   simsec/sec=188737   ev/simsec=19.9404
     Messages:  created: 149647   present: 100   in FES: 100

<!> Simulation time limit reached -- at t=10000s, event #199397

Calling finish() at end of Run #14...

Preparing for running configuration Uniform, run #15...
Scenario: $M=10, $N=500, $p=0.3, $repetition=0
Assigned runID=Uniform-15-20260202-17:26:08-20515
Setting up network "progetto.DatabaseNetwork"...
Initializing...

Running simulation...
** Event #0   t=0   Elapsed: 3e-06s (0m 00s)  0% completed  (4% total)
     Speed:     ev/sec=0   simsec/sec=0   ev/simsec=0
     Messages:  created: 500   present: 500   in FES: 501
** Event #998915   t=10000   Elapsed: 0.313027s (0m 00s)  100% completed  (4% total)
     Speed:     ev/sec=3.19121e+06   simsec/sec=31946.7   ev/simsec=99.8916
     Messages:  created: 749688   present: 510   in FES: 505

<!> Simulation time limit reached -- at t=10000s, event #998915

Calling finish() at end of Run #15...
undisposed object: (omnetpp::cMessage) DatabaseNetwork.table.ReadRequest -- check module destructor
undisposed object: (omnetpp::cMessage) DatabaseNetwork.table.WriteRequest -- check module destructor
undisposed object: (omnetpp::cMessage) DatabaseNetwork.table.WriteRequest -- check module destructor
undisposed object: (omnetpp::cMessage) DatabaseNetwork.table.ReadRequest -- check module destructor
undisposed object: (omnetpp::cMessage) DatabaseNetwork.table.ReadRequest -- check module destructor

Preparing for running configuration Uniform, run #16...
Scenario: $M=10, $N=500, $p=0.3, $repetition=1
Assigned runID=Uniform-16-20260202-17:26:09-20515
Setting up network "progetto.DatabaseNetwork"...
Initializing...

Running simulation...
** Event #0   t=0   Elapsed: 3e-06s (0m 00s)  0% completed  (4% total)
     Speed:     ev/sec=0   simsec/sec=0   ev/simsec=0
     Messages:  created: 500   present: 500   in FES: 501
** Event #999933   t=10000   Elapsed: 0.308367s (0m 00s)  100% completed  (4% total)
     Speed:     ev/sec=3.24273e+06   simsec/sec=32429.5   ev/simsec=99.9935
     Messages:  created: 750451   present: 508   in FES: 504

<!> Simulation time limit reached -- at t=10000s, event #999933

Calling finish() at end of Run #16...
undisposed object: (omnetpp::cMessage) DatabaseNetwork.table.ReadRequest -- check module destructor
undisposed object: (omnetpp::cMessage) DatabaseNetwork.table.WriteRequest -- check module destructor
undisposed object: (omnetpp::cMessage) DatabaseNetwork.table.ReadRequest -- check module destructor
undisposed object: (omnetpp::cMessage) DatabaseNetwork.table.WriteRequest -- check module destructor

Preparing for running configuration Uniform, run #17...
Scenario: $M=10, $N=500, $p=0.3, $repetition=2
Assigned runID=Uniform-17-20260202-17:26:09-20515
Setting up network "progetto.DatabaseNetwork"...
Initializing...

Running simulation...
** Event #0   t=0   Elapsed: 3e-06s (0m 00s)  0% completed  (4% total)
     Speed:     ev/sec=0   simsec/sec=0   ev/simsec=0
     Messages:  created: 500   present: 500   in FES: 501
** Event #1003421   t=10000   Elapsed: 0.320943s (0m 00s)  100% completed  (5% total)
     Speed:     ev/sec=3.12653e+06   simsec/sec=31158.7   ev/simsec=100.342
     Messages:  created: 753066   present: 504   in FES: 502

<!> Simulation time limit reached -- at t=10000s, event #1003421

Calling finish() at end of Run #17...
undisposed object: (omnetpp::cMessage) DatabaseNetwork.table.ReadRequest -- check module destructor
undisposed object: (omnetpp::cMessage) DatabaseNetwork.table.WriteRequest -- check module destructor

Preparing for running configuration Uniform, run #18...
Scenario: $M=10, $N=500, $p=0.3, $repetition=3
Assigned runID=Uniform-18-20260202-17:26:09-20515
Setting up network "progetto.DatabaseNetwork"...
Initializing...

Running simulation...
** Event #0   t=0   Elapsed: 5e-06s (0m 00s)  0% completed  (5% total)
     Speed:     ev/sec=0   simsec/sec=0   ev/simsec=0
     Messages:  created: 500   present: 500   in FES: 501
** Event #997509   t=10000   Elapsed: 0.375749s (0m 00s)  100% completed  (5% total)
     Speed:     ev/sec=2.65477e+06   simsec/sec=26614   ev/simsec=99.7509
     Messages:  created: 748632   present: 504   in FES: 502

<!> Simulation time limit reached -- at t=10000s, event #997509

Calling finish() at end of Run #18...
undisposed object: (omnetpp::cMessage) DatabaseNetwork.table.WriteRequest -- check module destructor
undisposed object: (omnetpp::cMessage) DatabaseNetwork.table.WriteRequest -- check module destructor

Preparing for running configuration Uniform, run #19...
Scenario: $M=10, $N=500, $p=0.3, $repetition=4
Assigned runID=Uniform-19-20260202-17:26:10-20515
Setting up network "progetto.DatabaseNetwork"...
Initializing...

Running simulation...
** Event #0   t=0   Elapsed: 3e-06s (0m 00s)  0% completed  (5% total)
     Speed:     ev/sec=0   simsec/sec=0   ev/simsec=0
     Messages:  created: 500   present: 500   in FES: 501
** Event #998367   t=10000   Elapsed: 0.313667s (0m 00s)  100% completed  (5% total)
     Speed:     ev/sec=3.18295e+06   simsec/sec=31881.3   ev/simsec=99.8374
     Messages:  created: 749275   present: 502   in FES: 501

<!> Simulation time limit reached -- at t=10000s, event #998367

Calling finish() at end of Run #19...
undisposed object: (omnetpp::cMessage) DatabaseNetwork.table.WriteRequest -- check module destructor

Preparing for running configuration Uniform, run #20...
Scenario: $M=10, $N=500, $p=0.5, $repetition=0
Assigned runID=Uniform-20-20260202-17:26:10-20515
Setting up network "progetto.DatabaseNetwork"...
Initializing...

Running simulation...
** Event #0   t=0   Elapsed: 2e-06s (0m 00s)  0% completed  (5% total)
     Speed:     ev/sec=0   simsec/sec=0   ev/simsec=0
     Messages:  created: 500   present: 500   in FES: 501
** Event #998915   t=10000   Elapsed: 0.311082s (0m 00s)  100% completed  (5% total)
     Speed:     ev/sec=3.21116e+06   simsec/sec=32146.5   ev/simsec=99.8916
     Messages:  created: 749688   present: 510   in FES: 505

<!> Simulation time limit reached -- at t=10000s, event #998915

Calling finish() at end of Run #20...
undisposed object: (omnetpp::cMessage) DatabaseNetwork.table.ReadRequest -- check module destructor
undisposed object: (omnetpp::cMessage) DatabaseNetwork.table.WriteRequest -- check module destructor
undisposed object: (omnetpp::cMessage) DatabaseNetwork.table.WriteRequest -- check module destructor
undisposed object: (omnetpp::cMessage) DatabaseNetwork.table.ReadRequest -- check module destructor
undisposed object: (omnetpp::cMessage) DatabaseNetwork.table.ReadRequest -- check module destructor

Preparing for running configuration Uniform, run #21...
Scenario: $M=10, $N=500, $p=0.5, $repetition=1
Assigned runID=Uniform-21-20260202-17:26:11-20515
Setting up network "progetto.DatabaseNetwork"...
Initializing...

Running simulation...
** Event #0   t=0   Elapsed: 3e-06s (0m 00s)  0% completed  (5% total)
     Speed:     ev/sec=0   simsec/sec=0   ev/simsec=0
     Messages:  created: 500   present: 500   in FES: 501
** Event #999933   t=10000   Elapsed: 0.312004s (0m 00s)  100% completed  (6% total)
     Speed:     ev/sec=3.20493e+06   simsec/sec=32051.4   ev/simsec=99.9935
     Messages:  created: 750451   present: 508   in FES: 504

<!> Simulation time limit reached -- at t=10000s, event #999933

Calling finish() at end of Run #21...
undisposed object: (omnetpp::cMessage) DatabaseNetwork.table.ReadRequest -- check module destructor
undisposed object: (omnetpp::cMessage) DatabaseNetwork.table.WriteRequest -- check module destructor
undisposed object: (omnetpp::cMessage) DatabaseNetwork.table.ReadRequest -- check module destructor
undisposed object: (omnetpp::cMessage) DatabaseNetwork.table.WriteRequest -- check module destructor

Preparing for running configuration Uniform, run #22...
Scenario: $M=10, $N=500, $p=0.5, $repetition=2
Assigned runID=Uniform-22-20260202-17:26:11-20515
Setting up network "progetto.DatabaseNetwork"...
Initializing...

Running simulation...
** Event #0   t=0   Elapsed: 4e-06s (0m 00s)  0% completed  (6% total)
     Speed:     ev/sec=0   simsec/sec=0   ev/simsec=0
     Messages:  created: 500   present: 500   in FES: 501
** Event #1003421   t=10000   Elapsed: 0.326736s (0m 00s)  100% completed  (6% total)
     Speed:     ev/sec=3.07111e+06   simsec/sec=30606.4   ev/simsec=100.342
     Messages:  created: 753066   present: 504   in FES: 502

<!> Simulation time limit reached -- at t=10000s, event #1003421

Calling finish() at end of Run #22...
undisposed object: (omnetpp::cMessage) DatabaseNetwork.table.ReadRequest -- check module destructor
undisposed object: (omnetpp::cMessage) DatabaseNetwork.table.WriteRequest -- check module destructor

Preparing for running configuration Uniform, run #23...
Scenario: $M=10, $N=500, $p=0.5, $repetition=3
Assigned runID=Uniform-23-20260202-17:26:11-20515
Setting up network "progetto.DatabaseNetwork"...
Initializing...

Running simulation...
** Event #0   t=0   Elapsed: 4e-06s (0m 00s)  0% completed  (6% total)
     Speed:     ev/sec=0   simsec/sec=0   ev/simsec=0
     Messages:  created: 500   present: 500   in FES: 501
** Event #997509   t=10000   Elapsed: 0.31409s (0m 00s)  100% completed  (6% total)
     Speed:     ev/sec=3.17594e+06   simsec/sec=31838.7   ev/simsec=99.7509
     Messages:  created: 748632   present: 504   in FES: 502

<!> Simulation time limit reached -- at t=10000s, event #997509

Calling finish() at end of Run #23...
undisposed object: (omnetpp::cMessage) DatabaseNetwork.table.ReadRequest -- check module destructor
undisposed object: (omnetpp::cMessage) DatabaseNetwork.table.WriteRequest -- check module destructor

Preparing for running configuration Uniform, run #24...
Scenario: $M=10, $N=500, $p=0.5, $repetition=4
Assigned runID=Uniform-24-20260202-17:26:12-20515
Setting up network "progetto.DatabaseNetwork"...
Initializing...

Running simulation...
** Event #0   t=0   Elapsed: 4e-06s (0m 00s)  0% completed  (6% total)
     Speed:     ev/sec=0   simsec/sec=0   ev/simsec=0
     Messages:  created: 500   present: 500   in FES: 501
** Event #998367   t=10000   Elapsed: 0.313449s (0m 00s)  100% completed  (6% total)
     Speed:     ev/sec=3.18515e+06   simsec/sec=31903.4   ev/simsec=99.8374
     Messages:  created: 749275   present: 502   in FES: 501

<!> Simulation time limit reached -- at t=10000s, event #998367

Calling finish() at end of Run #24...
undisposed object: (omnetpp::cMessage) DatabaseNetwork.table.WriteRequest -- check module destructor

Preparing for running configuration Uniform, run #25...
Scenario: $M=10, $N=500, $p=0.8, $repetition=0
Assigned runID=Uniform-25-20260202-17:26:12-20515
Setting up network "progetto.DatabaseNetwork"...
Initializing...

Running simulation...
** Event #0   t=0   Elapsed: 2e-06s (0m 00s)  0% completed  (6% total)
     Speed:     ev/sec=0   simsec/sec=0   ev/simsec=0
     Messages:  created: 500   present: 500   in FES: 501
** Event #998915   t=10000   Elapsed: 0.318597s (0m 00s)  100% completed  (7% total)
     Speed:     ev/sec=3.13541e+06   simsec/sec=31388.1   ev/simsec=99.8916
     Messages:  created: 749688   present: 510   in FES: 505

<!> Simulation time limit reached -- at t=10000s, event #998915

Calling finish() at end of Run #25...
undisposed object: (omnetpp::cMessage) DatabaseNetwork.table.ReadRequest -- check module destructor
undisposed object: (omnetpp::cMessage) DatabaseNetwork.table.ReadRequest -- check module destructor
undisposed object: (omnetpp::cMessage) DatabaseNetwork.table.ReadRequest -- check module destructor
undisposed object: (omnetpp::cMessage) DatabaseNetwork.table.ReadRequest -- check module destructor
undisposed object: (omnetpp::cMessage) DatabaseNetwork.table.ReadRequest -- check module destructor

Preparing for running configuration Uniform, run #26...
Scenario: $M=10, $N=500, $p=0.8, $repetition=1
Assigned runID=Uniform-26-20260202-17:26:12-20515
Setting up network "progetto.DatabaseNetwork"...
Initializing...

Running simulation...
** Event #0   t=0   Elapsed: 5e-06s (0m 00s)  0% completed  (7% total)
     Speed:     ev/sec=0   simsec/sec=0   ev/simsec=0
     Messages:  created: 500   present: 500   in FES: 501
** Event #999933   t=10000   Elapsed: 0.320565s (0m 00s)  100% completed  (7% total)
     Speed:     ev/sec=3.11935e+06   simsec/sec=31195.5   ev/simsec=99.9935
     Messages:  created: 750451   present: 508   in FES: 504

<!> Simulation time limit reached -- at t=10000s, event #999933

Calling finish() at end of Run #26...
undisposed object: (omnetpp::cMessage) DatabaseNetwork.table.ReadRequest -- check module destructor
undisposed object: (omnetpp::cMessage) DatabaseNetwork.table.ReadRequest -- check module destructor
undisposed object: (omnetpp::cMessage) DatabaseNetwork.table.ReadRequest -- check module destructor
undisposed object: (omnetpp::cMessage) DatabaseNetwork.table.ReadRequest -- check module destructor

Preparing for running configuration Uniform, run #27...
Scenario: $M=10, $N=500, $p=0.8, $repetition=2
Assigned runID=Uniform-27-20260202-17:26:13-20515
Setting up network "progetto.DatabaseNetwork"...
Initializing...

Running simulation...
** Event #0   t=0   Elapsed: 2e-06s (0m 00s)  0% completed  (7% total)
     Speed:     ev/sec=0   simsec/sec=0   ev/simsec=0
     Messages:  created: 500   present: 500   in FES: 501
** Event #1003423   t=10000   Elapsed: 0.322782s (0m 00s)  100% completed  (7% total)
     Speed:     ev/sec=3.10872e+06   simsec/sec=30981.1   ev/simsec=100.342
     Messages:  created: 753067   present: 502   in FES: 501

<!> Simulation time limit reached -- at t=10000s, event #1003423

Calling finish() at end of Run #27...
undisposed object: (omnetpp::cMessage) DatabaseNetwork.table.ReadRequest -- check module destructor

Preparing for running configuration Uniform, run #28...
Scenario: $M=10, $N=500, $p=0.8, $repetition=3
Assigned runID=Uniform-28-20260202-17:26:13-20515
Setting up network "progetto.DatabaseNetwork"...
Initializing...

Running simulation...
** Event #0   t=0   Elapsed: 3e-06s (0m 00s)  0% completed  (7% total)
     Speed:     ev/sec=0   simsec/sec=0   ev/simsec=0
     Messages:  created: 500   present: 500   in FES: 501
** Event #997509   t=10000   Elapsed: 0.311455s (0m 00s)  100% completed  (8% total)
     Speed:     ev/sec=3.2028e+06   simsec/sec=32108   ev/simsec=99.7509
     Messages:  created: 748632   present: 504   in FES: 502

<!> Simulation time limit reached -- at t=10000s, event #997509

Calling finish() at end of Run #28...
undisposed object: (omnetpp::cMessage) DatabaseNetwork.table.ReadRequest -- check module destructor
undisposed object: (omnetpp::cMessage) DatabaseNetwork.table.ReadRequest -- check module destructor

Preparing for running configuration Uniform, run #29...
Scenario: $M=10, $N=500, $p=0.8, $repetition=4
Assigned runID=Uniform-29-20260202-17:26:13-20515
Setting up network "progetto.DatabaseNetwork"...
Initializing...

Running simulation...
** Event #0   t=0   Elapsed: 2e-06s (0m 00s)  0% completed  (8% total)
     Speed:     ev/sec=0   simsec/sec=0   ev/simsec=0
     Messages:  created: 500   present: 500   in FES: 501
** Event #998367   t=10000   Elapsed: 0.308676s (0m 00s)  100% completed  (8% total)
     Speed:     ev/sec=3.23442e+06   simsec/sec=32396.8   ev/simsec=99.8374
     Messages:  created: 749275   present: 502   in FES: 501

<!> Simulation time limit reached -- at t=10000s, event #998367

Calling finish() at end of Run #29...
undisposed object: (omnetpp::cMessage) DatabaseNetwork.table.WriteRequest -- check module destructor

Preparing for running configuration Uniform, run #30...
Scenario: $M=10, $N=1000, $p=0.3, $repetition=0
Assigned runID=Uniform-30-20260202-17:26:14-20515
Setting up network "progetto.DatabaseNetwork"...
Initializing...

Running simulation...
** Event #0   t=0   Elapsed: 4e-06s (0m 00s)  0% completed  (8% total)
     Speed:     ev/sec=0   simsec/sec=0   ev/simsec=0
     Messages:  created: 1000   present: 1000   in FES: 1001
** Event #1994911   t=10000   Elapsed: 0.684848s (0m 00s)  100% completed  (8% total)
     Speed:     ev/sec=2.91295e+06   simsec/sec=14601.9   ev/simsec=199.491
     Messages:  created: 1497185   present: 1013   in FES: 1006

<!> Simulation time limit reached -- at t=10000s, event #1994911

Calling finish() at end of Run #30...
undisposed object: (omnetpp::cMessage) DatabaseNetwork.table.WriteRequest -- check module destructor
undisposed object: (omnetpp::cMessage) DatabaseNetwork.table.WriteRequest -- check module destructor
undisposed object: (omnetpp::cMessage) DatabaseNetwork.table.WriteRequest -- check module destructor
undisposed object: (omnetpp::cMessage) DatabaseNetwork.table.WriteRequest -- check module destructor
undisposed object: (omnetpp::cMessage) DatabaseNetwork.table.ReadRequest -- check module destructor
undisposed object: (omnetpp::cMessage) DatabaseNetwork.table.WriteRequest -- check module destructor

Preparing for running configuration Uniform, run #31...
Scenario: $M=10, $N=1000, $p=0.3, $repetition=1
Assigned runID=Uniform-31-20260202-17:26:14-20515
Setting up network "progetto.DatabaseNetwork"...
Initializing...

Running simulation...
** Event #0   t=0   Elapsed: 4e-06s (0m 00s)  0% completed  (8% total)
     Speed:     ev/sec=0   simsec/sec=0   ev/simsec=0
     Messages:  created: 1000   present: 1000   in FES: 1001
** Event #1997537   t=10000   Elapsed: 0.682629s (0m 00s)  100% completed  (8% total)
     Speed:     ev/sec=2.92627e+06   simsec/sec=14649.4   ev/simsec=199.754
     Messages:  created: 1499154   present: 1014   in FES: 1006

<!> Simulation time limit reached -- at t=10000s, event #1997537

Calling finish() at end of Run #31...
undisposed object: (omnetpp::cMessage) DatabaseNetwork.table.WriteRequest -- check module destructor
undisposed object: (omnetpp::cMessage) DatabaseNetwork.table.WriteRequest -- check module destructor
undisposed object: (omnetpp::cMessage) DatabaseNetwork.table.WriteRequest -- check module destructor
undisposed object: (omnetpp::cMessage) DatabaseNetwork.table.ReadRequest -- check module destructor
undisposed object: (omnetpp::cMessage) DatabaseNetwork.table.ReadRequest -- check module destructor
undisposed object: (omnetpp::cMessage) DatabaseNetwork.table.WriteRequest -- check module destructor

Preparing for running configuration Uniform, run #32...
Scenario: $M=10, $N=1000, $p=0.3, $repetition=2
Assigned runID=Uniform-32-20260202-17:26:15-20515
Setting up network "progetto.DatabaseNetwork"...
Initializing...

Running simulation...
** Event #0   t=0   Elapsed: 4e-06s (0m 00s)  0% completed  (8% total)
     Speed:     ev/sec=0   simsec/sec=0   ev/simsec=0
     Messages:  created: 1000   present: 1000   in FES: 1001
** Event #2002811   t=10000   Elapsed: 0.675741s (0m 00s)  100% completed  (9% total)
     Speed:     ev/sec=2.9639e+06   simsec/sec=14798.7   ev/simsec=200.281
     Messages:  created: 1503109   present: 1009   in FES: 1004

<!> Simulation time limit reached -- at t=10000s, event #2002811

Calling finish() at end of Run #32...
undisposed object: (omnetpp::cMessage) DatabaseNetwork.table.WriteRequest -- check module destructor
undisposed object: (omnetpp::cMessage) DatabaseNetwork.table.WriteRequest -- check module destructor
undisposed object: (omnetpp::cMessage) DatabaseNetwork.table.ReadRequest -- check module destructor
undisposed object: (omnetpp::cMessage) DatabaseNetwork.table.ReadRequest -- check module destructor

Preparing for running configuration Uniform, run #33...
Scenario: $M=10, $N=1000, $p=0.3, $repetition=3
Assigned runID=Uniform-33-20260202-17:26:16-20515
Setting up network "progetto.DatabaseNetwork"...
Initializing...

Running simulation...
** Event #0   t=0   Elapsed: 4e-06s (0m 00s)  0% completed  (9% total)
     Speed:     ev/sec=0   simsec/sec=0   ev/simsec=0
     Messages:  created: 1000   present: 1000   in FES: 1001
** Event #1997219   t=10000   Elapsed: 0.684461s (0m 00s)  100% completed  (9% total)
     Speed:     ev/sec=2.91797e+06   simsec/sec=14610.2   ev/simsec=199.722
     Messages:  created: 1498915   present: 1015   in FES: 1006

<!> Simulation time limit reached -- at t=10000s, event #1997219

Calling finish() at end of Run #33...
undisposed object: (omnetpp::cMessage) DatabaseNetwork.table.WriteRequest -- check module destructor
undisposed object: (omnetpp::cMessage) DatabaseNetwork.table.WriteRequest -- check module destructor
undisposed object: (omnetpp::cMessage) DatabaseNetwork.table.WriteRequest -- check module destructor
undisposed object: (omnetpp::cMessage) DatabaseNetwork.table.WriteRequest -- check module destructor
undisposed object: (omnetpp::cMessage) DatabaseNetwork.table.WriteRequest -- check module destructor
undisposed object: (omnetpp::cMessage) DatabaseNetwork.table.WriteRequest -- check module destructor

Preparing for running configuration Uniform, run #34...
Scenario: $M=10, $N=1000, $p=0.3, $repetition=4
Assigned runID=Uniform-34-20260202-17:26:17-20515
Setting up network "progetto.DatabaseNetwork"...
Initializing...

Running simulation...
** Event #0   t=0   Elapsed: 3e-06s (0m 00s)  0% completed  (9% total)
     Speed:     ev/sec=0   simsec/sec=0   ev/simsec=0
     Messages:  created: 1000   present: 1000   in FES: 1001
** Event #1994583   t=10000   Elapsed: 0.675478s (0m 00s)  100% completed  (9% total)
     Speed:     ev/sec=2.95287e+06   simsec/sec=14804.5   ev/simsec=199.458
     Messages:  created: 1496937   present: 1011   in FES: 1004

<!> Simulation time limit reached -- at t=10000s, event #1994583

Calling finish() at end of Run #34...
undisposed object: (omnetpp::cMessage) DatabaseNetwork.table.WriteRequest -- check module destructor
undisposed object: (omnetpp::cMessage) DatabaseNetwork.table.WriteRequest -- check module destructor
undisposed object: (omnetpp::cMessage) DatabaseNetwork.table.WriteRequest -- check module destructor
undisposed object: (omnetpp::cMessage) DatabaseNetwork.table.WriteRequest -- check module destructor

Preparing for running configuration Uniform, run #35...
Scenario: $M=10, $N=1000, $p=0.5, $repetition=0
Assigned runID=Uniform-35-20260202-17:26:17-20515
Setting up network "progetto.DatabaseNetwork"...
Initializing...

Running simulation...
** Event #0   t=0   Elapsed: 3e-06s (0m 00s)  0% completed  (9% total)
     Speed:     ev/sec=0   simsec/sec=0   ev/simsec=0
     Messages:  created: 1000   present: 1000   in FES: 1001
** Event #1994913   t=10000   Elapsed: 0.708698s (0m 00s)  100% completed  (10% total)
     Speed:     ev/sec=2.81492e+06   simsec/sec=14110.5   ev/simsec=199.491
     Messages:  created: 1497186   present: 1011   in FES: 1005

<!> Simulation time limit reached -- at t=10000s, event #1994913

Calling finish() at end of Run #35...
undisposed object: (omnetpp::cMessage) DatabaseNetwork.table.WriteRequest -- check module destructor
undisposed object: (omnetpp::cMessage) DatabaseNetwork.table.ReadRequest -- check module destructor
undisposed object: (omnetpp::cMessage) DatabaseNetwork.table.WriteRequest -- check module destructor
undisposed object: (omnetpp::cMessage) DatabaseNetwork.table.ReadRequest -- check module destructor
undisposed object: (omnetpp::cMessage) DatabaseNetwork.table.WriteRequest -- check module destructor

Preparing for running configuration Uniform, run #36...
Scenario: $M=10, $N=1000, $p=0.5, $repetition=1
Assigned runID=Uniform-36-20260202-17:26:18-20515
Setting up network "progetto.DatabaseNetwork"...
Initializing...

Running simulation...
** Event #0   t=0   Elapsed: 3e-06s (0m 00s)  0% completed  (10% total)
     Speed:     ev/sec=0   simsec/sec=0   ev/simsec=0
     Messages:  created: 1000   present: 1000   in FES: 1001
** Event #1997537   t=10000   Elapsed: 0.693681s (0m 00s)  100% completed  (10% total)
     Speed:     ev/sec=2.87964e+06   simsec/sec=14415.9   ev/simsec=199.754
     Messages:  created: 1499154   present: 1014   in FES: 1006

<!> Simulation time limit reached -- at t=10000s, event #1997537

Calling finish() at end of Run #36...
undisposed object: (omnetpp::cMessage) DatabaseNetwork.table.WriteRequest -- check module destructor
undisposed object: (omnetpp::cMessage) DatabaseNetwork.table.ReadRequest -- check module destructor
undisposed object: (omnetpp::cMessage) DatabaseNetwork.table.WriteRequest -- check module destructor
undisposed object: (omnetpp::cMessage) DatabaseNetwork.table.ReadRequest -- check module destructor
undisposed object: (omnetpp::cMessage) DatabaseNetwork.table.ReadRequest -- check module destructor
undisposed object: (omnetpp::cMessage) DatabaseNetwork.table.WriteRequest -- check module destructor

Preparing for running configuration Uniform, run #37...
Scenario: $M=10, $N=1000, $p=0.5, $repetition=2
Assigned runID=Uniform-37-20260202-17:26:19-20515
Setting up network "progetto.DatabaseNetwork"...
Initializing...

Running simulation...
** Event #0   t=0   Elapsed: 5e-06s (0m 00s)  0% completed  (10% total)
     Speed:     ev/sec=0   simsec/sec=0   ev/simsec=0
     Messages:  created: 1000   present: 1000   in FES: 1001
** Event #2002811   t=10000   Elapsed: 0.702645s (0m 00s)  100% completed  (10% total)
     Speed:     ev/sec=2.85042e+06   simsec/sec=14232.1   ev/simsec=200.281
     Messages:  created: 1503109   present: 1009   in FES: 1004

<!> Simulation time limit reached -- at t=10000s, event #2002811

Calling finish() at end of Run #37...
undisposed object: (omnetpp::cMessage) DatabaseNetwork.table.WriteRequest -- check module destructor
undisposed object: (omnetpp::cMessage) DatabaseNetwork.table.WriteRequest -- check module destructor
undisposed object: (omnetpp::cMessage) DatabaseNetwork.table.ReadRequest -- check module destructor
undisposed object: (omnetpp::cMessage) DatabaseNetwork.table.ReadRequest -- check module destructor

Preparing for running configuration Uniform, run #38...
Scenario: $M=10, $N=1000, $p=0.5, $repetition=3
Assigned runID=Uniform-38-20260202-17:26:20-20515
Setting up network "progetto.DatabaseNetwork"...
Initializing...

Running simulation...
** Event #0   t=0   Elapsed: 3e-06s (0m 00s)  0% completed  (10% total)
     Speed:     ev/sec=0   simsec/sec=0   ev/simsec=0
     Messages:  created: 1000   present: 1000   in FES: 1001
** Event #1997221   t=10000   Elapsed: 0.683427s (0m 00s)  100% completed  (10% total)
     Speed:     ev/sec=2.92239e+06   simsec/sec=14632.3   ev/simsec=199.722
     Messages:  created: 1498917   present: 1014   in FES: 1006

<!> Simulation time limit reached -- at t=10000s, event #1997221

Calling finish() at end of Run #38...
undisposed object: (omnetpp::cMessage) DatabaseNetwork.table.WriteRequest -- check module destructor
undisposed object: (omnetpp::cMessage) DatabaseNetwork.table.WriteRequest -- check module destructor
undisposed object: (omnetpp::cMessage) DatabaseNetwork.table.WriteRequest -- check module destructor
undisposed object: (omnetpp::cMessage) DatabaseNetwork.table.ReadRequest -- check module destructor
undisposed object: (omnetpp::cMessage) DatabaseNetwork.table.ReadRequest -- check module destructor
undisposed object: (omnetpp::cMessage) DatabaseNetwork.table.ReadRequest -- check module destructor

Preparing for running configuration Uniform, run #39...
Scenario: $M=10, $N=1000, $p=0.5, $repetition=4
Assigned runID=Uniform-39-20260202-17:26:20-20515
Setting up network "progetto.DatabaseNetwork"...
Initializing...

Running simulation...
** Event #0   t=0   Elapsed: 3e-06s (0m 00s)  0% completed  (10% total)
     Speed:     ev/sec=0   simsec/sec=0   ev/simsec=0
     Messages:  created: 1000   present: 1000   in FES: 1001
** Event #1994583   t=10000   Elapsed: 0.687667s (0m 00s)  100% completed  (11% total)
     Speed:     ev/sec=2.90053e+06   simsec/sec=14542   ev/simsec=199.458
     Messages:  created: 1496937   present: 1011   in FES: 1004

<!> Simulation time limit reached -- at t=10000s, event #1994583

Calling finish() at end of Run #39...
undisposed object: (omnetpp::cMessage) DatabaseNetwork.table.WriteRequest -- check module destructor
undisposed object: (omnetpp::cMessage) DatabaseNetwork.table.WriteRequest -- check module destructor
undisposed object: (omnetpp::cMessage) DatabaseNetwork.table.WriteRequest -- check module destructor
undisposed object: (omnetpp::cMessage) DatabaseNetwork.table.WriteRequest -- check module destructor

Preparing for running configuration Uniform, run #40...
Scenario: $M=10, $N=1000, $p=0.8, $repetition=0
Assigned runID=Uniform-40-20260202-17:26:21-20515
Setting up network "progetto.DatabaseNetwork"...
Initializing...

Running simulation...
** Event #0   t=0   Elapsed: 5e-06s (0m 00s)  0% completed  (11% total)
     Speed:     ev/sec=0   simsec/sec=0   ev/simsec=0
     Messages:  created: 1000   present: 1000   in FES: 1001
** Event #1994913   t=10000   Elapsed: 0.713709s (0m 00s)  100% completed  (11% total)
     Speed:     ev/sec=2.79516e+06   simsec/sec=14011.4   ev/simsec=199.491
     Messages:  created: 1497186   present: 1011   in FES: 1005

<!> Simulation time limit reached -- at t=10000s, event #1994913

Calling finish() at end of Run #40...
undisposed object: (omnetpp::cMessage) DatabaseNetwork.table.WriteRequest -- check module destructor
undisposed object: (omnetpp::cMessage) DatabaseNetwork.table.ReadRequest -- check module destructor
undisposed object: (omnetpp::cMessage) DatabaseNetwork.table.WriteRequest -- check module destructor
undisposed object: (omnetpp::cMessage) DatabaseNetwork.table.ReadRequest -- check module destructor
undisposed object: (omnetpp::cMessage) DatabaseNetwork.table.ReadRequest -- check module destructor

Preparing for running configuration Uniform, run #41...
Scenario: $M=10, $N=1000, $p=0.8, $repetition=1
Assigned runID=Uniform-41-20260202-17:26:22-20515
Setting up network "progetto.DatabaseNetwork"...
Initializing...

Running simulation...
** Event #0   t=0   Elapsed: 3e-06s (0m 00s)  0% completed  (11% total)
     Speed:     ev/sec=0   simsec/sec=0   ev/simsec=0
     Messages:  created: 1000   present: 1000   in FES: 1001
** Event #1997539   t=10000   Elapsed: 0.69898s (0m 00s)  100% completed  (11% total)
     Speed:     ev/sec=2.85781e+06   simsec/sec=14306.7   ev/simsec=199.754
     Messages:  created: 1499156   present: 1013   in FES: 1006

<!> Simulation time limit reached -- at t=10000s, event #1997539

Calling finish() at end of Run #41...
undisposed object: (omnetpp::cMessage) DatabaseNetwork.table.WriteRequest -- check module destructor
undisposed object: (omnetpp::cMessage) DatabaseNetwork.table.ReadRequest -- check module destructor
undisposed object: (omnetpp::cMessage) DatabaseNetwork.table.WriteRequest -- check module destructor
undisposed object: (omnetpp::cMessage) DatabaseNetwork.table.ReadRequest -- check module destructor
undisposed object: (omnetpp::cMessage) DatabaseNetwork.table.ReadRequest -- check module destructor
undisposed object: (omnetpp::cMessage) DatabaseNetwork.table.ReadRequest -- check module destructor

Preparing for running configuration Uniform, run #42...
Scenario: $M=10, $N=1000, $p=0.8, $repetition=2
Assigned runID=Uniform-42-20260202-17:26:23-20515
Setting up network "progetto.DatabaseNetwork"...
Initializing...

Running simulation...
** Event #0   t=0   Elapsed: 4e-06s (0m 00s)  0% completed  (11% total)
     Speed:     ev/sec=0   simsec/sec=0   ev/simsec=0
     Messages:  created: 1000   present: 1000   in FES: 1001
** Event #2002813   t=10000   Elapsed: 0.704616s (0m 00s)  100% completed  (11% total)
     Speed:     ev/sec=2.84245e+06   simsec/sec=14192.3   ev/simsec=200.281
     Messages:  created: 1503111   present: 1008   in FES: 1004

<!> Simulation time limit reached -- at t=10000s, event #2002813

Calling finish() at end of Run #42...
undisposed object: (omnetpp::cMessage) DatabaseNetwork.table.WriteRequest -- check module destructor
undisposed object: (omnetpp::cMessage) DatabaseNetwork.table.WriteRequest -- check module destructor
undisposed object: (omnetpp::cMessage) DatabaseNetwork.table.ReadRequest -- check module destructor
undisposed object: (omnetpp::cMessage) DatabaseNetwork.table.ReadRequest -- check module destructor

Preparing for running configuration Uniform, run #43...
Scenario: $M=10, $N=1000, $p=0.8, $repetition=3
Assigned runID=Uniform-43-20260202-17:26:23-20515
Setting up network "progetto.DatabaseNetwork"...
Initializing...

Running simulation...
** Event #0   t=0   Elapsed: 4e-06s (0m 00s)  0% completed  (11% total)
     Speed:     ev/sec=0   simsec/sec=0   ev/simsec=0
     Messages:  created: 1000   present: 1000   in FES: 1001
** Event #1997223   t=10000   Elapsed: 0.700705s (0m 00s)  100% completed  (12% total)
     Speed:     ev/sec=2.85033e+06   simsec/sec=14271.4   ev/simsec=199.722
     Messages:  created: 1498919   present: 1013   in FES: 1006

<!> Simulation time limit reached -- at t=10000s, event #1997223

Calling finish() at end of Run #43...
undisposed object: (omnetpp::cMessage) DatabaseNetwork.table.ReadRequest -- check module destructor
undisposed object: (omnetpp::cMessage) DatabaseNetwork.table.WriteRequest -- check module destructor
undisposed object: (omnetpp::cMessage) DatabaseNetwork.table.ReadRequest -- check module destructor
undisposed object: (omnetpp::cMessage) DatabaseNetwork.table.ReadRequest -- check module destructor
undisposed object: (omnetpp::cMessage) DatabaseNetwork.table.ReadRequest -- check module destructor
undisposed object: (omnetpp::cMessage) DatabaseNetwork.table.ReadRequest -- check module destructor

Preparing for running configuration Uniform, run #44...
Scenario: $M=10, $N=1000, $p=0.8, $repetition=4
Assigned runID=Uniform-44-20260202-17:26:24-20515
Setting up network "progetto.DatabaseNetwork"...
Initializing...

Running simulation...
** Event #0   t=0   Elapsed: 4e-06s (0m 00s)  0% completed  (12% total)
     Speed:     ev/sec=0   simsec/sec=0   ev/simsec=0
     Messages:  created: 1000   present: 1000   in FES: 1001
** Event #1994585   t=10000   Elapsed: 0.692931s (0m 00s)  100% completed  (12% total)
     Speed:     ev/sec=2.8785e+06   simsec/sec=14431.6   ev/simsec=199.459
     Messages:  created: 1496939   present: 1010   in FES: 1004

<!> Simulation time limit reached -- at t=10000s, event #1994585

Calling finish() at end of Run #44...
undisposed object: (omnetpp::cMessage) DatabaseNetwork.table.ReadRequest -- check module destructor
undisposed object: (omnetpp::cMessage) DatabaseNetwork.table.ReadRequest -- check module destructor
undisposed object: (omnetpp::cMessage) DatabaseNetwork.table.WriteRequest -- check module destructor
undisposed object: (omnetpp::cMessage) DatabaseNetwork.table.WriteRequest -- check module destructor

Preparing for running configuration Uniform, run #45...
Scenario: $M=10, $N=1200, $p=0.3, $repetition=0
Assigned runID=Uniform-45-20260202-17:26:25-20515
Setting up network "progetto.DatabaseNetwork"...
Initializing...

Running simulation...
** Event #0   t=0   Elapsed: 5e-06s (0m 00s)  0% completed  (12% total)
     Speed:     ev/sec=0   simsec/sec=0   ev/simsec=0
     Messages:  created: 1200   present: 1200   in FES: 1201
** Event #2395401   t=10000   Elapsed: 0.900176s (0m 00s)  100% completed  (12% total)
     Speed:     ev/sec=2.66106e+06   simsec/sec=11109   ev/simsec=239.54
     Messages:  created: 1797751   present: 1210   in FES: 1204

<!> Simulation time limit reached -- at t=10000s, event #2395401

Calling finish() at end of Run #45...
undisposed object: (omnetpp::cMessage) DatabaseNetwork.table.WriteRequest -- check module destructor
undisposed object: (omnetpp::cMessage) DatabaseNetwork.table.WriteRequest -- check module destructor
undisposed object: (omnetpp::cMessage) DatabaseNetwork.table.ReadRequest -- check module destructor
undisposed object: (omnetpp::cMessage) DatabaseNetwork.table.ReadRequest -- check module destructor

Preparing for running configuration Uniform, run #46...
Scenario: $M=10, $N=1200, $p=0.3, $repetition=1
Assigned runID=Uniform-46-20260202-17:26:26-20515
Setting up network "progetto.DatabaseNetwork"...
Initializing...

Running simulation...
** Event #0   t=0   Elapsed: 4e-06s (0m 00s)  0% completed  (12% total)
     Speed:     ev/sec=0   simsec/sec=0   ev/simsec=0
     Messages:  created: 1200   present: 1200   in FES: 1201
** Event #2395453   t=10000   Elapsed: 0.872687s (0m 00s)  100% completed  (13% total)
     Speed:     ev/sec=2.74493e+06   simsec/sec=11458.9   ev/simsec=239.545
     Messages:  created: 1797791   present: 1211   in FES: 1205

<!> Simulation time limit reached -- at t=10000s, event #2395453

Calling finish() at end of Run #46...
undisposed object: (omnetpp::cMessage) DatabaseNetwork.table.WriteRequest -- check module destructor
undisposed object: (omnetpp::cMessage) DatabaseNetwork.table.WriteRequest -- check module destructor
undisposed object: (omnetpp::cMessage) DatabaseNetwork.table.WriteRequest -- check module destructor
undisposed object: (omnetpp::cMessage) DatabaseNetwork.table.WriteRequest -- check module destructor
undisposed object: (omnetpp::cMessage) DatabaseNetwork.table.WriteRequest -- check module destructor

Preparing for running configuration Uniform, run #47...
Scenario: $M=10, $N=1200, $p=0.3, $repetition=2
Assigned runID=Uniform-47-20260202-17:26:27-20515
Setting up network "progetto.DatabaseNetwork"...
Initializing...

Running simulation...
** Event #0   t=0   Elapsed: 5e-06s (0m 00s)  0% completed  (13% total)
     Speed:     ev/sec=0   simsec/sec=0   ev/simsec=0
     Messages:  created: 1200   present: 1200   in FES: 1201
** Event #2401287   t=10000   Elapsed: 0.955664s (0m 00s)  100% completed  (13% total)
     Speed:     ev/sec=2.51271e+06   simsec/sec=10464   ev/simsec=240.129
     Messages:  created: 1802165   present: 1211   in FES: 1204

<!> Simulation time limit reached -- at t=10000s, event #2401287

Calling finish() at end of Run #47...
undisposed object: (omnetpp::cMessage) DatabaseNetwork.table.ReadRequest -- check module destructor
undisposed object: (omnetpp::cMessage) DatabaseNetwork.table.ReadRequest -- check module destructor
undisposed object: (omnetpp::cMessage) DatabaseNetwork.table.WriteRequest -- check module destructor
undisposed object: (omnetpp::cMessage) DatabaseNetwork.table.WriteRequest -- check module destructor

Preparing for running configuration Uniform, run #48...
Scenario: $M=10, $N=1200, $p=0.3, $repetition=3
Assigned runID=Uniform-48-20260202-17:26:28-20515
Setting up network "progetto.DatabaseNetwork"...
Initializing...

Running simulation...
** Event #0   t=0   Elapsed: 6e-06s (0m 00s)  0% completed  (13% total)
     Speed:     ev/sec=0   simsec/sec=0   ev/simsec=0
     Messages:  created: 1200   present: 1200   in FES: 1201
** Event #2394381   t=10000   Elapsed: 0.978129s (0m 00s)  100% completed  (13% total)
     Speed:     ev/sec=2.44794e+06   simsec/sec=10223.6   ev/simsec=239.439
     Messages:  created: 1796987   present: 1211   in FES: 1205

<!> Simulation time limit reached -- at t=10000s, event #2394381

Calling finish() at end of Run #48...
undisposed object: (omnetpp::cMessage) DatabaseNetwork.table.WriteRequest -- check module destructor
undisposed object: (omnetpp::cMessage) DatabaseNetwork.table.WriteRequest -- check module destructor
undisposed object: (omnetpp::cMessage) DatabaseNetwork.table.ReadRequest -- check module destructor
undisposed object: (omnetpp::cMessage) DatabaseNetwork.table.WriteRequest -- check module destructor
undisposed object: (omnetpp::cMessage) DatabaseNetwork.table.WriteRequest -- check module destructor

Preparing for running configuration Uniform, run #49...
Scenario: $M=10, $N=1200, $p=0.3, $repetition=4
Assigned runID=Uniform-49-20260202-17:26:29-20515
Setting up network "progetto.DatabaseNetwork"...
Initializing...

Running simulation...
** Event #0   t=0   Elapsed: 5e-06s (0m 00s)  0% completed  (13% total)
     Speed:     ev/sec=0   simsec/sec=0   ev/simsec=0
     Messages:  created: 1200   present: 1200   in FES: 1201
** Event #2395159   t=10000   Elapsed: 1.02491s (0m 01s)  100% completed  (13% total)
     Speed:     ev/sec=2.33697e+06   simsec/sec=9757.03   ev/simsec=239.516
     Messages:  created: 1797572   present: 1214   in FES: 1207

<!> Simulation time limit reached -- at t=10000s, event #2395159

Calling finish() at end of Run #49...
undisposed object: (omnetpp::cMessage) DatabaseNetwork.table.WriteRequest -- check module destructor
undisposed object: (omnetpp::cMessage) DatabaseNetwork.table.WriteRequest -- check module destructor
undisposed object: (omnetpp::cMessage) DatabaseNetwork.table.WriteRequest -- check module destructor
undisposed object: (omnetpp::cMessage) DatabaseNetwork.table.WriteRequest -- check module destructor
undisposed object: (omnetpp::cMessage) DatabaseNetwork.table.WriteRequest -- check module destructor
undisposed object: (omnetpp::cMessage) DatabaseNetwork.table.ReadRequest -- check module destructor
undisposed object: (omnetpp::cMessage) DatabaseNetwork.table.WriteRequest -- check module destructor

Preparing for running configuration Uniform, run #50...
Scenario: $M=10, $N=1200, $p=0.5, $repetition=0
Assigned runID=Uniform-50-20260202-17:26:30-20515
Setting up network "progetto.DatabaseNetwork"...
Initializing...

Running simulation...
** Event #0   t=0   Elapsed: 5e-06s (0m 00s)  0% completed  (13% total)
     Speed:     ev/sec=0   simsec/sec=0   ev/simsec=0
     Messages:  created: 1200   present: 1200   in FES: 1201
** Event #2395401   t=10000   Elapsed: 0.896563s (0m 00s)  100% completed  (14% total)
     Speed:     ev/sec=2.67178e+06   simsec/sec=11153.8   ev/simsec=239.54
     Messages:  created: 1797751   present: 1210   in FES: 1204

<!> Simulation time limit reached -- at t=10000s, event #2395401

Calling finish() at end of Run #50...
undisposed object: (omnetpp::cMessage) DatabaseNetwork.table.ReadRequest -- check module destructor
undisposed object: (omnetpp::cMessage) DatabaseNetwork.table.WriteRequest -- check module destructor
undisposed object: (omnetpp::cMessage) DatabaseNetwork.table.ReadRequest -- check module destructor
undisposed object: (omnetpp::cMessage) DatabaseNetwork.table.ReadRequest -- check module destructor

Preparing for running configuration Uniform, run #51...
Scenario: $M=10, $N=1200, $p=0.5, $repetition=1
Assigned runID=Uniform-51-20260202-17:26:31-20515
Setting up network "progetto.DatabaseNetwork"...
Initializing...

Running simulation...
** Event #0   t=0   Elapsed: 3e-06s (0m 00s)  0% completed  (14% total)
     Speed:     ev/sec=0   simsec/sec=0   ev/simsec=0
     Messages:  created: 1200   present: 1200   in FES: 1201
** Event #2395453   t=10000   Elapsed: 0.858295s (0m 00s)  100% completed  (14% total)
     Speed:     ev/sec=2.79097e+06   simsec/sec=11651.1   ev/simsec=239.545
     Messages:  created: 1797791   present: 1211   in FES: 1205

<!> Simulation time limit reached -- at t=10000s, event #2395453

Calling finish() at end of Run #51...
undisposed object: (omnetpp::cMessage) DatabaseNetwork.table.WriteRequest -- check module destructor
undisposed object: (omnetpp::cMessage) DatabaseNetwork.table.WriteRequest -- check module destructor
undisposed object: (omnetpp::cMessage) DatabaseNetwork.table.WriteRequest -- check module destructor
undisposed object: (omnetpp::cMessage) DatabaseNetwork.table.WriteRequest -- check module destructor
undisposed object: (omnetpp::cMessage) DatabaseNetwork.table.WriteRequest -- check module destructor

Preparing for running configuration Uniform, run #52...
Scenario: $M=10, $N=1200, $p=0.5, $repetition=2
Assigned runID=Uniform-52-20260202-17:26:32-20515
Setting up network "progetto.DatabaseNetwork"...
Initializing...

Running simulation...
** Event #0   t=0   Elapsed: 4e-06s (0m 00s)  0% completed  (14% total)
     Speed:     ev/sec=0   simsec/sec=0   ev/simsec=0
     Messages:  created: 1200   present: 1200   in FES: 1201
** Event #2401287   t=10000   Elapsed: 0.861904s (0m 00s)  100% completed  (14% total)
     Speed:     ev/sec=2.78604e+06   simsec/sec=11602.3   ev/simsec=240.129
     Messages:  created: 1802165   present: 1211   in FES: 1204

<!> Simulation time limit reached -- at t=10000s, event #2401287

Calling finish() at end of Run #52...
undisposed object: (omnetpp::cMessage) DatabaseNetwork.table.ReadRequest -- check module destructor
undisposed object: (omnetpp::cMessage) DatabaseNetwork.table.ReadRequest -- check module destructor
undisposed object: (omnetpp::cMessage) DatabaseNetwork.table.WriteRequest -- check module destructor
undisposed object: (omnetpp::cMessage) DatabaseNetwork.table.WriteRequest -- check module destructor

Preparing for running configuration Uniform, run #53...
Scenario: $M=10, $N=1200, $p=0.5, $repetition=3
Assigned runID=Uniform-53-20260202-17:26:33-20515
Setting up network "progetto.DatabaseNetwork"...
Initializing...

Running simulation...
** Event #0   t=0   Elapsed: 4e-06s (0m 00s)  0% completed  (14% total)
     Speed:     ev/sec=0   simsec/sec=0   ev/simsec=0
     Messages:  created: 1200   present: 1200   in FES: 1201
** Event #2394381   t=10000   Elapsed: 0.848528s (0m 00s)  100% completed  (15% total)
     Speed:     ev/sec=2.82183e+06   simsec/sec=11785.2   ev/simsec=239.439
     Messages:  created: 1796988   present: 1212   in FES: 1206

<!> Simulation time limit reached -- at t=10000s, event #2394381

Calling finish() at end of Run #53...
undisposed object: (omnetpp::cMessage) DatabaseNetwork.table.ReadRequest -- check module destructor
undisposed object: (omnetpp::cMessage) DatabaseNetwork.table.WriteRequest -- check module destructor
undisposed object: (omnetpp::cMessage) DatabaseNetwork.table.ReadRequest -- check module destructor
undisposed object: (omnetpp::cMessage) DatabaseNetwork.table.ReadRequest -- check module destructor
undisposed object: (omnetpp::cMessage) DatabaseNetwork.table.ReadRequest -- check module destructor
undisposed object: (omnetpp::cMessage) DatabaseNetwork.table.WriteRequest -- check module destructor

Preparing for running configuration Uniform, run #54...
Scenario: $M=10, $N=1200, $p=0.5, $repetition=4
Assigned runID=Uniform-54-20260202-17:26:34-20515
Setting up network "progetto.DatabaseNetwork"...
Initializing...

Running simulation...
** Event #0   t=0   Elapsed: 4e-06s (0m 00s)  0% completed  (15% total)
     Speed:     ev/sec=0   simsec/sec=0   ev/simsec=0
     Messages:  created: 1200   present: 1200   in FES: 1201
** Event #2395161   t=10000   Elapsed: 0.848912s (0m 00s)  100% completed  (15% total)
     Speed:     ev/sec=2.82148e+06   simsec/sec=11779.9   ev/simsec=239.516
     Messages:  created: 1797573   present: 1212   in FES: 1206

<!> Simulation time limit reached -- at t=10000s, event #2395161

Calling finish() at end of Run #54...
undisposed object: (omnetpp::cMessage) DatabaseNetwork.table.WriteRequest -- check module destructor
undisposed object: (omnetpp::cMessage) DatabaseNetwork.table.WriteRequest -- check module destructor
undisposed object: (omnetpp::cMessage) DatabaseNetwork.table.WriteRequest -- check module destructor
undisposed object: (omnetpp::cMessage) DatabaseNetwork.table.WriteRequest -- check module destructor
undisposed object: (omnetpp::cMessage) DatabaseNetwork.table.ReadRequest -- check module destructor
undisposed object: (omnetpp::cMessage) DatabaseNetwork.table.WriteRequest -- check module destructor

Preparing for running configuration Uniform, run #55...
Scenario: $M=10, $N=1200, $p=0.8, $repetition=0
Assigned runID=Uniform-55-20260202-17:26:34-20515
Setting up network "progetto.DatabaseNetwork"...
Initializing...

Running simulation...
** Event #0   t=0   Elapsed: 4e-06s (0m 00s)  0% completed  (15% total)
     Speed:     ev/sec=0   simsec/sec=0   ev/simsec=0
     Messages:  created: 1200   present: 1200   in FES: 1201
** Event #2395407   t=10000   Elapsed: 0.872108s (0m 00s)  100% completed  (15% total)
     Speed:     ev/sec=2.74671e+06   simsec/sec=11466.5   ev/simsec=239.541
     Messages:  created: 1797756   present: 1206   in FES: 1203

<!> Simulation time limit reached -- at t=10000s, event #2395407

Calling finish() at end of Run #55...
undisposed object: (omnetpp::cMessage) DatabaseNetwork.table.ReadRequest -- check module destructor
undisposed object: (omnetpp::cMessage) DatabaseNetwork.table.ReadRequest -- check module destructor
undisposed object: (omnetpp::cMessage) DatabaseNetwork.table.ReadRequest -- check module destructor

Preparing for running configuration Uniform, run #56...
Scenario: $M=10, $N=1200, $p=0.8, $repetition=1
Assigned runID=Uniform-56-20260202-17:26:35-20515
Setting up network "progetto.DatabaseNetwork"...
Initializing...

Running simulation...
** Event #0   t=0   Elapsed: 4e-06s (0m 00s)  0% completed  (15% total)
     Speed:     ev/sec=0   simsec/sec=0   ev/simsec=0
     Messages:  created: 1200   present: 1200   in FES: 1201
** Event #2395459   t=10000   Elapsed: 0.901118s (0m 00s)  100% completed  (15% total)
     Speed:     ev/sec=2.65834e+06   simsec/sec=11097.4   ev/simsec=239.546
     Messages:  created: 1797795   present: 1206   in FES: 1203

<!> Simulation time limit reached -- at t=10000s, event #2395459

Calling finish() at end of Run #56...
undisposed object: (omnetpp::cMessage) DatabaseNetwork.table.WriteRequest -- check module destructor
undisposed object: (omnetpp::cMessage) DatabaseNetwork.table.ReadRequest -- check module destructor
undisposed object: (omnetpp::cMessage) DatabaseNetwork.table.ReadRequest -- check module destructor

Preparing for running configuration Uniform, run #57...
Scenario: $M=10, $N=1200, $p=0.8, $repetition=2
Assigned runID=Uniform-57-20260202-17:26:36-20515
Setting up network "progetto.DatabaseNetwork"...
Initializing...

Running simulation...
** Event #0   t=0   Elapsed: 4e-06s (0m 00s)  0% completed  (15% total)
     Speed:     ev/sec=0   simsec/sec=0   ev/simsec=0
     Messages:  created: 1200   present: 1200   in FES: 1201
** Event #2401287   t=10000   Elapsed: 0.907804s (0m 00s)  100% completed  (16% total)
     Speed:     ev/sec=2.64517e+06   simsec/sec=11015.6   ev/simsec=240.13
     Messages:  created: 1802167   present: 1213   in FES: 1206

<!> Simulation time limit reached -- at t=10000s, event #2401287

Calling finish() at end of Run #57...
undisposed object: (omnetpp::cMessage) DatabaseNetwork.table.ReadRequest -- check module destructor
undisposed object: (omnetpp::cMessage) DatabaseNetwork.table.ReadRequest -- check module destructor
undisposed object: (omnetpp::cMessage) DatabaseNetwork.table.ReadRequest -- check module destructor
undisposed object: (omnetpp::cMessage) DatabaseNetwork.table.ReadRequest -- check module destructor
undisposed object: (omnetpp::cMessage) DatabaseNetwork.table.ReadRequest -- check module destructor
undisposed object: (omnetpp::cMessage) DatabaseNetwork.table.WriteRequest -- check module destructor

Preparing for running configuration Uniform, run #58...
Scenario: $M=10, $N=1200, $p=0.8, $repetition=3
Assigned runID=Uniform-58-20260202-17:26:37-20515
Setting up network "progetto.DatabaseNetwork"...
Initializing...

Running simulation...
** Event #0   t=0   Elapsed: 5e-06s (0m 00s)  0% completed  (16% total)
     Speed:     ev/sec=0   simsec/sec=0   ev/simsec=0
     Messages:  created: 1200   present: 1200   in FES: 1201
** Event #2394381   t=10000   Elapsed: 0.877338s (0m 00s)  100% completed  (16% total)
     Speed:     ev/sec=2.72916e+06   simsec/sec=11398.2   ev/simsec=239.439
     Messages:  created: 1796988   present: 1212   in FES: 1206

<!> Simulation time limit reached -- at t=10000s, event #2394381

Calling finish() at end of Run #58...
undisposed object: (omnetpp::cMessage) DatabaseNetwork.table.ReadRequest -- check module destructor
undisposed object: (omnetpp::cMessage) DatabaseNetwork.table.ReadRequest -- check module destructor
undisposed object: (omnetpp::cMessage) DatabaseNetwork.table.ReadRequest -- check module destructor
undisposed object: (omnetpp::cMessage) DatabaseNetwork.table.ReadRequest -- check module destructor
undisposed object: (omnetpp::cMessage) DatabaseNetwork.table.ReadRequest -- check module destructor
undisposed object: (omnetpp::cMessage) DatabaseNetwork.table.WriteRequest -- check module destructor

Preparing for running configuration Uniform, run #59...
Scenario: $M=10, $N=1200, $p=0.8, $repetition=4
Assigned runID=Uniform-59-20260202-17:26:38-20515
Setting up network "progetto.DatabaseNetwork"...
Initializing...

Running simulation...
** Event #0   t=0   Elapsed: 5e-06s (0m 00s)  0% completed  (16% total)
     Speed:     ev/sec=0   simsec/sec=0   ev/simsec=0
     Messages:  created: 1200   present: 1200   in FES: 1201
** Event #2395163   t=10000   Elapsed: 0.880623s (0m 00s)  100% completed  (16% total)
     Speed:     ev/sec=2.71987e+06   simsec/sec=11355.7   ev/simsec=239.517
     Messages:  created: 1797574   present: 1210   in FES: 1205

<!> Simulation time limit reached -- at t=10000s, event #2395163

Calling finish() at end of Run #59...
undisposed object: (omnetpp::cMessage) DatabaseNetwork.table.WriteRequest -- check module destructor
undisposed object: (omnetpp::cMessage) DatabaseNetwork.table.WriteRequest -- check module destructor
undisposed object: (omnetpp::cMessage) DatabaseNetwork.table.ReadRequest -- check module destructor
undisposed object: (omnetpp::cMessage) DatabaseNetwork.table.ReadRequest -- check module destructor
undisposed object: (omnetpp::cMessage) DatabaseNetwork.table.ReadRequest -- check module destructor

Preparing for running configuration Uniform, run #60...
Scenario: $M=10, $N=1500, $p=0.3, $repetition=0
Assigned runID=Uniform-60-20260202-17:26:39-20515
Setting up network "progetto.DatabaseNetwork"...
Initializing...

Running simulation...
** Event #0   t=0   Elapsed: 5e-06s (0m 00s)  0% completed  (16% total)
     Speed:     ev/sec=0   simsec/sec=0   ev/simsec=0
     Messages:  created: 1500   present: 1500   in FES: 1501
** Event #2995225   t=10000   Elapsed: 1.19193s (0m 01s)  100% completed  (16% total)
     Speed:     ev/sec=2.51293e+06   simsec/sec=8389.8   ev/simsec=299.523
     Messages:  created: 2247917   present: 1523   in FES: 1507

<!> Simulation time limit reached -- at t=10000s, event #2995225

Calling finish() at end of Run #60...
undisposed object: (omnetpp::cMessage) DatabaseNetwork.table.WriteRequest -- check module destructor
undisposed object: (omnetpp::cMessage) DatabaseNetwork.table.WriteRequest -- check module destructor
undisposed object: (omnetpp::cMessage) DatabaseNetwork.table.WriteRequest -- check module destructor
undisposed object: (omnetpp::cMessage) DatabaseNetwork.table.WriteRequest -- check module destructor
undisposed object: (omnetpp::cMessage) DatabaseNetwork.table.WriteRequest -- check module destructor
undisposed object: (omnetpp::cMessage) DatabaseNetwork.table.WriteRequest -- check module destructor
undisposed object: (omnetpp::cMessage) DatabaseNetwork.table.ReadRequest -- check module destructor

Preparing for running configuration Uniform, run #61...
Scenario: $M=10, $N=1500, $p=0.3, $repetition=1
Assigned runID=Uniform-61-20260202-17:26:40-20515
Setting up network "progetto.DatabaseNetwork"...
Initializing...

Running simulation...
** Event #0   t=0   Elapsed: 6e-06s (0m 00s)  0% completed  (16% total)
     Speed:     ev/sec=0   simsec/sec=0   ev/simsec=0
     Messages:  created: 1500   present: 1500   in FES: 1501
** Event #2995141   t=10000   Elapsed: 1.22752s (0m 01s)  100% completed  (17% total)
     Speed:     ev/sec=2.44e+06   simsec/sec=8146.54   ev/simsec=299.514
     Messages:  created: 2247855   present: 1524   in FES: 1508

<!> Simulation time limit reached -- at t=10000s, event #2995141

Calling finish() at end of Run #61...
undisposed object: (omnetpp::cMessage) DatabaseNetwork.table.ReadRequest -- check module destructor
undisposed object: (omnetpp::cMessage) DatabaseNetwork.table.ReadRequest -- check module destructor
undisposed object: (omnetpp::cMessage) DatabaseNetwork.table.ReadRequest -- check module destructor
undisposed object: (omnetpp::cMessage) DatabaseNetwork.table.WriteRequest -- check module destructor
undisposed object: (omnetpp::cMessage) DatabaseNetwork.table.WriteRequest -- check module destructor
undisposed object: (omnetpp::cMessage) DatabaseNetwork.table.WriteRequest -- check module destructor
undisposed object: (omnetpp::cMessage) DatabaseNetwork.table.WriteRequest -- check module destructor
undisposed object: (omnetpp::cMessage) DatabaseNetwork.table.ReadRequest -- check module destructor

Preparing for running configuration Uniform, run #62...
Scenario: $M=10, $N=1500, $p=0.3, $repetition=2
Assigned runID=Uniform-62-20260202-17:26:42-20515
Setting up network "progetto.DatabaseNetwork"...
Initializing...

Running simulation...
** Event #0   t=0   Elapsed: 4e-06s (0m 00s)  0% completed  (17% total)
     Speed:     ev/sec=0   simsec/sec=0   ev/simsec=0
     Messages:  created: 1500   present: 1500   in FES: 1501
** Event #2999233   t=10000   Elapsed: 1.18881s (0m 01s)  100% completed  (17% total)
     Speed:     ev/sec=2.52291e+06   simsec/sec=8411.83   ev/simsec=299.923
     Messages:  created: 2250926   present: 1523   in FES: 1509

<!> Simulation time limit reached -- at t=10000s, event #2999233

Calling finish() at end of Run #62...
undisposed object: (omnetpp::cMessage) DatabaseNetwork.table.ReadRequest -- check module destructor
undisposed object: (omnetpp::cMessage) DatabaseNetwork.table.WriteRequest -- check module destructor
undisposed object: (omnetpp::cMessage) DatabaseNetwork.table.WriteRequest -- check module destructor
undisposed object: (omnetpp::cMessage) DatabaseNetwork.table.WriteRequest -- check module destructor
undisposed object: (omnetpp::cMessage) DatabaseNetwork.table.ReadRequest -- check module destructor
undisposed object: (omnetpp::cMessage) DatabaseNetwork.table.WriteRequest -- check module destructor
undisposed object: (omnetpp::cMessage) DatabaseNetwork.table.WriteRequest -- check module destructor
undisposed object: (omnetpp::cMessage) DatabaseNetwork.table.ReadRequest -- check module destructor
undisposed object: (omnetpp::cMessage) DatabaseNetwork.table.WriteRequest -- check module destructor

Preparing for running configuration Uniform, run #63...
Scenario: $M=10, $N=1500, $p=0.3, $repetition=3
Assigned runID=Uniform-63-20260202-17:26:43-20515
Setting up network "progetto.DatabaseNetwork"...
Initializing...

Running simulation...
** Event #0   t=0   Elapsed: 6e-06s (0m 00s)  0% completed  (17% total)
     Speed:     ev/sec=0   simsec/sec=0   ev/simsec=0
     Messages:  created: 1500   present: 1500   in FES: 1501
** Event #2992123   t=10000   Elapsed: 1.15314s (0m 01s)  100% completed  (17% total)
     Speed:     ev/sec=2.59479e+06   simsec/sec=8672.04   ev/simsec=299.213
     Messages:  created: 2245592   present: 1517   in FES: 1506

<!> Simulation time limit reached -- at t=10000s, event #2992123

Calling finish() at end of Run #63...
undisposed object: (omnetpp::cMessage) DatabaseNetwork.table.ReadRequest -- check module destructor
undisposed object: (omnetpp::cMessage) DatabaseNetwork.table.WriteRequest -- check module destructor
undisposed object: (omnetpp::cMessage) DatabaseNetwork.table.ReadRequest -- check module destructor
undisposed object: (omnetpp::cMessage) DatabaseNetwork.table.ReadRequest -- check module destructor
undisposed object: (omnetpp::cMessage) DatabaseNetwork.table.ReadRequest -- check module destructor
undisposed object: (omnetpp::cMessage) DatabaseNetwork.table.ReadRequest -- check module destructor

Preparing for running configuration Uniform, run #64...
Scenario: $M=10, $N=1500, $p=0.3, $repetition=4
Assigned runID=Uniform-64-20260202-17:26:44-20515
Setting up network "progetto.DatabaseNetwork"...
Initializing...

Running simulation...
** Event #0   t=0   Elapsed: 4e-06s (0m 00s)  0% completed  (17% total)
     Speed:     ev/sec=0   simsec/sec=0   ev/simsec=0
     Messages:  created: 1500   present: 1500   in FES: 1501
** Event #2993641   t=10000   Elapsed: 1.1752s (0m 01s)  100% completed  (18% total)
     Speed:     ev/sec=2.54736e+06   simsec/sec=8509.24   ev/simsec=299.364
     Messages:  created: 2246727   present: 1533   in FES: 1509

<!> Simulation time limit reached -- at t=10000s, event #2993641

Calling finish() at end of Run #64...
undisposed object: (omnetpp::cMessage) DatabaseNetwork.table.WriteRequest -- check module destructor
undisposed object: (omnetpp::cMessage) DatabaseNetwork.table.WriteRequest -- check module destructor
undisposed object: (omnetpp::cMessage) DatabaseNetwork.table.WriteRequest -- check module destructor
undisposed object: (omnetpp::cMessage) DatabaseNetwork.table.ReadRequest -- check module destructor
undisposed object: (omnetpp::cMessage) DatabaseNetwork.table.ReadRequest -- check module destructor
undisposed object: (omnetpp::cMessage) DatabaseNetwork.table.ReadRequest -- check module destructor
undisposed object: (omnetpp::cMessage) DatabaseNetwork.table.WriteRequest -- check module destructor
undisposed object: (omnetpp::cMessage) DatabaseNetwork.table.WriteRequest -- check module destructor
undisposed object: (omnetpp::cMessage) DatabaseNetwork.table.WriteRequest -- check module destructor

Preparing for running configuration Uniform, run #65...
Scenario: $M=10, $N=1500, $p=0.5, $repetition=0
Assigned runID=Uniform-65-20260202-17:26:46-20515
Setting up network "progetto.DatabaseNetwork"...
Initializing...

Running simulation...
** Event #0   t=0   Elapsed: 5e-06s (0m 00s)  0% completed  (18% total)
     Speed:     ev/sec=0   simsec/sec=0   ev/simsec=0
     Messages:  created: 1500   present: 1500   in FES: 1501
** Event #2995227   t=10000   Elapsed: 1.19674s (0m 01s)  100% completed  (18% total)
     Speed:     ev/sec=2.50283e+06   simsec/sec=8356.07   ev/simsec=299.523
     Messages:  created: 2247920   present: 1523   in FES: 1508

<!> Simulation time limit reached -- at t=10000s, event #2995227

Calling finish() at end of Run #65...
undisposed object: (omnetpp::cMessage) DatabaseNetwork.table.WriteRequest -- check module destructor
undisposed object: (omnetpp::cMessage) DatabaseNetwork.table.ReadRequest -- check module destructor
undisposed object: (omnetpp::cMessage) DatabaseNetwork.table.WriteRequest -- check module destructor
undisposed object: (omnetpp::cMessage) DatabaseNetwork.table.WriteRequest -- check module destructor
undisposed object: (omnetpp::cMessage) DatabaseNetwork.table.ReadRequest -- check module destructor
undisposed object: (omnetpp::cMessage) DatabaseNetwork.table.WriteRequest -- check module destructor
undisposed object: (omnetpp::cMessage) DatabaseNetwork.table.ReadRequest -- check module destructor
undisposed object: (omnetpp::cMessage) DatabaseNetwork.table.ReadRequest -- check module destructor

Preparing for running configuration Uniform, run #66...
Scenario: $M=10, $N=1500, $p=0.5, $repetition=1
Assigned runID=Uniform-66-20260202-17:26:47-20515
Setting up network "progetto.DatabaseNetwork"...
Initializing...

Running simulation...
** Event #0   t=0   Elapsed: 5e-06s (0m 00s)  0% completed  (18% total)
     Speed:     ev/sec=0   simsec/sec=0   ev/simsec=0
     Messages:  created: 1500   present: 1500   in FES: 1501
** Event #2995141   t=10000   Elapsed: 1.18692s (0m 01s)  100% completed  (18% total)
     Speed:     ev/sec=2.52347e+06   simsec/sec=8425.2   ev/simsec=299.514
     Messages:  created: 2247855   present: 1524   in FES: 1508

<!> Simulation time limit reached -- at t=10000s, event #2995141

Calling finish() at end of Run #66...
undisposed object: (omnetpp::cMessage) DatabaseNetwork.table.ReadRequest -- check module destructor
undisposed object: (omnetpp::cMessage) DatabaseNetwork.table.ReadRequest -- check module destructor
undisposed object: (omnetpp::cMessage) DatabaseNetwork.table.ReadRequest -- check module destructor
undisposed object: (omnetpp::cMessage) DatabaseNetwork.table.ReadRequest -- check module destructor
undisposed object: (omnetpp::cMessage) DatabaseNetwork.table.WriteRequest -- check module destructor
undisposed object: (omnetpp::cMessage) DatabaseNetwork.table.WriteRequest -- check module destructor
undisposed object: (omnetpp::cMessage) DatabaseNetwork.table.WriteRequest -- check module destructor
undisposed object: (omnetpp::cMessage) DatabaseNetwork.table.ReadRequest -- check module destructor

Preparing for running configuration Uniform, run #67...
Scenario: $M=10, $N=1500, $p=0.5, $repetition=2
Assigned runID=Uniform-67-20260202-17:26:48-20515
Setting up network "progetto.DatabaseNetwork"...
Initializing...

Running simulation...
** Event #0   t=0   Elapsed: 6e-06s (0m 00s)  0% completed  (18% total)
     Speed:     ev/sec=0   simsec/sec=0   ev/simsec=0
     Messages:  created: 1500   present: 1500   in FES: 1501
** Event #2999237   t=10000   Elapsed: 1.18896s (0m 01s)  100% completed  (18% total)
     Speed:     ev/sec=2.52258e+06   simsec/sec=8410.75   ev/simsec=299.924
     Messages:  created: 2250930   present: 1521   in FES: 1509

<!> Simulation time limit reached -- at t=10000s, event #2999237

Calling finish() at end of Run #67...
undisposed object: (omnetpp::cMessage) DatabaseNetwork.table.ReadRequest -- check module destructor
undisposed object: (omnetpp::cMessage) DatabaseNetwork.table.WriteRequest -- check module destructor
undisposed object: (omnetpp::cMessage) DatabaseNetwork.table.WriteRequest -- check module destructor
undisposed object: (omnetpp::cMessage) DatabaseNetwork.table.WriteRequest -- check module destructor
undisposed object: (omnetpp::cMessage) DatabaseNetwork.table.ReadRequest -- check module destructor
undisposed object: (omnetpp::cMessage) DatabaseNetwork.table.WriteRequest -- check module destructor
undisposed object: (omnetpp::cMessage) DatabaseNetwork.table.WriteRequest -- check module destructor
undisposed object: (omnetpp::cMessage) DatabaseNetwork.table.ReadRequest -- check module destructor
undisposed object: (omnetpp::cMessage) DatabaseNetwork.table.WriteRequest -- check module destructor

Preparing for running configuration Uniform, run #68...
Scenario: $M=10, $N=1500, $p=0.5, $repetition=3
Assigned runID=Uniform-68-20260202-17:26:49-20515
Setting up network "progetto.DatabaseNetwork"...
Initializing...

Running simulation...
** Event #0   t=0   Elapsed: 5e-06s (0m 00s)  0% completed  (18% total)
     Speed:     ev/sec=0   simsec/sec=0   ev/simsec=0
     Messages:  created: 1500   present: 1500   in FES: 1501
** Event #2992123   t=10000   Elapsed: 1.17238s (0m 01s)  100% completed  (19% total)
     Speed:     ev/sec=2.55219e+06   simsec/sec=8529.67   ev/simsec=299.213
     Messages:  created: 2245593   present: 1518   in FES: 1507

<!> Simulation time limit reached -- at t=10000s, event #2992123

Calling finish() at end of Run #68...
undisposed object: (omnetpp::cMessage) DatabaseNetwork.table.ReadRequest -- check module destructor
undisposed object: (omnetpp::cMessage) DatabaseNetwork.table.WriteRequest -- check module destructor
undisposed object: (omnetpp::cMessage) DatabaseNetwork.table.ReadRequest -- check module destructor
undisposed object: (omnetpp::cMessage) DatabaseNetwork.table.ReadRequest -- check module destructor
undisposed object: (omnetpp::cMessage) DatabaseNetwork.table.ReadRequest -- check module destructor
undisposed object: (omnetpp::cMessage) DatabaseNetwork.table.ReadRequest -- check module destructor
undisposed object: (omnetpp::cMessage) DatabaseNetwork.table.ReadRequest -- check module destructor

Preparing for running configuration Uniform, run #69...
Scenario: $M=10, $N=1500, $p=0.5, $repetition=4
Assigned runID=Uniform-69-20260202-17:26:51-20515
Setting up network "progetto.DatabaseNetwork"...
Initializing...

Running simulation...
** Event #0   t=0   Elapsed: 5e-06s (0m 00s)  0% completed  (19% total)
     Speed:     ev/sec=0   simsec/sec=0   ev/simsec=0
     Messages:  created: 1500   present: 1500   in FES: 1501
** Event #2993647   t=10000   Elapsed: 1.11547s (0m 01s)  100% completed  (19% total)
     Speed:     ev/sec=2.68377e+06   simsec/sec=8964.88   ev/simsec=299.365
     Messages:  created: 2246737   present: 1534   in FES: 1513

<!> Simulation time limit reached -- at t=10000s, event #2993647

Calling finish() at end of Run #69...
undisposed object: (omnetpp::cMessage) DatabaseNetwork.table.WriteRequest -- check module destructor
undisposed object: (omnetpp::cMessage) DatabaseNetwork.table.WriteRequest -- check module destructor
undisposed object: (omnetpp::cMessage) DatabaseNetwork.table.WriteRequest -- check module destructor
undisposed object: (omnetpp::cMessage) DatabaseNetwork.table.ReadRequest -- check module destructor
undisposed object: (omnetpp::cMessage) DatabaseNetwork.table.ReadRequest -- check module destructor
undisposed object: (omnetpp::cMessage) DatabaseNetwork.table.ReadRequest -- check module destructor
undisposed object: (omnetpp::cMessage) DatabaseNetwork.table.ReadRequest -- check module destructor
undisposed object: (omnetpp::cMessage) DatabaseNetwork.table.ReadRequest -- check module destructor
undisposed object: (omnetpp::cMessage) DatabaseNetwork.table.ReadRequest -- check module destructor
undisposed object: (omnetpp::cMessage) DatabaseNetwork.table.ReadRequest -- check module destructor
undisposed object: (omnetpp::cMessage) DatabaseNetwork.table.WriteRequest -- check module destructor
undisposed object: (omnetpp::cMessage) DatabaseNetwork.table.WriteRequest -- check module destructor
undisposed object: (omnetpp::cMessage) DatabaseNetwork.table.WriteRequest -- check module destructor

Preparing for running configuration Uniform, run #70...
Scenario: $M=10, $N=1500, $p=0.8, $repetition=0
Assigned runID=Uniform-70-20260202-17:26:52-20515
Setting up network "progetto.DatabaseNetwork"...
Initializing...

Running simulation...
** Event #0   t=0   Elapsed: 5e-06s (0m 00s)  0% completed  (19% total)
     Speed:     ev/sec=0   simsec/sec=0   ev/simsec=0
     Messages:  created: 1500   present: 1500   in FES: 1501
** Event #2995241   t=10000   Elapsed: 1.10501s (0m 01s)  100% completed  (19% total)
     Speed:     ev/sec=2.71062e+06   simsec/sec=9049.75   ev/simsec=299.524
     Messages:  created: 2247934   present: 1516   in FES: 1508

<!> Simulation time limit reached -- at t=10000s, event #2995241

Calling finish() at end of Run #70...
undisposed object: (omnetpp::cMessage) DatabaseNetwork.table.ReadRequest -- check module destructor
undisposed object: (omnetpp::cMessage) DatabaseNetwork.table.WriteRequest -- check module destructor
undisposed object: (omnetpp::cMessage) DatabaseNetwork.table.ReadRequest -- check module destructor
undisposed object: (omnetpp::cMessage) DatabaseNetwork.table.ReadRequest -- check module destructor
undisposed object: (omnetpp::cMessage) DatabaseNetwork.table.ReadRequest -- check module destructor
undisposed object: (omnetpp::cMessage) DatabaseNetwork.table.ReadRequest -- check module destructor
undisposed object: (omnetpp::cMessage) DatabaseNetwork.table.ReadRequest -- check module destructor
undisposed object: (omnetpp::cMessage) DatabaseNetwork.table.ReadRequest -- check module destructor

Preparing for running configuration Uniform, run #71...
Scenario: $M=10, $N=1500, $p=0.8, $repetition=1
Assigned runID=Uniform-71-20260202-17:26:53-20515
Setting up network "progetto.DatabaseNetwork"...
Initializing...

Running simulation...
** Event #0   t=0   Elapsed: 4e-06s (0m 00s)  0% completed  (19% total)
     Speed:     ev/sec=0   simsec/sec=0   ev/simsec=0
     Messages:  created: 1500   present: 1500   in FES: 1501
** Event #2995153   t=10000   Elapsed: 1.15357s (0m 01s)  100% completed  (20% total)
     Speed:     ev/sec=2.59644e+06   simsec/sec=8668.81   ev/simsec=299.515
     Messages:  created: 2247868   present: 1519   in FES: 1509

<!> Simulation time limit reached -- at t=10000s, event #2995153

Calling finish() at end of Run #71...
undisposed object: (omnetpp::cMessage) DatabaseNetwork.table.ReadRequest -- check module destructor
undisposed object: (omnetpp::cMessage) DatabaseNetwork.table.ReadRequest -- check module destructor
undisposed object: (omnetpp::cMessage) DatabaseNetwork.table.ReadRequest -- check module destructor
undisposed object: (omnetpp::cMessage) DatabaseNetwork.table.ReadRequest -- check module destructor
undisposed object: (omnetpp::cMessage) DatabaseNetwork.table.ReadRequest -- check module destructor
undisposed object: (omnetpp::cMessage) DatabaseNetwork.table.ReadRequest -- check module destructor
undisposed object: (omnetpp::cMessage) DatabaseNetwork.table.ReadRequest -- check module destructor
undisposed object: (omnetpp::cMessage) DatabaseNetwork.table.ReadRequest -- check module destructor
undisposed object: (omnetpp::cMessage) DatabaseNetwork.table.ReadRequest -- check module destructor

Preparing for running configuration Uniform, run #72...
Scenario: $M=10, $N=1500, $p=0.8, $repetition=2
Assigned runID=Uniform-72-20260202-17:26:54-20515
Setting up network "progetto.DatabaseNetwork"...
Initializing...

Running simulation...
** Event #0   t=0   Elapsed: 5e-06s (0m 00s)  0% completed  (20% total)
     Speed:     ev/sec=0   simsec/sec=0   ev/simsec=0
     Messages:  created: 1500   present: 1500   in FES: 1501
** Event #2999241   t=10000   Elapsed: 1.15197s (0m 01s)  100% completed  (20% total)
     Speed:     ev/sec=2.60359e+06   simsec/sec=8680.83   ev/simsec=299.924
     Messages:  created: 2250934   present: 1519   in FES: 1509

<!> Simulation time limit reached -- at t=10000s, event #2999241

Calling finish() at end of Run #72...
undisposed object: (omnetpp::cMessage) DatabaseNetwork.table.ReadRequest -- check module destructor
undisposed object: (omnetpp::cMessage) DatabaseNetwork.table.WriteRequest -- check module destructor
undisposed object: (omnetpp::cMessage) DatabaseNetwork.table.WriteRequest -- check module destructor
undisposed object: (omnetpp::cMessage) DatabaseNetwork.table.ReadRequest -- check module destructor
undisposed object: (omnetpp::cMessage) DatabaseNetwork.table.ReadRequest -- check module destructor
undisposed object: (omnetpp::cMessage) DatabaseNetwork.table.WriteRequest -- check module destructor
undisposed object: (omnetpp::cMessage) DatabaseNetwork.table.WriteRequest -- check module destructor
undisposed object: (omnetpp::cMessage) DatabaseNetwork.table.ReadRequest -- check module destructor
undisposed object: (omnetpp::cMessage) DatabaseNetwork.table.WriteRequest -- check module destructor

Preparing for running configuration Uniform, run #73...
Scenario: $M=10, $N=1500, $p=0.8, $repetition=3
Assigned runID=Uniform-73-20260202-17:26:55-20515
Setting up network "progetto.DatabaseNetwork"...
Initializing...

Running simulation...
** Event #0   t=0   Elapsed: 5e-06s (0m 00s)  0% completed  (20% total)
     Speed:     ev/sec=0   simsec/sec=0   ev/simsec=0
     Messages:  created: 1500   present: 1500   in FES: 1501
** Event #2992135   t=10000   Elapsed: 1.12028s (0m 01s)  100% completed  (20% total)
     Speed:     ev/sec=2.6709e+06   simsec/sec=8926.38   ev/simsec=299.214
     Messages:  created: 2245603   present: 1510   in FES: 1505

<!> Simulation time limit reached -- at t=10000s, event #2992135

Calling finish() at end of Run #73...
undisposed object: (omnetpp::cMessage) DatabaseNetwork.table.ReadRequest -- check module destructor
undisposed object: (omnetpp::cMessage) DatabaseNetwork.table.ReadRequest -- check module destructor
undisposed object: (omnetpp::cMessage) DatabaseNetwork.table.ReadRequest -- check module destructor
undisposed object: (omnetpp::cMessage) DatabaseNetwork.table.ReadRequest -- check module destructor
undisposed object: (omnetpp::cMessage) DatabaseNetwork.table.ReadRequest -- check module destructor

Preparing for running configuration Uniform, run #74...
Scenario: $M=10, $N=1500, $p=0.8, $repetition=4
Assigned runID=Uniform-74-20260202-17:26:57-20515
Setting up network "progetto.DatabaseNetwork"...
Initializing...

Running simulation...
** Event #0   t=0   Elapsed: 5e-06s (0m 00s)  0% completed  (20% total)
     Speed:     ev/sec=0   simsec/sec=0   ev/simsec=0
     Messages:  created: 1500   present: 1500   in FES: 1501
** Event #2993661   t=10000   Elapsed: 1.21699s (0m 01s)  100% completed  (20% total)
     Speed:     ev/sec=2.45991e+06   simsec/sec=8217.05   ev/simsec=299.366
     Messages:  created: 2246750   present: 1526   in FES: 1512

<!> Simulation time limit reached -- at t=10000s, event #2993661

Calling finish() at end of Run #74...
undisposed object: (omnetpp::cMessage) DatabaseNetwork.table.WriteRequest -- check module destructor
undisposed object: (omnetpp::cMessage) DatabaseNetwork.table.ReadRequest -- check module destructor
undisposed object: (omnetpp::cMessage) DatabaseNetwork.table.ReadRequest -- check module destructor
undisposed object: (omnetpp::cMessage) DatabaseNetwork.table.ReadRequest -- check module destructor
undisposed object: (omnetpp::cMessage) DatabaseNetwork.table.ReadRequest -- check module destructor
undisposed object: (omnetpp::cMessage) DatabaseNetwork.table.ReadRequest -- check module destructor
undisposed object: (omnetpp::cMessage) DatabaseNetwork.table.ReadRequest -- check module destructor
undisposed object: (omnetpp::cMessage) DatabaseNetwork.table.ReadRequest -- check module destructor
undisposed object: (omnetpp::cMessage) DatabaseNetwork.table.ReadRequest -- check module destructor
undisposed object: (omnetpp::cMessage) DatabaseNetwork.table.ReadRequest -- check module destructor
undisposed object: (omnetpp::cMessage) DatabaseNetwork.table.ReadRequest -- check module destructor
undisposed object: (omnetpp::cMessage) DatabaseNetwork.table.WriteRequest -- check module destructor

Preparing for running configuration Uniform, run #75...
Scenario: $M=10, $N=1600, $p=0.3, $repetition=0
Assigned runID=Uniform-75-20260202-17:26:58-20515
Setting up network "progetto.DatabaseNetwork"...
Initializing...

Running simulation...
** Event #0   t=0   Elapsed: 9e-06s (0m 00s)  0% completed  (20% total)
     Speed:     ev/sec=0   simsec/sec=0   ev/simsec=0
     Messages:  created: 1600   present: 1600   in FES: 1601
** Event #3194695   t=10000   Elapsed: 1.2926s (0m 01s)  100% completed  (21% total)
     Speed:     ev/sec=2.47154e+06   simsec/sec=7736.38   ev/simsec=319.47
     Messages:  created: 2397614   present: 1631   in FES: 1606

<!> Simulation time limit reached -- at t=10000s, event #3194695

Calling finish() at end of Run #75...
undisposed object: (omnetpp::cMessage) DatabaseNetwork.table.ReadRequest -- check module destructor
undisposed object: (omnetpp::cMessage) DatabaseNetwork.table.WriteRequest -- check module destructor
undisposed object: (omnetpp::cMessage) DatabaseNetwork.table.WriteRequest -- check module destructor
undisposed object: (omnetpp::cMessage) DatabaseNetwork.table.WriteRequest -- check module destructor
undisposed object: (omnetpp::cMessage) DatabaseNetwork.table.ReadRequest -- check module destructor
undisposed object: (omnetpp::cMessage) DatabaseNetwork.table.ReadRequest -- check module destructor

Preparing for running configuration Uniform, run #76...
Scenario: $M=10, $N=1600, $p=0.3, $repetition=1
Assigned runID=Uniform-76-20260202-17:26:59-20515
Setting up network "progetto.DatabaseNetwork"...
Initializing...

Running simulation...
** Event #0   t=0   Elapsed: 5e-06s (0m 00s)  0% completed  (21% total)
     Speed:     ev/sec=0   simsec/sec=0   ev/simsec=0
     Messages:  created: 1600   present: 1600   in FES: 1601
** Event #3195309   t=10000   Elapsed: 1.29313s (0m 01s)  100% completed  (21% total)
     Speed:     ev/sec=2.47099e+06   simsec/sec=7733.19   ev/simsec=319.531
     Messages:  created: 2398081   present: 1615   in FES: 1605

<!> Simulation time limit reached -- at t=10000s, event #3195309

Calling finish() at end of Run #76...
undisposed object: (omnetpp::cMessage) DatabaseNetwork.table.ReadRequest -- check module destructor
undisposed object: (omnetpp::cMessage) DatabaseNetwork.table.WriteRequest -- check module destructor
undisposed object: (omnetpp::cMessage) DatabaseNetwork.table.ReadRequest -- check module destructor
undisposed object: (omnetpp::cMessage) DatabaseNetwork.table.WriteRequest -- check module destructor
undisposed object: (omnetpp::cMessage) DatabaseNetwork.table.WriteRequest -- check module destructor

Preparing for running configuration Uniform, run #77...
Scenario: $M=10, $N=1600, $p=0.3, $repetition=2
Assigned runID=Uniform-77-20260202-17:27:01-20515
Setting up network "progetto.DatabaseNetwork"...
Initializing...

Running simulation...
** Event #0   t=0   Elapsed: 5e-06s (0m 00s)  0% completed  (21% total)
     Speed:     ev/sec=0   simsec/sec=0   ev/simsec=0
     Messages:  created: 1600   present: 1600   in FES: 1601
** Event #3200209   t=10000   Elapsed: 1.22003s (0m 01s)  100% completed  (21% total)
     Speed:     ev/sec=2.62306e+06   simsec/sec=8196.54   ev/simsec=320.021
     Messages:  created: 2401754   present: 1628   in FES: 1608

<!> Simulation time limit reached -- at t=10000s, event #3200209

Calling finish() at end of Run #77...
undisposed object: (omnetpp::cMessage) DatabaseNetwork.table.WriteRequest -- check module destructor
undisposed object: (omnetpp::cMessage) DatabaseNetwork.table.ReadRequest -- check module destructor
undisposed object: (omnetpp::cMessage) DatabaseNetwork.table.WriteRequest -- check module destructor
undisposed object: (omnetpp::cMessage) DatabaseNetwork.table.WriteRequest -- check module destructor
undisposed object: (omnetpp::cMessage) DatabaseNetwork.table.ReadRequest -- check module destructor
undisposed object: (omnetpp::cMessage) DatabaseNetwork.table.ReadRequest -- check module destructor
undisposed object: (omnetpp::cMessage) DatabaseNetwork.table.WriteRequest -- check module destructor
undisposed object: (omnetpp::cMessage) DatabaseNetwork.table.WriteRequest -- check module destructor

Preparing for running configuration Uniform, run #78...
Scenario: $M=10, $N=1600, $p=0.3, $repetition=3
Assigned runID=Uniform-78-20260202-17:27:02-20515
Setting up network "progetto.DatabaseNetwork"...
Initializing...

Running simulation...
** Event #0   t=0   Elapsed: 6e-06s (0m 00s)  0% completed  (21% total)
     Speed:     ev/sec=0   simsec/sec=0   ev/simsec=0
     Messages:  created: 1600   present: 1600   in FES: 1601
** Event #3192755   t=10000   Elapsed: 1.24754s (0m 01s)  100% completed  (21% total)
     Speed:     ev/sec=2.55926e+06   simsec/sec=8015.82   ev/simsec=319.276
     Messages:  created: 2396168   present: 1622   in FES: 1609

<!> Simulation time limit reached -- at t=10000s, event #3192755

Calling finish() at end of Run #78...
undisposed object: (omnetpp::cMessage) DatabaseNetwork.table.WriteRequest -- check module destructor
undisposed object: (omnetpp::cMessage) DatabaseNetwork.table.WriteRequest -- check module destructor
undisposed object: (omnetpp::cMessage) DatabaseNetwork.table.ReadRequest -- check module destructor
undisposed object: (omnetpp::cMessage) DatabaseNetwork.table.ReadRequest -- check module destructor
undisposed object: (omnetpp::cMessage) DatabaseNetwork.table.ReadRequest -- check module destructor
undisposed object: (omnetpp::cMessage) DatabaseNetwork.table.WriteRequest -- check module destructor
undisposed object: (omnetpp::cMessage) DatabaseNetwork.table.WriteRequest -- check module destructor
undisposed object: (omnetpp::cMessage) DatabaseNetwork.table.WriteRequest -- check module destructor
undisposed object: (omnetpp::cMessage) DatabaseNetwork.table.WriteRequest -- check module destructor

Preparing for running configuration Uniform, run #79...
Scenario: $M=10, $N=1600, $p=0.3, $repetition=4
Assigned runID=Uniform-79-20260202-17:27:03-20515
Setting up network "progetto.DatabaseNetwork"...
Initializing...

Running simulation...
** Event #0   t=0   Elapsed: 4e-06s (0m 00s)  0% completed  (21% total)
     Speed:     ev/sec=0   simsec/sec=0   ev/simsec=0
     Messages:  created: 1600   present: 1600   in FES: 1601
