\BOOKMARK [0][-]{chapter.1}{\376\377\000T\000h\000e\000o\000r\000e\000t\000i\000c\000a\000l\000\040\000V\000e\000r\000i\000f\000i\000c\000a\000t\000i\000o\000n}{}% 1
\BOOKMARK [1][-]{section.1.1}{\376\377\000Q\000u\000e\000u\000e\000i\000n\000g\000\040\000T\000h\000e\000o\000r\000y\000\040\000F\000u\000n\000d\000a\000m\000e\000n\000t\000a\000l\000s}{chapter.1}% 2
\BOOKMARK [2][-]{subsection.1.1.1}{\376\377\000B\000a\000s\000i\000c\000\040\000Q\000u\000e\000u\000e\000i\000n\000g\000\040\000S\000y\000s\000t\000e\000m}{section.1.1}% 3
\BOOKMARK [2][-]{subsection.1.1.2}{\376\377\000K\000e\000n\000d\000a\000l\000l\000'\000s\000\040\000N\000o\000t\000a\000t\000i\000o\000n}{section.1.1}% 4
\BOOKMARK [2][-]{subsection.1.1.3}{\376\377\000L\000i\000t\000t\000l\000e\000'\000s\000\040\000L\000a\000w}{section.1.1}% 5
\BOOKMARK [2][-]{subsection.1.1.4}{\376\377\000M\000/\000M\000/\0001\000\040\000Q\000u\000e\000u\000e\000\040\000A\000n\000a\000l\000y\000s\000i\000s}{section.1.1}% 6
\BOOKMARK [1][-]{section.1.2}{\376\377\000S\000y\000s\000t\000e\000m\000\040\000M\000o\000d\000e\000l}{chapter.1}% 7
\BOOKMARK [2][-]{subsection.1.2.1}{\376\377\000U\000s\000e\000r\000\040\000B\000e\000h\000a\000v\000i\000o\000r\000\040\000C\000y\000c\000l\000e}{section.1.2}% 8
\BOOKMARK [1][-]{section.1.3}{\376\377\000T\000h\000e\000o\000r\000e\000t\000i\000c\000a\000l\000\040\000M\000o\000d\000e\000l}{chapter.1}% 9
\BOOKMARK [2][-]{subsection.1.3.1}{\376\377\000U\000t\000i\000l\000i\000z\000a\000t\000i\000o\000n\000\040\000F\000o\000r\000m\000u\000l\000a}{section.1.3}% 10
\BOOKMARK [2][-]{subsection.1.3.2}{\376\377\000D\000e\000r\000i\000v\000a\000t\000i\000o\000n}{section.1.3}% 11
\BOOKMARK [1][-]{section.1.4}{\376\377\000N\000u\000m\000e\000r\000i\000c\000a\000l\000\040\000V\000e\000r\000i\000f\000i\000c\000a\000t\000i\000o\000n}{chapter.1}% 12
\BOOKMARK [2][-]{subsection.1.4.1}{\376\377\000S\000y\000s\000t\000e\000m\000\040\000P\000a\000r\000a\000m\000e\000t\000e\000r\000s}{section.1.4}% 13
\BOOKMARK [2][-]{subsection.1.4.2}{\376\377\000C\000o\000m\000p\000a\000r\000i\000s\000o\000n\000\040\000R\000e\000s\000u\000l\000t\000s}{section.1.4}% 14
\BOOKMARK [2][-]{subsection.1.4.3}{\376\377\000D\000e\000t\000a\000i\000l\000e\000d\000\040\000A\000n\000a\000l\000y\000s\000i\000s\000\040\000f\000o\000r\000\040\000K\000=\0005\0000\0000}{section.1.4}% 15
\BOOKMARK [1][-]{section.1.5}{\376\377\000M\000o\000d\000e\000l\000\040\000A\000s\000s\000u\000m\000p\000t\000i\000o\000n\000s\000\040\000a\000n\000d\000\040\000L\000i\000m\000i\000t\000a\000t\000i\000o\000n\000s}{chapter.1}% 16
\BOOKMARK [2][-]{subsection.1.5.1}{\376\377\000A\000s\000s\000u\000m\000p\000t\000i\000o\000n\000s}{section.1.5}% 17
\BOOKMARK [2][-]{subsection.1.5.2}{\376\377\000L\000i\000m\000i\000t\000a\000t\000i\000o\000n\000s}{section.1.5}% 18
\BOOKMARK [1][-]{section.1.6}{\376\377\000C\000l\000o\000s\000e\000d\000\040\000Q\000u\000e\000u\000e\000i\000n\000g\000\040\000N\000e\000t\000w\000o\000r\000k\000s\000\040\000T\000h\000e\000o\000r\000y}{chapter.1}% 19
\BOOKMARK [2][-]{subsection.1.6.1}{\376\377\000O\000p\000e\000n\000\040\000v\000s\000\040\000C\000l\000o\000s\000e\000d\000\040\000N\000e\000t\000w\000o\000r\000k\000s}{section.1.6}% 20
\BOOKMARK [2][-]{subsection.1.6.2}{\376\377\000G\000o\000r\000d\000o\000n\000-\000N\000e\000w\000e\000l\000l\000\040\000T\000h\000e\000o\000r\000e\000m}{section.1.6}% 21
\BOOKMARK [2][-]{subsection.1.6.3}{\376\377\000B\000u\000z\000e\000n\000'\000s\000\040\000C\000o\000n\000v\000o\000l\000u\000t\000i\000o\000n\000\040\000A\000l\000g\000o\000r\000i\000t\000h\000m}{section.1.6}% 22
\BOOKMARK [2][-]{subsection.1.6.4}{\376\377\000W\000h\000y\000\040\000B\000u\000z\000e\000n\000\040\000D\000o\000e\000s\000n\000'\000t\000\040\000A\000p\000p\000l\000y\000\040\000t\000o\000\040\000O\000u\000r\000\040\000S\000y\000s\000t\000e\000m}{section.1.6}% 23
\BOOKMARK [2][-]{subsection.1.6.5}{\376\377\000E\000x\000t\000e\000n\000d\000e\000d\000\040\000M\000o\000d\000e\000l\000:\000\040\000I\000n\000t\000e\000r\000a\000c\000t\000i\000v\000e\000\040\000S\000y\000s\000t\000e\000m\000s}{section.1.6}% 24
\BOOKMARK [1][-]{section.1.7}{\376\377\000R\000e\000s\000p\000o\000n\000s\000e\000\040\000T\000i\000m\000e\000\040\000a\000n\000d\000\040\000T\000h\000r\000o\000u\000g\000h\000p\000u\000t\000\040\000A\000n\000a\000l\000y\000s\000i\000s}{chapter.1}% 25
\BOOKMARK [2][-]{subsection.1.7.1}{\376\377\000S\000y\000s\000t\000e\000m\000\040\000T\000h\000r\000o\000u\000g\000h\000p\000u\000t}{section.1.7}% 26
\BOOKMARK [2][-]{subsection.1.7.2}{\376\377\000R\000e\000s\000p\000o\000n\000s\000e\000\040\000T\000i\000m\000e\000\040\000A\000n\000a\000l\000y\000s\000i\000s}{section.1.7}% 27
\BOOKMARK [2][-]{subsection.1.7.3}{\376\377\000I\000n\000t\000e\000r\000a\000c\000t\000i\000v\000e\000\040\000R\000e\000s\000p\000o\000n\000s\000e\000\040\000T\000i\000m\000e\000\040\000L\000a\000w}{section.1.7}% 28
\BOOKMARK [2][-]{subsection.1.7.4}{\376\377\000B\000o\000t\000t\000l\000e\000n\000e\000c\000k\000\040\000A\000n\000a\000l\000y\000s\000i\000s}{section.1.7}% 29
\BOOKMARK [1][-]{section.1.8}{\376\377\000W\000h\000y\000\040\000B\000u\000z\000e\000n\000'\000s\000\040\000A\000l\000g\000o\000r\000i\000t\000h\000m\000\040\000D\000o\000e\000s\000n\000'\000t\000\040\000A\000p\000p\000l\000y}{chapter.1}% 30
\BOOKMARK [1][-]{section.1.9}{\376\377\000C\000o\000n\000c\000l\000u\000s\000i\000o\000n\000s}{chapter.1}% 31
\BOOKMARK [2][-]{subsection.1.9.1}{\376\377\000K\000e\000y\000\040\000I\000n\000s\000i\000g\000h\000t\000s}{section.1.9}% 32
\BOOKMARK [2][-]{subsection.1.9.2}{\376\377\000F\000o\000r\000m\000u\000l\000a\000\040\000S\000u\000m\000m\000a\000r\000y}{section.1.9}% 33
\BOOKMARK [2][-]{subsection.1.9.3}{\376\377\000R\000e\000f\000e\000r\000e\000n\000c\000e\000s}{section.1.9}% 34
